2024-03-22 00:25:00.322 [info] Log level: Info
2024-03-22 00:25:00.377 [info] VSCODE_MACHINE_ID: bc6b13ee-852c-42e2-968d-e4283f3c8f90
2024-03-22 00:25:00.377 [info] VSCODE_SESSION_ID: d54109b1-f83a-4711-b01f-ecbad56dc48c1711067074893
2024-03-22 00:25:00.377 [info] VSCODE_VERSION: 1.87.1
2024-03-22 00:25:00.377 [info] VSCODE_APP_NAME: Gitpod Code
2024-03-22 00:25:00.377 [info] VSCODE_APP_HOST: Gitpod
2024-03-22 00:25:00.377 [info] VSCODE_UI_KIND: web
2024-03-22 00:25:00.377 [info] GITPOD_WORKSPACE_CONTEXT_URL: https://github.com/uwidcit/info2602a2
2024-03-22 00:25:00.377 [info] GITPOD_INSTANCE_ID: 80518e9c-7c84-4c22-87ce-0f1dd2eba73e
2024-03-22 00:25:00.377 [info] GITPOD_WORKSPACE_URL: https://uwidcit-info2602a2-54yxl57ljoz.ws-us110.gitpod.io
2024-03-22 00:25:00.383 [info] Gitpod Web 4e069a6
2024-03-22 00:25:00.383 [info] Reading sessions from keychain...
2024-03-22 00:25:01.114 [info] Getting sessions for all scopes...
2024-03-22 00:25:01.114 [info] Getting GitHub sessions for all scopes...
2024-03-22 00:25:01.114 [info] Getting sessions for function:accessCodeSyncStorage...
2024-03-22 00:25:01.114 [info] Got 1 GitHub sessions for all scopes...
2024-03-22 00:25:01.114 [info] Got stored sessions!
2024-03-22 00:25:01.114 [info] Verified session with the following scopes: function:accessCodeSyncStorage function:closePort function:controlAdmission function:deleteEnvVar function:generateNewGitpodToken function:getDefaultWorkspaceImage function:getEnvVars function:getGitpodTokenScopes function:getIDToken function:getLoggedInUser function:getOpenPorts function:getSupportedWorkspaceClasses function:getTeams function:getToken function:getWorkspace function:getWorkspaceEnvVars function:getWorkspaceOwner function:getWorkspaceTimeout function:getWorkspaceUsers function:guessGitTokenScopes function:isWorkspaceOwner function:openPort function:sendHeartBeat function:setEnvVar function:setWorkspaceTimeout function:stopWorkspace function:takeSnapshot function:trackEvent function:updateGitStatus function:waitForSnapshot resource:contentBlob::*::create/get resource:envVar::uwidcit/info2602a2::create/get/update/delete resource:gitpodToken::*::create resource:snapshot::ws-uwidcit-info2602a2-54yxl57ljoz::create resource:token::*::get resource:userStorage::*::create/get/update resource:workspace::uwidcit-info2602a2-54yxl57ljoz::get/update resource:workspaceInstance::80518e9c-7c84-4c22-87ce-0f1dd2eba73e::get/update/delete
2024-03-22 00:25:01.114 [info] Got 1 verified sessions.
2024-03-22 00:25:01.114 [info] Got 1 sessions for all scopes...
2024-03-22 00:25:01.114 [info] Got 1 sessions for function:accessCodeSyncStorage...
2024-03-22 00:25:01.316 [info] Getting GitHub sessions for all scopes...
2024-03-22 00:25:01.316 [info] Got 1 GitHub sessions for all scopes...
2024-03-22 00:25:03.836 [info] Getting GitHub sessions for all scopes...
2024-03-22 00:25:03.836 [info] Getting sessions for all scopes...
2024-03-22 00:25:03.836 [info] Got 1 GitHub sessions for all scopes...
2024-03-22 00:25:03.836 [info] Got 1 sessions for all scopes...
2024-03-22 00:25:04.178 [info] Getting GitHub sessions for read:user,repo,user:email,workflow...
2024-03-22 00:25:04.199 [info] Got 0 GitHub sessions for read:user,repo,user:email,workflow...
2024-03-22 00:25:07.522 [info] Getting GitHub sessions for project,read:org,read:user,repo,user:email,workflow...
2024-03-22 00:25:07.522 [info] Got 0 GitHub sessions for project,read:org,read:user,repo,user:email,workflow...
2024-03-22 00:25:10.632 [info] Getting GitHub sessions for read:user,repo,user:email,workflow...
2024-03-22 00:25:10.632 [info] Got 0 GitHub sessions for read:user,repo,user:email,workflow...
2024-03-22 00:25:11.093 [info] Getting GitHub sessions for read:user,repo,user:email...
2024-03-22 00:25:11.093 [info] Got 0 GitHub sessions for read:user,repo,user:email...
2024-03-22 00:25:12.281 [info] Getting GitHub sessions for read:user,repo,user:email,workflow...
2024-03-22 00:25:12.281 [info] Got 0 GitHub sessions for read:user,repo,user:email,workflow...
