2024-03-19 03:03:33.997 [info] Log level: Info
2024-03-19 03:03:33.997 [info] VSCODE_MACHINE_ID: bc6b13ee-852c-42e2-968d-e4283f3c8f90
2024-03-19 03:03:33.997 [info] VSCODE_SESSION_ID: bff8d630-5b87-4016-a350-5da0bfbdbfb71710817408269
2024-03-19 03:03:33.997 [info] VSCODE_VERSION: 1.87.0
2024-03-19 03:03:33.997 [info] VSCODE_APP_NAME: Gitpod Code
2024-03-19 03:03:33.997 [info] VSCODE_APP_HOST: Gitpod
2024-03-19 03:03:33.997 [info] VSCODE_UI_KIND: web
2024-03-19 03:03:33.997 [info] GITPOD_WORKSPACE_CONTEXT_URL: https://github.com/uwidcit/info2602a2
2024-03-19 03:03:33.997 [info] GITPOD_INSTANCE_ID: e2582ea7-752a-4c36-bd22-f242b6e628bd
2024-03-19 03:03:33.997 [info] GITPOD_WORKSPACE_URL: https://uwidcit-info2602a2-54yxl57ljoz.ws-us110.gitpod.io
2024-03-19 03:03:33.997 [info] Gitpod Web 4e069a6
2024-03-19 03:03:33.997 [info] Reading sessions from keychain...
2024-03-19 03:03:34.610 [info] Getting sessions for all scopes...
2024-03-19 03:03:34.610 [info] Getting GitHub sessions for all scopes...
2024-03-19 03:03:34.610 [info] Got 1 GitHub sessions for all scopes...
2024-03-19 03:03:34.611 [info] Got stored sessions!
2024-03-19 03:03:34.611 [info] Verified session with the following scopes: function:accessCodeSyncStorage function:closePort function:controlAdmission function:deleteEnvVar function:generateNewGitpodToken function:getDefaultWorkspaceImage function:getEnvVars function:getGitpodTokenScopes function:getIDToken function:getLoggedInUser function:getOpenPorts function:getSupportedWorkspaceClasses function:getTeams function:getToken function:getWorkspace function:getWorkspaceEnvVars function:getWorkspaceOwner function:getWorkspaceTimeout function:getWorkspaceUsers function:guessGitTokenScopes function:isWorkspaceOwner function:openPort function:sendHeartBeat function:setEnvVar function:setWorkspaceTimeout function:stopWorkspace function:takeSnapshot function:trackEvent function:updateGitStatus function:waitForSnapshot resource:contentBlob::*::create/get resource:envVar::uwidcit/info2602a2::create/get/update/delete resource:gitpodToken::*::create resource:snapshot::ws-uwidcit-info2602a2-54yxl57ljoz::create resource:token::*::get resource:userStorage::*::create/get/update resource:workspace::uwidcit-info2602a2-54yxl57ljoz::get/update resource:workspaceInstance::e2582ea7-752a-4c36-bd22-f242b6e628bd::get/update/delete
2024-03-19 03:03:34.614 [info] Got 1 verified sessions.
2024-03-19 03:03:34.614 [info] Got 1 sessions for all scopes...
2024-03-19 03:03:36.562 [info] Getting GitHub sessions for all scopes...
2024-03-19 03:03:36.562 [info] Getting sessions for all scopes...
2024-03-19 03:03:36.562 [info] Got 1 GitHub sessions for all scopes...
2024-03-19 03:03:36.562 [info] Got 1 sessions for all scopes...
2024-03-19 03:03:36.975 [info] Getting GitHub sessions for read:user,repo,user:email,workflow...
2024-03-19 03:03:36.975 [info] Got 0 GitHub sessions for read:user,repo,user:email,workflow...
2024-03-19 03:03:37.592 [info] Getting GitHub sessions for project,read:org,read:user,repo,user:email,workflow...
2024-03-19 03:03:37.592 [info] Got 0 GitHub sessions for project,read:org,read:user,repo,user:email,workflow...
2024-03-19 03:03:37.965 [info] Getting GitHub sessions for read:user,repo,user:email,workflow...
2024-03-19 03:03:37.965 [info] Got 0 GitHub sessions for read:user,repo,user:email,workflow...
2024-03-19 03:03:41.573 [info] Getting sessions for all scopes...
2024-03-19 03:03:41.573 [info] Getting GitHub sessions for all scopes...
2024-03-19 03:03:41.573 [info] Got 1 sessions for all scopes...
2024-03-19 03:03:41.573 [info] Got 1 GitHub sessions for all scopes...
2024-03-19 03:03:41.691 [info] Getting GitHub sessions for read:user,repo,user:email...
2024-03-19 03:03:41.691 [info] Got 0 GitHub sessions for read:user,repo,user:email...
2024-03-19 03:03:41.708 [info] Getting sessions for all scopes...
2024-03-19 03:03:41.708 [info] Getting GitHub sessions for all scopes...
2024-03-19 03:03:41.708 [info] Got 1 sessions for all scopes...
2024-03-19 03:03:41.708 [info] Got 1 GitHub sessions for all scopes...
2024-03-19 03:03:42.137 [info] Getting GitHub sessions for read:user,repo,user:email,workflow...
2024-03-19 03:03:42.137 [info] Got 0 GitHub sessions for read:user,repo,user:email,workflow...
2024-03-19 03:03:43.841 [info] Getting GitHub sessions for all scopes...
2024-03-19 03:03:43.842 [info] Got 1 GitHub sessions for all scopes...
2024-03-19 03:03:44.159 [info] Getting sessions for function:accessCodeSyncStorage...
2024-03-19 03:03:44.162 [info] Got 1 sessions for function:accessCodeSyncStorage...
