2024-03-17 14:02:49.603 [info] Log level: Info
2024-03-17 14:02:49.603 [info] VSCODE_MACHINE_ID: bc6b13ee-852c-42e2-968d-e4283f3c8f90
2024-03-17 14:02:49.603 [info] VSCODE_SESSION_ID: b6f36a57-8c66-4548-90f4-461e4f5c86271710684163282
2024-03-17 14:02:49.603 [info] VSCODE_VERSION: 1.87.0
2024-03-17 14:02:49.603 [info] VSCODE_APP_NAME: Gitpod Code
2024-03-17 14:02:49.603 [info] VSCODE_APP_HOST: Gitpod
2024-03-17 14:02:49.603 [info] VSCODE_UI_KIND: web
2024-03-17 14:02:49.603 [info] GITPOD_WORKSPACE_CONTEXT_URL: https://github.com/uwidcit/info2602a2
2024-03-17 14:02:49.603 [info] GITPOD_INSTANCE_ID: b9e9c496-be47-46c7-ac7f-56251d5dfe75
2024-03-17 14:02:49.603 [info] GITPOD_WORKSPACE_URL: https://uwidcit-info2602a2-54yxl57ljoz.ws-us110.gitpod.io
2024-03-17 14:02:49.603 [info] Gitpod Web 4e069a6
2024-03-17 14:02:49.603 [info] Reading sessions from keychain...
2024-03-17 14:02:49.869 [info] Getting sessions for all scopes...
2024-03-17 14:02:49.869 [info] Getting GitHub sessions for all scopes...
2024-03-17 14:02:49.869 [info] Getting sessions for function:accessCodeSyncStorage...
2024-03-17 14:02:49.869 [info] Got stored sessions!
2024-03-17 14:02:49.869 [info] Verified session with the following scopes: function:accessCodeSyncStorage function:closePort function:controlAdmission function:deleteEnvVar function:generateNewGitpodToken function:getDefaultWorkspaceImage function:getEnvVars function:getGitpodTokenScopes function:getIDToken function:getLoggedInUser function:getOpenPorts function:getSupportedWorkspaceClasses function:getTeams function:getToken function:getWorkspace function:getWorkspaceEnvVars function:getWorkspaceOwner function:getWorkspaceTimeout function:getWorkspaceUsers function:guessGitTokenScopes function:isWorkspaceOwner function:openPort function:sendHeartBeat function:setEnvVar function:setWorkspaceTimeout function:stopWorkspace function:takeSnapshot function:trackEvent function:updateGitStatus function:waitForSnapshot resource:contentBlob::*::create/get resource:envVar::uwidcit/info2602a2::create/get/update/delete resource:gitpodToken::*::create resource:snapshot::ws-uwidcit-info2602a2-54yxl57ljoz::create resource:token::*::get resource:userStorage::*::create/get/update resource:workspace::uwidcit-info2602a2-54yxl57ljoz::get/update resource:workspaceInstance::b9e9c496-be47-46c7-ac7f-56251d5dfe75::get/update/delete
2024-03-17 14:02:49.870 [info] Got 1 verified sessions.
2024-03-17 14:02:49.870 [info] Got 1 sessions for all scopes...
2024-03-17 14:02:49.870 [info] Got 1 sessions for function:accessCodeSyncStorage...
2024-03-17 14:02:49.883 [info] Getting GitHub sessions for all scopes...
2024-03-17 14:02:49.963 [info] Got 1 GitHub sessions for all scopes...
2024-03-17 14:02:49.963 [info] Got 1 GitHub sessions for all scopes...
2024-03-17 14:02:52.045 [info] Getting sessions for all scopes...
2024-03-17 14:02:52.045 [info] Got 1 sessions for all scopes...
2024-03-17 14:02:52.046 [info] Getting GitHub sessions for all scopes...
2024-03-17 14:02:52.046 [info] Got 1 GitHub sessions for all scopes...
2024-03-17 14:02:52.891 [info] Getting GitHub sessions for read:user,repo,user:email,workflow...
2024-03-17 14:02:52.891 [info] Got 0 GitHub sessions for read:user,repo,user:email,workflow...
2024-03-17 14:02:58.305 [info] Getting GitHub sessions for project,read:org,read:user,repo,user:email,workflow...
2024-03-17 14:02:58.305 [info] Got 0 GitHub sessions for project,read:org,read:user,repo,user:email,workflow...
2024-03-17 14:02:58.796 [info] Getting GitHub sessions for read:user,repo,user:email,workflow...
2024-03-17 14:02:58.797 [info] Got 0 GitHub sessions for read:user,repo,user:email,workflow...
2024-03-17 14:02:59.307 [info] Getting GitHub sessions for read:user,repo,user:email...
2024-03-17 14:02:59.307 [info] Got 0 GitHub sessions for read:user,repo,user:email...
2024-03-17 14:02:59.689 [info] Getting GitHub sessions for read:user,repo,user:email,workflow...
2024-03-17 14:02:59.689 [info] Got 0 GitHub sessions for read:user,repo,user:email,workflow...
