2024-03-21 01:20:02.552 [info] Default formatter is set to null for workspace /workspace/info2602a2
2024-03-21 01:20:02.555 [info] Test server listening.
2024-03-21 01:20:02.604 [info] > ~/.pyenv/shims/python -I /workspace/.vscode-remote/extensions/ms-python.python-2024.2.1-universal/pythonFiles/get_output_via_markers.py /workspace/.vscode-remote/extensions/ms-python.python-2024.2.1-universal/pythonFiles/interpreterInfo.py
2024-03-21 01:20:02.687 [info] Python interpreter path: ~/.pyenv/shims/python
2024-03-21 01:20:05.295 [info] Starting Jedi language server for info2602a2.
2024-03-21 01:24:51.179 [info] Discover tests for workspace name: info2602a2 - uri: /workspace/info2602a2/wsgi.py
2024-03-21 01:24:54.296 [info] Discover tests for workspace name: info2602a2 - uri: /workspace/info2602a2/wsgi.py
2024-03-21 01:25:33.946 [info] Discover tests for workspace name: info2602a2 - uri: /workspace/info2602a2/App/app.py
2024-03-21 01:25:39.957 [info] Discover tests for workspace name: info2602a2 - uri: /workspace/info2602a2/App/app.py
2024-03-21 01:25:43.305 [info] Discover tests for workspace name: info2602a2 - uri: /workspace/info2602a2/App/app.py
2024-03-21 01:25:48.724 [info] Discover tests for workspace name: info2602a2 - uri: /workspace/info2602a2/App/app.py
2024-03-21 01:26:18.500 [info] Discover tests for workspace name: info2602a2 - uri: /workspace/info2602a2/App/app.py
2024-03-21 01:26:19.948 [info] Discover tests for workspace name: info2602a2 - uri: /workspace/info2602a2/App/app.py
2024-03-21 01:26:28.772 [info] Discover tests for workspace name: info2602a2 - uri: /workspace/info2602a2/App/app.py
2024-03-21 01:27:28.456 [info] Discover tests for workspace name: info2602a2 - uri: /workspace/info2602a2/App/app.py
2024-03-21 01:27:31.283 [info] Discover tests for workspace name: info2602a2 - uri: /workspace/info2602a2/App/app.py
2024-03-21 01:28:35.129 [info] Discover tests for workspace name: info2602a2 - uri: /workspace/info2602a2/App/app.py
2024-03-21 01:28:37.877 [info] Discover tests for workspace name: info2602a2 - uri: /workspace/info2602a2/App/app.py
2024-03-21 01:29:02.603 [info] Discover tests for workspace name: info2602a2 - uri: /workspace/info2602a2/App/app.py
2024-03-21 01:29:11.294 [info] Discover tests for workspace name: info2602a2 - uri: /workspace/info2602a2/App/app.py
2024-03-21 01:29:19.519 [info] Discover tests for workspace name: info2602a2 - uri: /workspace/info2602a2/App/app.py
2024-03-21 01:29:24.644 [info] Discover tests for workspace name: info2602a2 - uri: /workspace/info2602a2/App/app.py
2024-03-21 01:30:14.503 [info] Discover tests for workspace name: info2602a2 - uri: /workspace/info2602a2/App/app.py
2024-03-21 01:30:17.069 [info] Discover tests for workspace name: info2602a2 - uri: /workspace/info2602a2/App/app.py
2024-03-21 01:30:19.758 [info] Discover tests for workspace name: info2602a2 - uri: /workspace/info2602a2/App/app.py
2024-03-21 01:31:29.562 [info] Discover tests for workspace name: info2602a2 - uri: /workspace/info2602a2/App/app.py
2024-03-21 01:31:34.121 [info] Discover tests for workspace name: info2602a2 - uri: /workspace/info2602a2/App/app.py
2024-03-21 01:31:46.475 [info] Discover tests for workspace name: info2602a2 - uri: /workspace/info2602a2/App/app.py
2024-03-21 01:31:49.309 [info] Discover tests for workspace name: info2602a2 - uri: /workspace/info2602a2/App/app.py
2024-03-21 01:32:09.203 [info] Discover tests for workspace name: info2602a2 - uri: /workspace/info2602a2/App/app.py
2024-03-21 01:32:49.397 [info] Discover tests for workspace name: info2602a2 - uri: /workspace/info2602a2/App/app.py
2024-03-21 01:33:03.301 [info] Discover tests for workspace name: info2602a2 - uri: /workspace/info2602a2/App/app.py
2024-03-21 01:35:13.041 [info] Discover tests for workspace name: info2602a2 - uri: /workspace/info2602a2/App/app.py
2024-03-21 01:35:15.941 [info] Discover tests for workspace name: info2602a2 - uri: /workspace/info2602a2/App/app.py
2024-03-21 01:35:21.176 [info] Discover tests for workspace name: info2602a2 - uri: /workspace/info2602a2/App/app.py
2024-03-21 01:35:26.805 [info] Discover tests for workspace name: info2602a2 - uri: /workspace/info2602a2/App/app.py
2024-03-21 01:35:27.892 [info] Discover tests for workspace name: info2602a2 - uri: /workspace/info2602a2/App/app.py
2024-03-21 01:35:35.908 [info] Discover tests for workspace name: info2602a2 - uri: /workspace/info2602a2/App/app.py
2024-03-21 01:36:12.339 [info] Discover tests for workspace name: info2602a2 - uri: /workspace/info2602a2/App/app.py
2024-03-21 01:36:15.315 [info] Discover tests for workspace name: info2602a2 - uri: /workspace/info2602a2/App/app.py
2024-03-21 01:36:35.098 [info] Discover tests for workspace name: info2602a2 - uri: /workspace/info2602a2/App/app.py
2024-03-21 01:37:52.364 [info] Discover tests for workspace name: info2602a2 - uri: /workspace/info2602a2/App/app.py
2024-03-21 01:37:53.879 [info] Discover tests for workspace name: info2602a2 - uri: /workspace/info2602a2/App/app.py
2024-03-21 01:37:55.419 [info] Discover tests for workspace name: info2602a2 - uri: /workspace/info2602a2/App/app.py
2024-03-21 01:37:57.850 [info] Discover tests for workspace name: info2602a2 - uri: /workspace/info2602a2/App/app.py
2024-03-21 01:38:02.589 [info] Discover tests for workspace name: info2602a2 - uri: /workspace/info2602a2/App/app.py
2024-03-21 01:38:05.679 [info] Discover tests for workspace name: info2602a2 - uri: /workspace/info2602a2/App/app.py
2024-03-21 01:38:10.515 [info] Discover tests for workspace name: info2602a2 - uri: /workspace/info2602a2/App/app.py
2024-03-21 01:38:16.406 [info] Discover tests for workspace name: info2602a2 - uri: /workspace/info2602a2/App/app.py
2024-03-21 01:38:40.128 [info] Discover tests for workspace name: info2602a2 - uri: /workspace/info2602a2/App/app.py
2024-03-21 01:38:44.203 [info] Discover tests for workspace name: info2602a2 - uri: /workspace/info2602a2/App/app.py
2024-03-21 01:38:45.581 [info] Discover tests for workspace name: info2602a2 - uri: /workspace/info2602a2/App/app.py
2024-03-21 01:39:27.339 [info] Discover tests for workspace name: info2602a2 - uri: /workspace/info2602a2/wsgi.py
2024-03-21 01:39:36.019 [info] Discover tests for workspace name: info2602a2 - uri: /workspace/info2602a2/wsgi.py
2024-03-21 01:39:38.747 [info] Discover tests for workspace name: info2602a2 - uri: /workspace/info2602a2/wsgi.py
2024-03-21 01:39:43.280 [info] Discover tests for workspace name: info2602a2 - uri: /workspace/info2602a2/wsgi.py
2024-03-21 01:39:46.390 [info] Discover tests for workspace name: info2602a2 - uri: /workspace/info2602a2/wsgi.py
2024-03-21 01:39:58.856 [info] Discover tests for workspace name: info2602a2 - uri: /workspace/info2602a2/wsgi.py
2024-03-21 01:40:00.127 [info] Discover tests for workspace name: info2602a2 - uri: /workspace/info2602a2/wsgi.py
2024-03-21 01:40:06.576 [info] Discover tests for workspace name: info2602a2 - uri: /workspace/info2602a2/wsgi.py
2024-03-21 01:40:09.798 [info] Discover tests for workspace name: info2602a2 - uri: /workspace/info2602a2/wsgi.py
2024-03-21 01:40:13.467 [info] Discover tests for workspace name: info2602a2 - uri: /workspace/info2602a2/wsgi.py
2024-03-21 01:40:16.644 [info] Discover tests for workspace name: info2602a2 - uri: /workspace/info2602a2/wsgi.py
2024-03-21 01:40:19.250 [info] Discover tests for workspace name: info2602a2 - uri: /workspace/info2602a2/wsgi.py
2024-03-21 01:41:30.312 [info] Discover tests for workspace name: info2602a2 - uri: /workspace/info2602a2/wsgi.py
2024-03-21 01:41:40.615 [info] Discover tests for workspace name: info2602a2 - uri: /workspace/info2602a2/wsgi.py
2024-03-21 01:41:50.527 [info] Discover tests for workspace name: info2602a2 - uri: /workspace/info2602a2/wsgi.py
2024-03-21 01:42:19.656 [info] Discover tests for workspace name: info2602a2 - uri: /workspace/info2602a2/wsgi.py
2024-03-21 01:42:21.119 [info] Discover tests for workspace name: info2602a2 - uri: /workspace/info2602a2/wsgi.py
2024-03-21 01:42:22.299 [info] Discover tests for workspace name: info2602a2 - uri: /workspace/info2602a2/wsgi.py
2024-03-21 01:42:26.523 [info] Discover tests for workspace name: info2602a2 - uri: /workspace/info2602a2/wsgi.py
2024-03-21 01:42:30.514 [info] Discover tests for workspace name: info2602a2 - uri: /workspace/info2602a2/wsgi.py
2024-03-21 01:42:31.343 [info] Discover tests for workspace name: info2602a2 - uri: /workspace/info2602a2/wsgi.py
2024-03-21 01:42:34.135 [info] Discover tests for workspace name: info2602a2 - uri: /workspace/info2602a2/wsgi.py
2024-03-21 01:43:01.361 [info] Discover tests for workspace name: info2602a2 - uri: /workspace/info2602a2/wsgi.py
2024-03-21 01:43:59.698 [info] Discover tests for workspace name: info2602a2 - uri: /workspace/info2602a2/wsgi.py
2024-03-21 01:44:10.116 [info] Discover tests for workspace name: info2602a2 - uri: /workspace/info2602a2/wsgi.py
2024-03-21 01:44:25.025 [info] Discover tests for workspace name: info2602a2 - uri: /workspace/info2602a2/wsgi.py
2024-03-21 01:44:27.629 [info] Discover tests for workspace name: info2602a2 - uri: /workspace/info2602a2/wsgi.py
2024-03-21 01:44:31.853 [info] Discover tests for workspace name: info2602a2 - uri: /workspace/info2602a2/wsgi.py
2024-03-21 01:45:37.088 [info] Discover tests for workspace name: info2602a2 - uri: /workspace/info2602a2/wsgi.py
2024-03-21 01:45:37.925 [info] Discover tests for workspace name: info2602a2 - uri: /workspace/info2602a2/wsgi.py
2024-03-21 01:57:45.712 [info] Discover tests for workspace name: info2602a2 - uri: /workspace/info2602a2/App/app.py
2024-03-21 01:58:03.188 [info] Discover tests for workspace name: info2602a2 - uri: /workspace/info2602a2/App/app.py
2024-03-21 01:58:04.838 [info] Discover tests for workspace name: info2602a2 - uri: /workspace/info2602a2/App/app.py
2024-03-21 01:58:11.555 [info] Discover tests for workspace name: info2602a2 - uri: /workspace/info2602a2/App/app.py
2024-03-21 01:58:19.486 [info] Discover tests for workspace name: info2602a2 - uri: /workspace/info2602a2/App/app.py
2024-03-21 01:58:21.026 [info] Discover tests for workspace name: info2602a2 - uri: /workspace/info2602a2/App/app.py
2024-03-21 01:58:25.311 [info] Discover tests for workspace name: info2602a2 - uri: /workspace/info2602a2/App/app.py
2024-03-21 01:58:27.738 [info] Discover tests for workspace name: info2602a2 - uri: /workspace/info2602a2/App/app.py
2024-03-21 01:58:33.460 [info] Discover tests for workspace name: info2602a2 - uri: /workspace/info2602a2/App/app.py
2024-03-21 01:58:35.455 [info] Discover tests for workspace name: info2602a2 - uri: /workspace/info2602a2/App/app.py
2024-03-21 01:58:38.557 [info] Discover tests for workspace name: info2602a2 - uri: /workspace/info2602a2/App/app.py
2024-03-21 02:02:52.518 [info] Discover tests for workspace name: info2602a2 - uri: /workspace/info2602a2/App/app.py
2024-03-21 02:16:13.054 [info] Discover tests for workspace name: info2602a2 - uri: /workspace/info2602a2/App/models.py
2024-03-21 02:18:07.701 [info] Discover tests for workspace name: info2602a2 - uri: /workspace/info2602a2/App/app.py
2024-03-21 02:18:09.568 [info] Discover tests for workspace name: info2602a2 - uri: /workspace/info2602a2/App/app.py
2024-03-21 02:18:16.337 [info] Discover tests for workspace name: info2602a2 - uri: /workspace/info2602a2/App/app.py
2024-03-21 02:18:17.845 [info] Discover tests for workspace name: info2602a2 - uri: /workspace/info2602a2/App/app.py
2024-03-21 02:36:23.833 [info] Discover tests for workspace name: info2602a2 - uri: /workspace/info2602a2/App/app.py
2024-03-21 02:36:26.331 [info] Discover tests for workspace name: info2602a2 - uri: /workspace/info2602a2/App/app.py
2024-03-21 02:37:28.782 [info] Discover tests for workspace name: info2602a2 - uri: /workspace/info2602a2/App/app.py
2024-03-21 02:37:37.108 [info] Discover tests for workspace name: info2602a2 - uri: /workspace/info2602a2/App/app.py
2024-03-21 02:37:48.470 [info] Discover tests for workspace name: info2602a2 - uri: /workspace/info2602a2/App/app.py
2024-03-21 02:37:50.539 [info] Discover tests for workspace name: info2602a2 - uri: /workspace/info2602a2/App/app.py
2024-03-21 02:37:57.455 [info] Discover tests for workspace name: info2602a2 - uri: /workspace/info2602a2/App/app.py
2024-03-21 02:38:03.817 [info] Discover tests for workspace name: info2602a2 - uri: /workspace/info2602a2/App/app.py
2024-03-21 02:38:05.570 [info] Discover tests for workspace name: info2602a2 - uri: /workspace/info2602a2/App/app.py
2024-03-21 02:38:07.652 [info] Discover tests for workspace name: info2602a2 - uri: /workspace/info2602a2/App/app.py
2024-03-21 02:38:09.871 [info] Discover tests for workspace name: info2602a2 - uri: /workspace/info2602a2/App/app.py
2024-03-21 02:38:13.774 [info] Discover tests for workspace name: info2602a2 - uri: /workspace/info2602a2/App/app.py
2024-03-21 02:38:17.051 [info] Discover tests for workspace name: info2602a2 - uri: /workspace/info2602a2/App/app.py
2024-03-21 02:38:49.679 [info] Discover tests for workspace name: info2602a2 - uri: /workspace/info2602a2/App/app.py
2024-03-21 02:38:51.282 [info] Discover tests for workspace name: info2602a2 - uri: /workspace/info2602a2/App/app.py
2024-03-21 02:39:38.979 [info] Discover tests for workspace name: info2602a2 - uri: /workspace/info2602a2/App/app.py
2024-03-21 02:43:42.498 [info] Discover tests for workspace name: info2602a2 - uri: /workspace/info2602a2/App/app.py
2024-03-21 03:04:50.944 [info] Discover tests for workspace name: info2602a2 - uri: /workspace/info2602a2/App/app.py
2024-03-21 03:04:56.458 [info] Discover tests for workspace name: info2602a2 - uri: /workspace/info2602a2/App/app.py
2024-03-21 03:04:57.497 [info] Discover tests for workspace name: info2602a2 - uri: /workspace/info2602a2/App/app.py
2024-03-21 03:05:12.543 [info] Discover tests for workspace name: info2602a2 - uri: /workspace/info2602a2/App/app.py
2024-03-21 03:06:16.953 [info] Discover tests for workspace name: info2602a2 - uri: /workspace/info2602a2/App/app.py
2024-03-21 03:06:18.509 [info] Discover tests for workspace name: info2602a2 - uri: /workspace/info2602a2/App/app.py
2024-03-21 03:07:07.224 [info] Discover tests for workspace name: info2602a2 - uri: /workspace/info2602a2/App/app.py
2024-03-21 03:07:13.114 [info] Discover tests for workspace name: info2602a2 - uri: /workspace/info2602a2/App/app.py
2024-03-21 03:07:39.356 [info] Discover tests for workspace name: info2602a2 - uri: /workspace/info2602a2/App/app.py
2024-03-21 03:07:40.570 [info] Discover tests for workspace name: info2602a2 - uri: /workspace/info2602a2/App/app.py
2024-03-21 03:08:01.056 [info] Discover tests for workspace name: info2602a2 - uri: /workspace/info2602a2/App/app.py
2024-03-21 03:08:02.654 [info] Discover tests for workspace name: info2602a2 - uri: /workspace/info2602a2/App/app.py
2024-03-21 03:08:09.193 [info] Discover tests for workspace name: info2602a2 - uri: /workspace/info2602a2/App/app.py
2024-03-21 03:08:12.462 [info] Discover tests for workspace name: info2602a2 - uri: /workspace/info2602a2/App/app.py
2024-03-21 03:08:17.440 [info] Discover tests for workspace name: info2602a2 - uri: /workspace/info2602a2/App/app.py
2024-03-21 03:08:20.633 [info] Discover tests for workspace name: info2602a2 - uri: /workspace/info2602a2/App/app.py
2024-03-21 03:08:22.688 [info] Discover tests for workspace name: info2602a2 - uri: /workspace/info2602a2/App/app.py
2024-03-21 03:08:24.128 [info] Discover tests for workspace name: info2602a2 - uri: /workspace/info2602a2/App/app.py
2024-03-21 03:08:44.813 [info] Discover tests for workspace name: info2602a2 - uri: /workspace/info2602a2/App/app.py
2024-03-21 03:09:06.041 [info] Discover tests for workspace name: info2602a2 - uri: /workspace/info2602a2/App/app.py
2024-03-21 03:09:09.032 [info] Discover tests for workspace name: info2602a2 - uri: /workspace/info2602a2/App/app.py
2024-03-21 03:09:15.132 [info] Discover tests for workspace name: info2602a2 - uri: /workspace/info2602a2/App/app.py
2024-03-21 03:09:18.491 [info] Discover tests for workspace name: info2602a2 - uri: /workspace/info2602a2/App/app.py
2024-03-21 03:09:24.021 [info] Discover tests for workspace name: info2602a2 - uri: /workspace/info2602a2/App/app.py
2024-03-21 03:14:07.479 [info] Discover tests for workspace name: info2602a2 - uri: /workspace/info2602a2/App/app.py
2024-03-21 03:14:11.277 [info] Discover tests for workspace name: info2602a2 - uri: /workspace/info2602a2/App/app.py
2024-03-21 03:16:04.428 [info] Discover tests for workspace name: info2602a2 - uri: /workspace/info2602a2/App/app.py
2024-03-21 03:16:07.922 [info] Discover tests for workspace name: info2602a2 - uri: /workspace/info2602a2/App/app.py
2024-03-21 03:16:21.303 [info] Discover tests for workspace name: info2602a2 - uri: /workspace/info2602a2/App/app.py
2024-03-21 03:16:29.529 [info] Discover tests for workspace name: info2602a2 - uri: /workspace/info2602a2/App/app.py
2024-03-21 03:16:31.438 [info] Discover tests for workspace name: info2602a2 - uri: /workspace/info2602a2/App/app.py
2024-03-21 03:16:42.971 [info] Discover tests for workspace name: info2602a2 - uri: /workspace/info2602a2/App/app.py
2024-03-21 03:16:44.973 [info] Discover tests for workspace name: info2602a2 - uri: /workspace/info2602a2/App/app.py
2024-03-21 03:52:37.558 [info] Discover tests for workspace name: info2602a2 - uri: /workspace/info2602a2/App/app.py
2024-03-21 03:52:38.845 [info] Discover tests for workspace name: info2602a2 - uri: /workspace/info2602a2/App/app.py
2024-03-21 03:53:12.220 [info] Discover tests for workspace name: info2602a2 - uri: /workspace/info2602a2/App/app.py
2024-03-21 03:53:13.697 [info] Discover tests for workspace name: info2602a2 - uri: /workspace/info2602a2/App/app.py
2024-03-21 03:53:52.013 [info] Discover tests for workspace name: info2602a2 - uri: /workspace/info2602a2/App/app.py
2024-03-21 03:54:18.571 [info] Discover tests for workspace name: info2602a2 - uri: /workspace/info2602a2/App/app.py
2024-03-21 03:54:20.796 [info] Discover tests for workspace name: info2602a2 - uri: /workspace/info2602a2/App/app.py
2024-03-21 03:54:26.661 [info] Discover tests for workspace name: info2602a2 - uri: /workspace/info2602a2/App/app.py
2024-03-21 03:54:30.403 [info] Discover tests for workspace name: info2602a2 - uri: /workspace/info2602a2/App/app.py
2024-03-21 03:54:36.225 [info] Discover tests for workspace name: info2602a2 - uri: /workspace/info2602a2/App/app.py
2024-03-21 03:54:45.148 [info] Discover tests for workspace name: info2602a2 - uri: /workspace/info2602a2/App/app.py
2024-03-21 03:54:47.481 [info] Discover tests for workspace name: info2602a2 - uri: /workspace/info2602a2/App/app.py
2024-03-21 03:54:49.171 [info] Discover tests for workspace name: info2602a2 - uri: /workspace/info2602a2/App/app.py
2024-03-21 03:54:54.286 [info] Discover tests for workspace name: info2602a2 - uri: /workspace/info2602a2/App/app.py
2024-03-21 03:54:55.471 [info] Discover tests for workspace name: info2602a2 - uri: /workspace/info2602a2/App/app.py
2024-03-21 03:55:01.934 [info] Discover tests for workspace name: info2602a2 - uri: /workspace/info2602a2/App/app.py
2024-03-21 03:55:07.605 [info] Discover tests for workspace name: info2602a2 - uri: /workspace/info2602a2/App/app.py
2024-03-21 03:55:09.284 [info] Discover tests for workspace name: info2602a2 - uri: /workspace/info2602a2/App/app.py
2024-03-21 03:55:13.930 [info] Discover tests for workspace name: info2602a2 - uri: /workspace/info2602a2/App/app.py
2024-03-21 03:55:16.952 [info] Discover tests for workspace name: info2602a2 - uri: /workspace/info2602a2/App/app.py
2024-03-21 03:55:20.016 [info] Discover tests for workspace name: info2602a2 - uri: /workspace/info2602a2/App/app.py
2024-03-21 03:55:23.831 [info] Discover tests for workspace name: info2602a2 - uri: /workspace/info2602a2/App/app.py
2024-03-21 03:55:27.336 [info] Discover tests for workspace name: info2602a2 - uri: /workspace/info2602a2/App/app.py
2024-03-21 03:55:49.126 [info] Discover tests for workspace name: info2602a2 - uri: /workspace/info2602a2/App/app.py
2024-03-21 03:56:10.325 [info] Discover tests for workspace name: info2602a2 - uri: /workspace/info2602a2/App/app.py
2024-03-21 03:56:13.092 [info] Discover tests for workspace name: info2602a2 - uri: /workspace/info2602a2/App/app.py
2024-03-21 03:56:32.170 [info] Discover tests for workspace name: info2602a2 - uri: /workspace/info2602a2/App/app.py
2024-03-21 03:56:35.708 [info] Discover tests for workspace name: info2602a2 - uri: /workspace/info2602a2/App/app.py
2024-03-21 03:56:52.974 [info] Discover tests for workspace name: info2602a2 - uri: /workspace/info2602a2/App/app.py
2024-03-21 03:57:07.301 [info] Discover tests for workspace name: info2602a2 - uri: /workspace/info2602a2/App/app.py
2024-03-21 03:57:08.511 [info] Discover tests for workspace name: info2602a2 - uri: /workspace/info2602a2/App/app.py
2024-03-21 03:57:15.984 [info] Discover tests for workspace name: info2602a2 - uri: /workspace/info2602a2/App/app.py
2024-03-21 03:57:23.306 [info] Discover tests for workspace name: info2602a2 - uri: /workspace/info2602a2/App/app.py
2024-03-21 03:57:29.663 [info] Discover tests for workspace name: info2602a2 - uri: /workspace/info2602a2/App/app.py
2024-03-21 03:58:18.329 [info] Discover tests for workspace name: info2602a2 - uri: /workspace/info2602a2/App/app.py
2024-03-21 03:58:23.749 [info] Discover tests for workspace name: info2602a2 - uri: /workspace/info2602a2/App/app.py
2024-03-21 04:01:27.453 [info] Discover tests for workspace name: info2602a2 - uri: /workspace/info2602a2/App/app.py
2024-03-21 04:01:30.341 [info] Discover tests for workspace name: info2602a2 - uri: /workspace/info2602a2/App/app.py
2024-03-21 04:01:58.569 [info] Discover tests for workspace name: info2602a2 - uri: /workspace/info2602a2/App/app.py
2024-03-21 04:02:03.103 [info] Discover tests for workspace name: info2602a2 - uri: /workspace/info2602a2/App/app.py
2024-03-21 04:02:03.977 [info] Discover tests for workspace name: info2602a2 - uri: /workspace/info2602a2/App/app.py
2024-03-21 04:02:08.742 [info] Discover tests for workspace name: info2602a2 - uri: /workspace/info2602a2/App/app.py
2024-03-21 04:02:18.683 [info] Discover tests for workspace name: info2602a2 - uri: /workspace/info2602a2/App/app.py
2024-03-21 04:02:34.091 [info] Discover tests for workspace name: info2602a2 - uri: /workspace/info2602a2/App/app.py
2024-03-21 04:02:39.938 [info] Discover tests for workspace name: info2602a2 - uri: /workspace/info2602a2/App/app.py
2024-03-21 04:02:41.910 [info] Discover tests for workspace name: info2602a2 - uri: /workspace/info2602a2/App/app.py
2024-03-21 04:03:16.809 [info] Discover tests for workspace name: info2602a2 - uri: /workspace/info2602a2/App/app.py
2024-03-21 04:03:22.788 [info] Discover tests for workspace name: info2602a2 - uri: /workspace/info2602a2/App/app.py
2024-03-21 04:03:28.662 [info] Discover tests for workspace name: info2602a2 - uri: /workspace/info2602a2/App/app.py
2024-03-21 04:03:36.017 [info] Discover tests for workspace name: info2602a2 - uri: /workspace/info2602a2/App/app.py
