2024-03-18 23:25:13.420 [info] Extension host with pid 8269 started
2024-03-18 23:25:13.421 [error] Error: EEXIST: file already exists, open '/workspace/.vscode-remote/data/User/workspaceStorage/200eb553/vscode.lock'
2024-03-18 23:25:13.430 [info] Lock '/workspace/.vscode-remote/data/User/workspaceStorage/200eb553/vscode.lock': Could not acquire lock, checking if the file is stale.
2024-03-18 23:25:13.431 [info] Lock '/workspace/.vscode-remote/data/User/workspaceStorage/200eb553/vscode.lock': The lock does not look stale, elapsed: 698 ms, giving up.
2024-03-18 23:25:13.433 [info] Lock '/workspace/.vscode-remote/data/User/workspaceStorage/200eb553-1/vscode.lock': Lock acquired.
2024-03-18 23:25:14.587 [info] ExtensionService#_doActivateExtension vscode.emmet, startup: false, activationEvent: 'onLanguage'
2024-03-18 23:25:14.588 [info] ExtensionService#_doActivateExtension ms-python.debugpy, startup: false, activationEvent: 'onLanguage:python'
2024-03-18 23:25:14.589 [info] ExtensionService#_doActivateExtension ms-python.python, startup: false, activationEvent: 'onLanguage:python'
2024-03-18 23:25:14.589 [info] ExtensionService#_doActivateExtension gitpod.gitpod-web, startup: false, activationEvent: 'onAuthenticationRequest:gitpod'
2024-03-18 23:25:14.589 [info] ExtensionService#_doActivateExtension vscode.simple-browser, startup: false, activationEvent: 'onWebviewPanel:simpleBrowser.view'
2024-03-18 23:25:15.591 [info] ExtensionService#_doActivateExtension vscode.git-base, startup: true, activationEvent: '*', root cause: vscode.git
2024-03-18 23:25:15.599 [info] ExtensionService#_doActivateExtension vscode.npm, startup: true, activationEvent: 'workspaceContains:package.json'
2024-03-18 23:25:15.928 [info] ExtensionService#_doActivateExtension vscode.git, startup: true, activationEvent: '*'
2024-03-18 23:25:15.928 [info] ExtensionService#_doActivateExtension vscode.github, startup: true, activationEvent: '*'
2024-03-18 23:25:16.592 [info] Eager extensions activated
2024-03-18 23:25:16.593 [info] ExtensionService#_doActivateExtension vscode.debug-auto-launch, startup: false, activationEvent: 'onStartupFinished'
2024-03-18 23:25:16.594 [info] ExtensionService#_doActivateExtension vscode.merge-conflict, startup: false, activationEvent: 'onStartupFinished'
2024-03-18 23:25:16.594 [info] ExtensionService#_doActivateExtension vscode.github-authentication, startup: false, activationEvent: 'onStartupFinished', root cause: GitHub.vscode-pull-request-github
2024-03-18 23:25:18.060 [info] ExtensionService#_doActivateExtension GitHub.vscode-pull-request-github, startup: false, activationEvent: 'onStartupFinished'
2024-03-18 23:25:19.216 [info] ExtensionService#_doActivateExtension redhat.vscode-yaml, startup: false, activationEvent: 'onLanguage:yaml'
2024-03-18 23:25:20.960 [warning] [redhat.vscode-yaml] Accessing a resource scoped configuration without providing a resource is not expected. To get the effective value for '[yaml]', provide the URI of a resource or 'null' for any resource.
2024-03-18 23:25:20.961 [warning] [redhat.vscode-yaml] Accessing a resource scoped configuration without providing a resource is not expected. To get the effective value for '[yaml]', provide the URI of a resource or 'null' for any resource.
2024-03-18 23:25:25.054 [info] ExtensionService#_doActivateExtension vscode.json-language-features, startup: false, activationEvent: 'onLanguage:jsonc'
2024-03-18 23:25:25.054 [info] ExtensionService#_doActivateExtension vscode.typescript-language-features, startup: false, activationEvent: 'onLanguage:jsonc'
2024-03-18 23:31:33.682 [error] [ms-python.python] provider FAILED
2024-03-18 23:31:33.686 [error] Error: ValueError: PythonNode(trailer, [<Operator: (>, PythonNode(arglist, [<String: '/login'>, <Operator: ,>, PythonNode(argument, [<Name: methods@146,21>, <Operator: =>, PythonNode(atom, [<Operator: [>, <String: 'POST'>, <Operator: ]>])])]), <Operator: )>]) is not in list
	at /workspace/.vscode-remote/extensions/ms-python.python-2024.2.1-universal/out/client/extension.js:2:2306057
	at re (/workspace/.vscode-remote/extensions/ms-python.python-2024.2.1-universal/out/client/extension.js:2:2306351)
	at /workspace/.vscode-remote/extensions/ms-python.python-2024.2.1-universal/out/client/extension.js:2:2301135
	at Immediate.<anonymous> (/workspace/.vscode-remote/extensions/ms-python.python-2024.2.1-universal/out/client/extension.js:2:2301155)
	at process.processImmediate (node:internal/timers:476:21)
