2024-03-20 01:49:12.513 [info] Log level: Info
2024-03-20 01:49:12.513 [info] VSCODE_MACHINE_ID: bc6b13ee-852c-42e2-968d-e4283f3c8f90
2024-03-20 01:49:12.513 [info] VSCODE_SESSION_ID: 1560c5a6-b338-4c66-b65c-67735342ad771710899345570
2024-03-20 01:49:12.513 [info] VSCODE_VERSION: 1.87.1
2024-03-20 01:49:12.513 [info] VSCODE_APP_NAME: Gitpod Code
2024-03-20 01:49:12.513 [info] VSCODE_APP_HOST: Gitpod
2024-03-20 01:49:12.513 [info] VSCODE_UI_KIND: web
2024-03-20 01:49:12.513 [info] GITPOD_WORKSPACE_CONTEXT_URL: https://github.com/uwidcit/info2602a2
2024-03-20 01:49:12.513 [info] GITPOD_INSTANCE_ID: 659c78aa-c0cb-4d22-872b-e59f1670dc4d
2024-03-20 01:49:12.513 [info] GITPOD_WORKSPACE_URL: https://uwidcit-info2602a2-54yxl57ljoz.ws-us110.gitpod.io
2024-03-20 01:49:12.513 [info] Gitpod Web 4e069a6
2024-03-20 01:49:12.513 [info] Reading sessions from keychain...
2024-03-20 01:49:13.118 [info] Getting sessions for all scopes...
2024-03-20 01:49:13.118 [info] Getting GitHub sessions for all scopes...
2024-03-20 01:49:13.118 [info] Got 1 GitHub sessions for all scopes...
2024-03-20 01:49:13.119 [info] Got stored sessions!
2024-03-20 01:49:13.119 [info] Verified session with the following scopes: function:accessCodeSyncStorage function:closePort function:controlAdmission function:deleteEnvVar function:generateNewGitpodToken function:getDefaultWorkspaceImage function:getEnvVars function:getGitpodTokenScopes function:getIDToken function:getLoggedInUser function:getOpenPorts function:getSupportedWorkspaceClasses function:getTeams function:getToken function:getWorkspace function:getWorkspaceEnvVars function:getWorkspaceOwner function:getWorkspaceTimeout function:getWorkspaceUsers function:guessGitTokenScopes function:isWorkspaceOwner function:openPort function:sendHeartBeat function:setEnvVar function:setWorkspaceTimeout function:stopWorkspace function:takeSnapshot function:trackEvent function:updateGitStatus function:waitForSnapshot resource:contentBlob::*::create/get resource:envVar::uwidcit/info2602a2::create/get/update/delete resource:gitpodToken::*::create resource:snapshot::ws-uwidcit-info2602a2-54yxl57ljoz::create resource:token::*::get resource:userStorage::*::create/get/update resource:workspace::uwidcit-info2602a2-54yxl57ljoz::get/update resource:workspaceInstance::659c78aa-c0cb-4d22-872b-e59f1670dc4d::get/update/delete
2024-03-20 01:49:13.122 [info] Got 1 verified sessions.
2024-03-20 01:49:13.122 [info] Got 1 sessions for all scopes...
2024-03-20 01:49:15.462 [info] Getting GitHub sessions for all scopes...
2024-03-20 01:49:15.462 [info] Getting sessions for all scopes...
2024-03-20 01:49:15.463 [info] Got 1 GitHub sessions for all scopes...
2024-03-20 01:49:15.463 [info] Got 1 sessions for all scopes...
2024-03-20 01:49:16.284 [info] Getting GitHub sessions for read:user,repo,user:email,workflow...
2024-03-20 01:49:16.284 [info] Got 0 GitHub sessions for read:user,repo,user:email,workflow...
2024-03-20 01:49:16.789 [info] Getting GitHub sessions for all scopes...
2024-03-20 01:49:16.789 [info] Got 1 GitHub sessions for all scopes...
2024-03-20 01:49:16.868 [info] Getting GitHub sessions for project,read:org,read:user,repo,user:email,workflow...
2024-03-20 01:49:16.868 [info] Got 0 GitHub sessions for project,read:org,read:user,repo,user:email,workflow...
2024-03-20 01:49:17.480 [info] Getting GitHub sessions for read:user,repo,user:email,workflow...
2024-03-20 01:49:17.480 [info] Got 0 GitHub sessions for read:user,repo,user:email,workflow...
2024-03-20 01:49:17.927 [info] Getting GitHub sessions for read:user,repo,user:email...
2024-03-20 01:49:17.927 [info] Got 0 GitHub sessions for read:user,repo,user:email...
2024-03-20 01:49:18.207 [info] Getting sessions for function:accessCodeSyncStorage...
2024-03-20 01:49:18.214 [info] Got 1 sessions for function:accessCodeSyncStorage...
2024-03-20 01:49:18.808 [info] Getting GitHub sessions for read:user,repo,user:email,workflow...
2024-03-20 01:49:18.808 [info] Got 0 GitHub sessions for read:user,repo,user:email,workflow...
