2024-03-22 00:26:46.025 [info] Log level: Info
2024-03-22 00:26:46.025 [info] VSCODE_MACHINE_ID: bc6b13ee-852c-42e2-968d-e4283f3c8f90
2024-03-22 00:26:46.025 [info] VSCODE_SESSION_ID: 87af47dc-cc02-4920-a1ca-f3f6de97347c1711067192367
2024-03-22 00:26:46.025 [info] VSCODE_VERSION: 1.87.1
2024-03-22 00:26:46.025 [info] VSCODE_APP_NAME: Gitpod Code
2024-03-22 00:26:46.025 [info] VSCODE_APP_HOST: Gitpod
2024-03-22 00:26:46.025 [info] VSCODE_UI_KIND: web
2024-03-22 00:26:46.025 [info] GITPOD_WORKSPACE_CONTEXT_URL: https://github.com/uwidcit/info2602a2
2024-03-22 00:26:46.025 [info] GITPOD_INSTANCE_ID: 80518e9c-7c84-4c22-87ce-0f1dd2eba73e
2024-03-22 00:26:46.025 [info] GITPOD_WORKSPACE_URL: https://uwidcit-info2602a2-54yxl57ljoz.ws-us110.gitpod.io
2024-03-22 00:26:46.025 [info] Gitpod Web 4e069a6
2024-03-22 00:26:46.025 [info] Reading sessions from keychain...
2024-03-22 00:26:46.577 [info] Getting sessions for all scopes...
2024-03-22 00:26:46.577 [info] Getting GitHub sessions for all scopes...
2024-03-22 00:26:46.577 [info] Getting sessions for function:accessCodeSyncStorage...
2024-03-22 00:26:46.577 [info] Got 1 GitHub sessions for all scopes...
2024-03-22 00:26:46.577 [info] Got stored sessions!
2024-03-22 00:26:46.577 [info] Verified session with the following scopes: function:accessCodeSyncStorage function:closePort function:controlAdmission function:deleteEnvVar function:generateNewGitpodToken function:getDefaultWorkspaceImage function:getEnvVars function:getGitpodTokenScopes function:getIDToken function:getLoggedInUser function:getOpenPorts function:getSupportedWorkspaceClasses function:getTeams function:getToken function:getWorkspace function:getWorkspaceEnvVars function:getWorkspaceOwner function:getWorkspaceTimeout function:getWorkspaceUsers function:guessGitTokenScopes function:isWorkspaceOwner function:openPort function:sendHeartBeat function:setEnvVar function:setWorkspaceTimeout function:stopWorkspace function:takeSnapshot function:trackEvent function:updateGitStatus function:waitForSnapshot resource:contentBlob::*::create/get resource:envVar::uwidcit/info2602a2::create/get/update/delete resource:gitpodToken::*::create resource:snapshot::ws-uwidcit-info2602a2-54yxl57ljoz::create resource:token::*::get resource:userStorage::*::create/get/update resource:workspace::uwidcit-info2602a2-54yxl57ljoz::get/update resource:workspaceInstance::80518e9c-7c84-4c22-87ce-0f1dd2eba73e::get/update/delete
2024-03-22 00:26:46.577 [info] Got 1 verified sessions.
2024-03-22 00:26:46.577 [info] Got 1 sessions for all scopes...
2024-03-22 00:26:46.577 [info] Got 1 sessions for function:accessCodeSyncStorage...
2024-03-22 00:26:49.782 [info] Getting GitHub sessions for all scopes...
2024-03-22 00:26:49.783 [info] Getting sessions for all scopes...
2024-03-22 00:26:49.783 [info] Got 1 GitHub sessions for all scopes...
2024-03-22 00:26:49.783 [info] Got 1 sessions for all scopes...
2024-03-22 00:26:50.930 [info] Getting GitHub sessions for read:user,repo,user:email,workflow...
2024-03-22 00:26:50.930 [info] Got 0 GitHub sessions for read:user,repo,user:email,workflow...
2024-03-22 00:26:51.384 [info] Getting GitHub sessions for project,read:org,read:user,repo,user:email,workflow...
2024-03-22 00:26:51.384 [info] Got 0 GitHub sessions for project,read:org,read:user,repo,user:email,workflow...
2024-03-22 00:26:52.141 [info] Getting GitHub sessions for all scopes...
2024-03-22 00:26:52.141 [info] Got 1 GitHub sessions for all scopes...
2024-03-22 00:26:52.590 [info] Getting GitHub sessions for read:user,repo,user:email,workflow...
2024-03-22 00:26:52.590 [info] Got 0 GitHub sessions for read:user,repo,user:email,workflow...
2024-03-22 00:26:53.555 [info] Getting GitHub sessions for read:user,repo,user:email...
2024-03-22 00:26:53.555 [info] Got 0 GitHub sessions for read:user,repo,user:email...
2024-03-22 00:26:55.374 [info] Getting GitHub sessions for read:user,repo,user:email,workflow...
2024-03-22 00:26:55.374 [info] Got 0 GitHub sessions for read:user,repo,user:email,workflow...
