2024-03-18 21:40:45.150 [info] Log level: Info
2024-03-18 21:40:45.150 [info] Validating found git in: "git"
2024-03-18 21:40:45.150 [info] Using git "2.37.3" from "git"
2024-03-18 21:40:45.150 [info] > git rev-parse --show-toplevel [2ms]
2024-03-18 21:40:45.150 [info] > git rev-parse --git-dir --git-common-dir [2ms]
2024-03-18 21:40:45.150 [info] Open repository: /workspace/info2602a2
2024-03-18 21:40:45.150 [info] > git config --get commit.template [23ms]
2024-03-18 21:40:45.150 [info] > git rev-parse --show-toplevel [4ms]
2024-03-18 21:40:45.150 [info] > git for-each-ref --format=%(refname)%00%(upstream:short)%00%(objectname)%00%(upstream:track)%00%(upstream:remotename)%00%(upstream:remoteref) refs/heads/master refs/remotes/master [18ms]
2024-03-18 21:40:45.150 [info] > git rev-parse --show-toplevel [3ms]
2024-03-18 21:40:45.150 [warning] ENOENT: no such file or directory, open '/workspace/info2602a2/.git/refs/remotes/origin/master'
2024-03-18 21:40:45.150 [info] > git rev-parse refs/remotes/origin/master [91ms]
2024-03-18 21:40:45.150 [info] > git status -z -uall [5ms]
2024-03-18 21:40:45.150 [info] > git rev-parse --show-toplevel [36ms]
2024-03-18 21:40:45.150 [info] > git config --get commit.template [2ms]
2024-03-18 21:40:45.150 [info] > git for-each-ref --format=%(refname)%00%(upstream:short)%00%(objectname)%00%(upstream:track)%00%(upstream:remotename)%00%(upstream:remoteref) refs/heads/master refs/remotes/master [2ms]
2024-03-18 21:40:45.150 [warning] ENOENT: no such file or directory, open '/workspace/info2602a2/.git/refs/remotes/origin/master'
2024-03-18 21:40:45.150 [info] > git rev-parse refs/remotes/origin/master [4ms]
2024-03-18 21:40:45.150 [info] > git status -z -uall [3ms]
2024-03-18 21:40:45.664 [info] > git check-ignore -v -z --stdin [1ms]
2024-03-18 21:40:45.816 [info] > git show --textconv :App/templates/home.html [46ms]
2024-03-18 21:40:45.816 [info] > git ls-files --stage -- /workspace/info2602a2/App/templates/home.html [31ms]
2024-03-18 21:40:45.848 [info] > git cat-file -s f5f659ee30a005dea2ba6bfcb6372a2ec46f4dc7 [14ms]
2024-03-18 21:40:56.782 [info] > git config --local branch.master.github-pr-owner-number [2ms]
2024-03-18 21:40:56.782 [warning] git config failed: Failed to execute git
2024-03-18 21:42:53.128 [info] > git show --textconv :App/app.py [41ms]
2024-03-18 21:42:53.130 [info] > git ls-files --stage -- /workspace/info2602a2/App/app.py [2ms]
2024-03-18 21:42:53.144 [info] > git cat-file -s 111d9a10cb696d7ebbb8e3968fe209161665014c [1ms]
2024-03-18 21:44:03.626 [info] > git config --get commit.template [1ms]
2024-03-18 21:44:03.640 [info] > git for-each-ref --format=%(refname)%00%(upstream:short)%00%(objectname)%00%(upstream:track)%00%(upstream:remotename)%00%(upstream:remoteref) refs/heads/master refs/remotes/master [2ms]
2024-03-18 21:44:03.651 [warning] ENOENT: no such file or directory, open '/workspace/info2602a2/.git/refs/remotes/origin/master'
2024-03-18 21:44:03.652 [info] > git rev-parse refs/remotes/origin/master [2ms]
2024-03-18 21:44:03.664 [info] > git status -z -uall [2ms]
2024-03-18 21:44:37.015 [info] > git show --textconv :App/templates/home.html [15ms]
2024-03-18 21:44:37.017 [info] > git ls-files --stage -- /workspace/info2602a2/App/templates/home.html [2ms]
2024-03-18 21:44:37.036 [info] > git cat-file -s f5f659ee30a005dea2ba6bfcb6372a2ec46f4dc7 [2ms]
2024-03-18 21:45:41.528 [info] > git show --textconv :App/app.py [8ms]
2024-03-18 21:45:41.529 [info] > git ls-files --stage -- /workspace/info2602a2/App/app.py [1ms]
2024-03-18 21:45:41.538 [info] > git cat-file -s 111d9a10cb696d7ebbb8e3968fe209161665014c [1ms]
2024-03-18 21:45:55.361 [info] > git config --local branch.master.github-pr-owner-number [1ms]
2024-03-18 21:45:55.361 [warning] git config failed: Failed to execute git
2024-03-18 21:46:33.717 [info] > git config --get commit.template [9ms]
2024-03-18 21:46:33.717 [info] > git for-each-ref --format=%(refname)%00%(upstream:short)%00%(objectname)%00%(upstream:track)%00%(upstream:remotename)%00%(upstream:remoteref) refs/heads/master refs/remotes/master [2ms]
2024-03-18 21:46:33.724 [warning] ENOENT: no such file or directory, open '/workspace/info2602a2/.git/refs/remotes/origin/master'
2024-03-18 21:46:33.725 [info] > git rev-parse refs/remotes/origin/master [1ms]
2024-03-18 21:46:33.735 [info] > git status -z -uall [2ms]
2024-03-18 21:46:42.962 [info] > git config --get commit.template [15ms]
2024-03-18 21:46:42.962 [info] > git for-each-ref --format=%(refname)%00%(upstream:short)%00%(objectname)%00%(upstream:track)%00%(upstream:remotename)%00%(upstream:remoteref) refs/heads/master refs/remotes/master [1ms]
2024-03-18 21:46:42.975 [warning] ENOENT: no such file or directory, open '/workspace/info2602a2/.git/refs/remotes/origin/master'
2024-03-18 21:46:42.976 [info] > git rev-parse refs/remotes/origin/master [1ms]
2024-03-18 21:46:42.985 [info] > git status -z -uall [1ms]
2024-03-18 21:46:48.004 [info] > git config --get commit.template [7ms]
2024-03-18 21:46:48.006 [info] > git for-each-ref --format=%(refname)%00%(upstream:short)%00%(objectname)%00%(upstream:track)%00%(upstream:remotename)%00%(upstream:remoteref) refs/heads/master refs/remotes/master [3ms]
2024-03-18 21:46:48.013 [warning] ENOENT: no such file or directory, open '/workspace/info2602a2/.git/refs/remotes/origin/master'
2024-03-18 21:46:48.014 [info] > git rev-parse refs/remotes/origin/master [1ms]
2024-03-18 21:46:48.022 [info] > git status -z -uall [2ms]
2024-03-18 21:47:01.638 [info] > git config --get commit.template [10ms]
2024-03-18 21:47:01.638 [info] > git for-each-ref --format=%(refname)%00%(upstream:short)%00%(objectname)%00%(upstream:track)%00%(upstream:remotename)%00%(upstream:remoteref) refs/heads/master refs/remotes/master [1ms]
2024-03-18 21:47:01.647 [warning] ENOENT: no such file or directory, open '/workspace/info2602a2/.git/refs/remotes/origin/master'
2024-03-18 21:47:01.649 [info] > git rev-parse refs/remotes/origin/master [1ms]
2024-03-18 21:47:01.658 [info] > git status -z -uall [2ms]
2024-03-18 21:47:08.819 [info] > git config --get commit.template [8ms]
2024-03-18 21:47:08.820 [info] > git for-each-ref --format=%(refname)%00%(upstream:short)%00%(objectname)%00%(upstream:track)%00%(upstream:remotename)%00%(upstream:remoteref) refs/heads/master refs/remotes/master [2ms]
2024-03-18 21:47:08.826 [warning] ENOENT: no such file or directory, open '/workspace/info2602a2/.git/refs/remotes/origin/master'
2024-03-18 21:47:08.827 [info] > git rev-parse refs/remotes/origin/master [1ms]
2024-03-18 21:47:08.836 [info] > git status -z -uall [2ms]
2024-03-18 21:47:14.443 [info] > git config --get commit.template [8ms]
2024-03-18 21:47:14.443 [info] > git for-each-ref --format=%(refname)%00%(upstream:short)%00%(objectname)%00%(upstream:track)%00%(upstream:remotename)%00%(upstream:remoteref) refs/heads/master refs/remotes/master [1ms]
2024-03-18 21:47:14.449 [warning] ENOENT: no such file or directory, open '/workspace/info2602a2/.git/refs/remotes/origin/master'
2024-03-18 21:47:14.450 [info] > git rev-parse refs/remotes/origin/master [1ms]
2024-03-18 21:47:14.458 [info] > git status -z -uall [1ms]
2024-03-18 21:47:19.487 [info] > git config --get commit.template [12ms]
2024-03-18 21:47:19.487 [info] > git for-each-ref --format=%(refname)%00%(upstream:short)%00%(objectname)%00%(upstream:track)%00%(upstream:remotename)%00%(upstream:remoteref) refs/heads/master refs/remotes/master [1ms]
2024-03-18 21:47:19.498 [warning] ENOENT: no such file or directory, open '/workspace/info2602a2/.git/refs/remotes/origin/master'
2024-03-18 21:47:19.499 [info] > git rev-parse refs/remotes/origin/master [1ms]
2024-03-18 21:47:19.512 [info] > git status -z -uall [2ms]
2024-03-18 21:47:24.535 [info] > git config --get commit.template [9ms]
2024-03-18 21:47:24.536 [info] > git for-each-ref --format=%(refname)%00%(upstream:short)%00%(objectname)%00%(upstream:track)%00%(upstream:remotename)%00%(upstream:remoteref) refs/heads/master refs/remotes/master [2ms]
2024-03-18 21:47:24.546 [warning] ENOENT: no such file or directory, open '/workspace/info2602a2/.git/refs/remotes/origin/master'
2024-03-18 21:47:24.547 [info] > git rev-parse refs/remotes/origin/master [2ms]
2024-03-18 21:47:24.555 [info] > git status -z -uall [1ms]
2024-03-18 21:47:29.577 [info] > git config --get commit.template [8ms]
2024-03-18 21:47:29.577 [info] > git for-each-ref --format=%(refname)%00%(upstream:short)%00%(objectname)%00%(upstream:track)%00%(upstream:remotename)%00%(upstream:remoteref) refs/heads/master refs/remotes/master [1ms]
2024-03-18 21:47:29.584 [warning] ENOENT: no such file or directory, open '/workspace/info2602a2/.git/refs/remotes/origin/master'
2024-03-18 21:47:29.585 [info] > git rev-parse refs/remotes/origin/master [1ms]
2024-03-18 21:47:29.594 [info] > git status -z -uall [2ms]
2024-03-18 21:47:54.416 [info] > git config --get commit.template [14ms]
2024-03-18 21:47:54.417 [info] > git for-each-ref --format=%(refname)%00%(upstream:short)%00%(objectname)%00%(upstream:track)%00%(upstream:remotename)%00%(upstream:remoteref) refs/heads/master refs/remotes/master [2ms]
2024-03-18 21:47:54.430 [warning] ENOENT: no such file or directory, open '/workspace/info2602a2/.git/refs/remotes/origin/master'
2024-03-18 21:47:54.431 [info] > git rev-parse refs/remotes/origin/master [1ms]
2024-03-18 21:47:54.445 [info] > git status -z -uall [2ms]
2024-03-18 21:47:59.470 [info] > git config --get commit.template [9ms]
2024-03-18 21:47:59.471 [info] > git for-each-ref --format=%(refname)%00%(upstream:short)%00%(objectname)%00%(upstream:track)%00%(upstream:remotename)%00%(upstream:remoteref) refs/heads/master refs/remotes/master [2ms]
2024-03-18 21:47:59.480 [warning] ENOENT: no such file or directory, open '/workspace/info2602a2/.git/refs/remotes/origin/master'
2024-03-18 21:47:59.482 [info] > git rev-parse refs/remotes/origin/master [2ms]
2024-03-18 21:47:59.496 [info] > git status -z -uall [1ms]
2024-03-18 21:48:07.228 [info] > git config --get commit.template [14ms]
2024-03-18 21:48:07.228 [info] > git for-each-ref --format=%(refname)%00%(upstream:short)%00%(objectname)%00%(upstream:track)%00%(upstream:remotename)%00%(upstream:remoteref) refs/heads/master refs/remotes/master [2ms]
2024-03-18 21:48:07.244 [warning] ENOENT: no such file or directory, open '/workspace/info2602a2/.git/refs/remotes/origin/master'
2024-03-18 21:48:07.245 [info] > git rev-parse refs/remotes/origin/master [1ms]
2024-03-18 21:48:07.264 [info] > git status -z -uall [2ms]
2024-03-18 21:48:12.297 [info] > git config --get commit.template [17ms]
2024-03-18 21:48:12.297 [info] > git for-each-ref --format=%(refname)%00%(upstream:short)%00%(objectname)%00%(upstream:track)%00%(upstream:remotename)%00%(upstream:remoteref) refs/heads/master refs/remotes/master [2ms]
2024-03-18 21:48:12.312 [warning] ENOENT: no such file or directory, open '/workspace/info2602a2/.git/refs/remotes/origin/master'
2024-03-18 21:48:12.314 [info] > git rev-parse refs/remotes/origin/master [2ms]
2024-03-18 21:48:12.328 [info] > git status -z -uall [2ms]
2024-03-18 21:48:17.351 [info] > git config --get commit.template [9ms]
2024-03-18 21:48:17.351 [info] > git for-each-ref --format=%(refname)%00%(upstream:short)%00%(objectname)%00%(upstream:track)%00%(upstream:remotename)%00%(upstream:remoteref) refs/heads/master refs/remotes/master [1ms]
2024-03-18 21:48:17.362 [warning] ENOENT: no such file or directory, open '/workspace/info2602a2/.git/refs/remotes/origin/master'
2024-03-18 21:48:17.362 [info] > git rev-parse refs/remotes/origin/master [1ms]
2024-03-18 21:48:17.376 [info] > git status -z -uall [2ms]
2024-03-18 21:48:43.965 [info] > git for-each-ref --format=%(refname)%00%(upstream:short)%00%(objectname)%00%(upstream:track)%00%(upstream:remotename)%00%(upstream:remoteref) refs/heads/master refs/remotes/master [3ms]
2024-03-18 21:48:43.966 [info] > git config --get commit.template [28ms]
2024-03-18 21:48:43.988 [warning] ENOENT: no such file or directory, open '/workspace/info2602a2/.git/refs/remotes/origin/master'
2024-03-18 21:48:43.992 [info] > git rev-parse refs/remotes/origin/master [4ms]
2024-03-18 21:48:44.014 [info] > git status -z -uall [1ms]
2024-03-18 21:48:49.045 [info] > git config --get commit.template [10ms]
2024-03-18 21:48:49.046 [info] > git for-each-ref --format=%(refname)%00%(upstream:short)%00%(objectname)%00%(upstream:track)%00%(upstream:remotename)%00%(upstream:remoteref) refs/heads/master refs/remotes/master [2ms]
2024-03-18 21:48:49.052 [warning] ENOENT: no such file or directory, open '/workspace/info2602a2/.git/refs/remotes/origin/master'
2024-03-18 21:48:49.054 [info] > git rev-parse refs/remotes/origin/master [2ms]
2024-03-18 21:48:49.063 [info] > git status -z -uall [2ms]
2024-03-18 21:48:58.659 [info] > git show --textconv :wsgi.py [10ms]
2024-03-18 21:48:58.660 [info] > git ls-files --stage -- /workspace/info2602a2/wsgi.py [1ms]
2024-03-18 21:48:58.670 [info] > git cat-file -s fd188a7550a9ecb540e80d4ce666d759757254fb [2ms]
2024-03-18 21:49:49.926 [info] > git config --get commit.template [14ms]
2024-03-18 21:49:49.928 [info] > git for-each-ref --format=%(refname)%00%(upstream:short)%00%(objectname)%00%(upstream:track)%00%(upstream:remotename)%00%(upstream:remoteref) refs/heads/master refs/remotes/master [4ms]
2024-03-18 21:49:49.942 [warning] ENOENT: no such file or directory, open '/workspace/info2602a2/.git/refs/remotes/origin/master'
2024-03-18 21:49:49.943 [info] > git rev-parse refs/remotes/origin/master [1ms]
2024-03-18 21:49:49.954 [info] > git status -z -uall [1ms]
2024-03-18 21:50:32.792 [info] > git config --get commit.template [9ms]
2024-03-18 21:50:32.792 [info] > git for-each-ref --format=%(refname)%00%(upstream:short)%00%(objectname)%00%(upstream:track)%00%(upstream:remotename)%00%(upstream:remoteref) refs/heads/master refs/remotes/master [1ms]
2024-03-18 21:50:32.800 [warning] ENOENT: no such file or directory, open '/workspace/info2602a2/.git/refs/remotes/origin/master'
2024-03-18 21:50:32.801 [info] > git rev-parse refs/remotes/origin/master [1ms]
2024-03-18 21:50:32.812 [info] > git status -z -uall [2ms]
2024-03-18 21:50:49.101 [info] > git config --get commit.template [1ms]
2024-03-18 21:50:49.113 [info] > git for-each-ref --format=%(refname)%00%(upstream:short)%00%(objectname)%00%(upstream:track)%00%(upstream:remotename)%00%(upstream:remoteref) refs/heads/master refs/remotes/master [2ms]
2024-03-18 21:50:49.130 [warning] ENOENT: no such file or directory, open '/workspace/info2602a2/.git/refs/remotes/origin/master'
2024-03-18 21:50:49.131 [info] > git rev-parse refs/remotes/origin/master [0ms]
2024-03-18 21:50:49.147 [info] > git status -z -uall [1ms]
2024-03-18 21:50:55.385 [info] > git for-each-ref --format=%(refname)%00%(upstream:short)%00%(objectname)%00%(upstream:track)%00%(upstream:remotename)%00%(upstream:remoteref) refs/heads/master refs/remotes/master [13ms]
2024-03-18 21:50:55.386 [info] > git config --get commit.template [25ms]
2024-03-18 21:50:55.395 [warning] ENOENT: no such file or directory, open '/workspace/info2602a2/.git/refs/remotes/origin/master'
2024-03-18 21:50:55.396 [info] > git config --local branch.master.github-pr-owner-number [12ms]
2024-03-18 21:50:55.396 [warning] git config failed: Failed to execute git
2024-03-18 21:50:55.397 [info] > git rev-parse refs/remotes/origin/master [1ms]
2024-03-18 21:50:55.408 [info] > git status -z -uall [2ms]
2024-03-18 21:51:00.440 [info] > git config --get commit.template [18ms]
2024-03-18 21:51:00.441 [info] > git for-each-ref --format=%(refname)%00%(upstream:short)%00%(objectname)%00%(upstream:track)%00%(upstream:remotename)%00%(upstream:remoteref) refs/heads/master refs/remotes/master [2ms]
2024-03-18 21:51:00.457 [warning] ENOENT: no such file or directory, open '/workspace/info2602a2/.git/refs/remotes/origin/master'
2024-03-18 21:51:00.459 [info] > git rev-parse refs/remotes/origin/master [2ms]
2024-03-18 21:51:00.477 [info] > git status -z -uall [2ms]
2024-03-18 21:51:05.500 [info] > git config --get commit.template [11ms]
2024-03-18 21:51:05.503 [info] > git for-each-ref --format=%(refname)%00%(upstream:short)%00%(objectname)%00%(upstream:track)%00%(upstream:remotename)%00%(upstream:remoteref) refs/heads/master refs/remotes/master [4ms]
2024-03-18 21:51:05.515 [warning] ENOENT: no such file or directory, open '/workspace/info2602a2/.git/refs/remotes/origin/master'
2024-03-18 21:51:05.517 [info] > git rev-parse refs/remotes/origin/master [2ms]
2024-03-18 21:51:05.530 [info] > git status -z -uall [2ms]
2024-03-18 21:51:12.728 [info] > git config --get commit.template [15ms]
2024-03-18 21:51:12.729 [info] > git for-each-ref --format=%(refname)%00%(upstream:short)%00%(objectname)%00%(upstream:track)%00%(upstream:remotename)%00%(upstream:remoteref) refs/heads/master refs/remotes/master [2ms]
2024-03-18 21:51:12.744 [warning] ENOENT: no such file or directory, open '/workspace/info2602a2/.git/refs/remotes/origin/master'
2024-03-18 21:51:12.745 [info] > git rev-parse refs/remotes/origin/master [1ms]
2024-03-18 21:51:12.761 [info] > git status -z -uall [2ms]
2024-03-18 21:51:17.790 [info] > git config --get commit.template [13ms]
2024-03-18 21:51:17.790 [info] > git for-each-ref --format=%(refname)%00%(upstream:short)%00%(objectname)%00%(upstream:track)%00%(upstream:remotename)%00%(upstream:remoteref) refs/heads/master refs/remotes/master [1ms]
2024-03-18 21:51:17.800 [warning] ENOENT: no such file or directory, open '/workspace/info2602a2/.git/refs/remotes/origin/master'
2024-03-18 21:51:17.801 [info] > git rev-parse refs/remotes/origin/master [1ms]
2024-03-18 21:51:17.811 [info] > git status -z -uall [2ms]
2024-03-18 21:51:33.760 [info] > git show --textconv :App/models.py [11ms]
2024-03-18 21:51:33.761 [info] > git ls-files --stage -- /workspace/info2602a2/App/models.py [2ms]
2024-03-18 21:51:33.777 [info] > git cat-file -s ced916b5299f0e2cd2102beb464355a0ae097146 [2ms]
2024-03-18 21:51:40.685 [info] > git show --textconv :wsgi.py [18ms]
2024-03-18 21:51:40.687 [info] > git ls-files --stage -- /workspace/info2602a2/wsgi.py [2ms]
2024-03-18 21:51:40.706 [info] > git cat-file -s fd188a7550a9ecb540e80d4ce666d759757254fb [1ms]
2024-03-18 21:51:49.145 [info] > git config --get commit.template [19ms]
2024-03-18 21:51:49.146 [info] > git for-each-ref --format=%(refname)%00%(upstream:short)%00%(objectname)%00%(upstream:track)%00%(upstream:remotename)%00%(upstream:remoteref) refs/heads/master refs/remotes/master [2ms]
2024-03-18 21:51:49.164 [warning] ENOENT: no such file or directory, open '/workspace/info2602a2/.git/refs/remotes/origin/master'
2024-03-18 21:51:49.166 [info] > git rev-parse refs/remotes/origin/master [2ms]
2024-03-18 21:51:49.184 [info] > git status -z -uall [2ms]
2024-03-18 21:51:57.016 [info] > git config --get commit.template [18ms]
2024-03-18 21:51:57.017 [info] > git for-each-ref --format=%(refname)%00%(upstream:short)%00%(objectname)%00%(upstream:track)%00%(upstream:remotename)%00%(upstream:remoteref) refs/heads/master refs/remotes/master [2ms]
2024-03-18 21:51:57.038 [warning] ENOENT: no such file or directory, open '/workspace/info2602a2/.git/refs/remotes/origin/master'
2024-03-18 21:51:57.043 [info] > git rev-parse refs/remotes/origin/master [5ms]
2024-03-18 21:51:57.062 [info] > git status -z -uall [2ms]
2024-03-18 21:52:09.102 [info] > git config --get commit.template [21ms]
2024-03-18 21:52:09.104 [info] > git for-each-ref --format=%(refname)%00%(upstream:short)%00%(objectname)%00%(upstream:track)%00%(upstream:remotename)%00%(upstream:remoteref) refs/heads/master refs/remotes/master [3ms]
2024-03-18 21:52:09.124 [warning] ENOENT: no such file or directory, open '/workspace/info2602a2/.git/refs/remotes/origin/master'
2024-03-18 21:52:09.126 [info] > git rev-parse refs/remotes/origin/master [2ms]
2024-03-18 21:52:09.146 [info] > git status -z -uall [2ms]
2024-03-18 21:52:16.798 [info] > git show --textconv :App/models.py [21ms]
2024-03-18 21:52:16.800 [info] > git ls-files --stage -- /workspace/info2602a2/App/models.py [3ms]
2024-03-18 21:52:16.820 [info] > git cat-file -s ced916b5299f0e2cd2102beb464355a0ae097146 [2ms]
2024-03-18 21:52:25.313 [info] > git show --textconv :App/app.py [19ms]
2024-03-18 21:52:25.316 [info] > git ls-files --stage -- /workspace/info2602a2/App/app.py [4ms]
2024-03-18 21:52:25.333 [info] > git cat-file -s 111d9a10cb696d7ebbb8e3968fe209161665014c [3ms]
2024-03-18 21:52:43.757 [info] > git show --textconv :wsgi.py [14ms]
2024-03-18 21:52:43.758 [info] > git ls-files --stage -- /workspace/info2602a2/wsgi.py [1ms]
2024-03-18 21:52:43.772 [info] > git cat-file -s fd188a7550a9ecb540e80d4ce666d759757254fb [1ms]
2024-03-18 21:52:50.208 [info] > git config --get commit.template [14ms]
2024-03-18 21:52:50.209 [info] > git for-each-ref --format=%(refname)%00%(upstream:short)%00%(objectname)%00%(upstream:track)%00%(upstream:remotename)%00%(upstream:remoteref) refs/heads/master refs/remotes/master [2ms]
2024-03-18 21:52:50.226 [warning] ENOENT: no such file or directory, open '/workspace/info2602a2/.git/refs/remotes/origin/master'
2024-03-18 21:52:50.227 [info] > git rev-parse refs/remotes/origin/master [2ms]
2024-03-18 21:52:50.243 [info] > git status -z -uall [2ms]
2024-03-18 21:52:58.074 [info] > git config --get commit.template [11ms]
2024-03-18 21:52:58.074 [info] > git for-each-ref --format=%(refname)%00%(upstream:short)%00%(objectname)%00%(upstream:track)%00%(upstream:remotename)%00%(upstream:remoteref) refs/heads/master refs/remotes/master [1ms]
2024-03-18 21:52:58.083 [warning] ENOENT: no such file or directory, open '/workspace/info2602a2/.git/refs/remotes/origin/master'
2024-03-18 21:52:58.084 [info] > git rev-parse refs/remotes/origin/master [1ms]
2024-03-18 21:52:58.096 [info] > git status -z -uall [2ms]
2024-03-18 21:53:07.889 [info] > git config --get commit.template [13ms]
2024-03-18 21:53:07.890 [info] > git for-each-ref --format=%(refname)%00%(upstream:short)%00%(objectname)%00%(upstream:track)%00%(upstream:remotename)%00%(upstream:remoteref) refs/heads/master refs/remotes/master [2ms]
2024-03-18 21:53:07.902 [warning] ENOENT: no such file or directory, open '/workspace/info2602a2/.git/refs/remotes/origin/master'
2024-03-18 21:53:07.904 [info] > git rev-parse refs/remotes/origin/master [1ms]
2024-03-18 21:53:07.917 [info] > git status -z -uall [1ms]
2024-03-18 21:53:12.943 [info] > git config --get commit.template [11ms]
2024-03-18 21:53:12.944 [info] > git for-each-ref --format=%(refname)%00%(upstream:short)%00%(objectname)%00%(upstream:track)%00%(upstream:remotename)%00%(upstream:remoteref) refs/heads/master refs/remotes/master [1ms]
2024-03-18 21:53:12.953 [warning] ENOENT: no such file or directory, open '/workspace/info2602a2/.git/refs/remotes/origin/master'
2024-03-18 21:53:12.955 [info] > git rev-parse refs/remotes/origin/master [1ms]
2024-03-18 21:53:12.967 [info] > git status -z -uall [2ms]
2024-03-18 21:53:18.003 [info] > git for-each-ref --format=%(refname)%00%(upstream:short)%00%(objectname)%00%(upstream:track)%00%(upstream:remotename)%00%(upstream:remoteref) refs/heads/master refs/remotes/master [2ms]
2024-03-18 21:53:18.005 [info] > git config --get commit.template [19ms]
2024-03-18 21:53:18.018 [warning] ENOENT: no such file or directory, open '/workspace/info2602a2/.git/refs/remotes/origin/master'
2024-03-18 21:53:18.020 [info] > git rev-parse refs/remotes/origin/master [1ms]
2024-03-18 21:53:18.035 [info] > git status -z -uall [2ms]
2024-03-18 21:53:23.058 [info] > git config --get commit.template [8ms]
2024-03-18 21:53:23.058 [info] > git for-each-ref --format=%(refname)%00%(upstream:short)%00%(objectname)%00%(upstream:track)%00%(upstream:remotename)%00%(upstream:remoteref) refs/heads/master refs/remotes/master [1ms]
2024-03-18 21:53:23.065 [warning] ENOENT: no such file or directory, open '/workspace/info2602a2/.git/refs/remotes/origin/master'
2024-03-18 21:53:23.066 [info] > git rev-parse refs/remotes/origin/master [1ms]
2024-03-18 21:53:23.073 [info] > git status -z -uall [1ms]
2024-03-18 21:53:33.007 [info] > git config --get commit.template [2ms]
2024-03-18 21:53:33.026 [info] > git for-each-ref --format=%(refname)%00%(upstream:short)%00%(objectname)%00%(upstream:track)%00%(upstream:remotename)%00%(upstream:remoteref) refs/heads/master refs/remotes/master [3ms]
2024-03-18 21:53:33.042 [warning] ENOENT: no such file or directory, open '/workspace/info2602a2/.git/refs/remotes/origin/master'
2024-03-18 21:53:33.044 [info] > git rev-parse refs/remotes/origin/master [2ms]
2024-03-18 21:53:33.061 [info] > git status -z -uall [2ms]
2024-03-18 21:53:47.740 [info] > git config --get commit.template [14ms]
2024-03-18 21:53:47.740 [info] > git for-each-ref --format=%(refname)%00%(upstream:short)%00%(objectname)%00%(upstream:track)%00%(upstream:remotename)%00%(upstream:remoteref) refs/heads/master refs/remotes/master [1ms]
2024-03-18 21:53:47.754 [warning] ENOENT: no such file or directory, open '/workspace/info2602a2/.git/refs/remotes/origin/master'
2024-03-18 21:53:47.755 [info] > git rev-parse refs/remotes/origin/master [1ms]
2024-03-18 21:53:47.770 [info] > git status -z -uall [1ms]
2024-03-18 21:53:50.907 [info] > git show --textconv :App/models.py [12ms]
2024-03-18 21:53:50.907 [info] > git ls-files --stage -- /workspace/info2602a2/App/models.py [1ms]
2024-03-18 21:53:50.919 [info] > git cat-file -s ced916b5299f0e2cd2102beb464355a0ae097146 [1ms]
2024-03-18 21:53:52.793 [info] > git config --get commit.template [10ms]
2024-03-18 21:53:52.794 [info] > git for-each-ref --format=%(refname)%00%(upstream:short)%00%(objectname)%00%(upstream:track)%00%(upstream:remotename)%00%(upstream:remoteref) refs/heads/master refs/remotes/master [1ms]
2024-03-18 21:53:52.801 [warning] ENOENT: no such file or directory, open '/workspace/info2602a2/.git/refs/remotes/origin/master'
2024-03-18 21:53:52.802 [info] > git rev-parse refs/remotes/origin/master [1ms]
2024-03-18 21:53:52.809 [info] > git status -z -uall [1ms]
2024-03-18 21:54:00.301 [info] > git show --textconv :wsgi.py [8ms]
2024-03-18 21:54:00.301 [info] > git ls-files --stage -- /workspace/info2602a2/wsgi.py [1ms]
2024-03-18 21:54:00.314 [info] > git cat-file -s fd188a7550a9ecb540e80d4ce666d759757254fb [2ms]
2024-03-18 21:55:44.623 [info] > git show --textconv :App/models.py [12ms]
2024-03-18 21:55:44.624 [info] > git ls-files --stage -- /workspace/info2602a2/App/models.py [2ms]
2024-03-18 21:55:44.638 [info] > git cat-file -s ced916b5299f0e2cd2102beb464355a0ae097146 [2ms]
2024-03-18 21:55:55.411 [info] > git config --local branch.master.github-pr-owner-number [1ms]
2024-03-18 21:55:55.411 [warning] git config failed: Failed to execute git
2024-03-18 21:57:33.366 [info] > git show --textconv :wsgi.py [13ms]
2024-03-18 21:57:33.367 [info] > git ls-files --stage -- /workspace/info2602a2/wsgi.py [2ms]
2024-03-18 21:57:33.380 [info] > git cat-file -s fd188a7550a9ecb540e80d4ce666d759757254fb [1ms]
2024-03-18 21:57:41.354 [info] > git config --get commit.template [15ms]
2024-03-18 21:57:41.354 [info] > git for-each-ref --format=%(refname)%00%(upstream:short)%00%(objectname)%00%(upstream:track)%00%(upstream:remotename)%00%(upstream:remoteref) refs/heads/master refs/remotes/master [1ms]
2024-03-18 21:57:41.368 [warning] ENOENT: no such file or directory, open '/workspace/info2602a2/.git/refs/remotes/origin/master'
2024-03-18 21:57:41.369 [info] > git rev-parse refs/remotes/origin/master [2ms]
2024-03-18 21:57:41.386 [info] > git status -z -uall [2ms]
2024-03-18 21:59:07.307 [info] > git show --textconv :App/models.py [13ms]
2024-03-18 21:59:07.308 [info] > git ls-files --stage -- /workspace/info2602a2/App/models.py [1ms]
2024-03-18 21:59:07.323 [info] > git cat-file -s ced916b5299f0e2cd2102beb464355a0ae097146 [2ms]
2024-03-18 21:59:16.264 [info] > git show --textconv :wsgi.py [10ms]
2024-03-18 21:59:16.265 [info] > git ls-files --stage -- /workspace/info2602a2/wsgi.py [2ms]
2024-03-18 21:59:16.275 [info] > git cat-file -s fd188a7550a9ecb540e80d4ce666d759757254fb [2ms]
2024-03-18 21:59:20.785 [info] > git config --get commit.template [1ms]
2024-03-18 21:59:20.799 [info] > git for-each-ref --format=%(refname)%00%(upstream:short)%00%(objectname)%00%(upstream:track)%00%(upstream:remotename)%00%(upstream:remoteref) refs/heads/master refs/remotes/master [2ms]
2024-03-18 21:59:20.811 [warning] ENOENT: no such file or directory, open '/workspace/info2602a2/.git/refs/remotes/origin/master'
2024-03-18 21:59:20.812 [info] > git rev-parse refs/remotes/origin/master [1ms]
2024-03-18 21:59:20.827 [info] > git status -z -uall [2ms]
2024-03-18 21:59:25.855 [info] > git config --get commit.template [12ms]
2024-03-18 21:59:25.856 [info] > git for-each-ref --format=%(refname)%00%(upstream:short)%00%(objectname)%00%(upstream:track)%00%(upstream:remotename)%00%(upstream:remoteref) refs/heads/master refs/remotes/master [2ms]
2024-03-18 21:59:25.868 [warning] ENOENT: no such file or directory, open '/workspace/info2602a2/.git/refs/remotes/origin/master'
2024-03-18 21:59:25.869 [info] > git rev-parse refs/remotes/origin/master [1ms]
2024-03-18 21:59:25.885 [info] > git status -z -uall [1ms]
2024-03-18 21:59:30.910 [info] > git config --get commit.template [10ms]
2024-03-18 21:59:30.911 [info] > git for-each-ref --format=%(refname)%00%(upstream:short)%00%(objectname)%00%(upstream:track)%00%(upstream:remotename)%00%(upstream:remoteref) refs/heads/master refs/remotes/master [1ms]
2024-03-18 21:59:30.923 [warning] ENOENT: no such file or directory, open '/workspace/info2602a2/.git/refs/remotes/origin/master'
2024-03-18 21:59:30.924 [info] > git rev-parse refs/remotes/origin/master [1ms]
2024-03-18 21:59:30.936 [info] > git status -z -uall [2ms]
2024-03-18 21:59:39.551 [info] > git config --get commit.template [12ms]
2024-03-18 21:59:39.551 [info] > git for-each-ref --format=%(refname)%00%(upstream:short)%00%(objectname)%00%(upstream:track)%00%(upstream:remotename)%00%(upstream:remoteref) refs/heads/master refs/remotes/master [1ms]
2024-03-18 21:59:39.562 [warning] ENOENT: no such file or directory, open '/workspace/info2602a2/.git/refs/remotes/origin/master'
2024-03-18 21:59:39.563 [info] > git rev-parse refs/remotes/origin/master [2ms]
2024-03-18 21:59:39.574 [info] > git status -z -uall [2ms]
2024-03-18 21:59:44.809 [info] > git config --get commit.template [13ms]
2024-03-18 21:59:44.810 [info] > git for-each-ref --format=%(refname)%00%(upstream:short)%00%(objectname)%00%(upstream:track)%00%(upstream:remotename)%00%(upstream:remoteref) refs/heads/master refs/remotes/master [2ms]
2024-03-18 21:59:44.824 [warning] ENOENT: no such file or directory, open '/workspace/info2602a2/.git/refs/remotes/origin/master'
2024-03-18 21:59:44.826 [info] > git rev-parse refs/remotes/origin/master [1ms]
2024-03-18 21:59:44.844 [info] > git status -z -uall [1ms]
2024-03-18 21:59:50.381 [info] > git config --get commit.template [9ms]
2024-03-18 21:59:50.382 [info] > git for-each-ref --format=%(refname)%00%(upstream:short)%00%(objectname)%00%(upstream:track)%00%(upstream:remotename)%00%(upstream:remoteref) refs/heads/master refs/remotes/master [1ms]
2024-03-18 21:59:50.389 [warning] ENOENT: no such file or directory, open '/workspace/info2602a2/.git/refs/remotes/origin/master'
2024-03-18 21:59:50.390 [info] > git rev-parse refs/remotes/origin/master [1ms]
2024-03-18 21:59:50.398 [info] > git status -z -uall [2ms]
2024-03-18 22:00:55.426 [info] > git config --local branch.master.github-pr-owner-number [1ms]
2024-03-18 22:00:55.427 [warning] git config failed: Failed to execute git
2024-03-18 22:01:21.890 [info] > git config --get commit.template [9ms]
2024-03-18 22:01:21.890 [info] > git for-each-ref --format=%(refname)%00%(upstream:short)%00%(objectname)%00%(upstream:track)%00%(upstream:remotename)%00%(upstream:remoteref) refs/heads/master refs/remotes/master [1ms]
2024-03-18 22:01:21.897 [warning] ENOENT: no such file or directory, open '/workspace/info2602a2/.git/refs/remotes/origin/master'
2024-03-18 22:01:21.898 [info] > git rev-parse refs/remotes/origin/master [1ms]
2024-03-18 22:01:21.908 [info] > git status -z -uall [2ms]
2024-03-18 22:01:37.520 [info] > git config --get commit.template [9ms]
2024-03-18 22:01:37.521 [info] > git for-each-ref --format=%(refname)%00%(upstream:short)%00%(objectname)%00%(upstream:track)%00%(upstream:remotename)%00%(upstream:remoteref) refs/heads/master refs/remotes/master [2ms]
2024-03-18 22:01:37.531 [warning] ENOENT: no such file or directory, open '/workspace/info2602a2/.git/refs/remotes/origin/master'
2024-03-18 22:01:37.533 [info] > git rev-parse refs/remotes/origin/master [1ms]
2024-03-18 22:01:37.547 [info] > git status -z -uall [1ms]
2024-03-18 22:01:42.576 [info] > git config --get commit.template [13ms]
2024-03-18 22:01:42.577 [info] > git for-each-ref --format=%(refname)%00%(upstream:short)%00%(objectname)%00%(upstream:track)%00%(upstream:remotename)%00%(upstream:remoteref) refs/heads/master refs/remotes/master [2ms]
2024-03-18 22:01:42.585 [warning] ENOENT: no such file or directory, open '/workspace/info2602a2/.git/refs/remotes/origin/master'
2024-03-18 22:01:42.586 [info] > git rev-parse refs/remotes/origin/master [1ms]
2024-03-18 22:01:42.598 [info] > git status -z -uall [2ms]
2024-03-18 22:01:57.597 [info] > git config --get commit.template [9ms]
2024-03-18 22:01:57.598 [info] > git for-each-ref --format=%(refname)%00%(upstream:short)%00%(objectname)%00%(upstream:track)%00%(upstream:remotename)%00%(upstream:remoteref) refs/heads/master refs/remotes/master [1ms]
2024-03-18 22:01:57.607 [warning] ENOENT: no such file or directory, open '/workspace/info2602a2/.git/refs/remotes/origin/master'
2024-03-18 22:01:57.608 [info] > git rev-parse refs/remotes/origin/master [1ms]
2024-03-18 22:01:57.619 [info] > git status -z -uall [2ms]
2024-03-18 22:03:12.894 [info] > git config --get commit.template [15ms]
2024-03-18 22:03:12.894 [info] > git for-each-ref --format=%(refname)%00%(upstream:short)%00%(objectname)%00%(upstream:track)%00%(upstream:remotename)%00%(upstream:remoteref) refs/heads/master refs/remotes/master [1ms]
2024-03-18 22:03:12.905 [warning] ENOENT: no such file or directory, open '/workspace/info2602a2/.git/refs/remotes/origin/master'
2024-03-18 22:03:12.906 [info] > git rev-parse refs/remotes/origin/master [1ms]
2024-03-18 22:03:12.919 [info] > git status -z -uall [2ms]
2024-03-18 22:03:17.944 [info] > git config --get commit.template [10ms]
2024-03-18 22:03:17.945 [info] > git for-each-ref --format=%(refname)%00%(upstream:short)%00%(objectname)%00%(upstream:track)%00%(upstream:remotename)%00%(upstream:remoteref) refs/heads/master refs/remotes/master [2ms]
2024-03-18 22:03:17.956 [warning] ENOENT: no such file or directory, open '/workspace/info2602a2/.git/refs/remotes/origin/master'
2024-03-18 22:03:17.957 [info] > git rev-parse refs/remotes/origin/master [1ms]
2024-03-18 22:03:17.967 [info] > git status -z -uall [2ms]
2024-03-18 22:03:30.796 [info] > git config --get commit.template [11ms]
2024-03-18 22:03:30.797 [info] > git for-each-ref --format=%(refname)%00%(upstream:short)%00%(objectname)%00%(upstream:track)%00%(upstream:remotename)%00%(upstream:remoteref) refs/heads/master refs/remotes/master [2ms]
2024-03-18 22:03:30.808 [warning] ENOENT: no such file or directory, open '/workspace/info2602a2/.git/refs/remotes/origin/master'
2024-03-18 22:03:30.809 [info] > git rev-parse refs/remotes/origin/master [2ms]
2024-03-18 22:03:30.821 [info] > git status -z -uall [2ms]
2024-03-18 22:04:00.697 [info] > git show --textconv :App/app.py [13ms]
2024-03-18 22:04:00.698 [info] > git ls-files --stage -- /workspace/info2602a2/App/app.py [2ms]
2024-03-18 22:04:00.713 [info] > git cat-file -s 111d9a10cb696d7ebbb8e3968fe209161665014c [2ms]
2024-03-18 22:04:34.559 [info] > git show --textconv :wsgi.py [12ms]
2024-03-18 22:04:34.560 [info] > git ls-files --stage -- /workspace/info2602a2/wsgi.py [1ms]
2024-03-18 22:04:34.573 [info] > git cat-file -s fd188a7550a9ecb540e80d4ce666d759757254fb [1ms]
2024-03-18 22:04:47.944 [info] > git config --get commit.template [7ms]
2024-03-18 22:04:47.945 [info] > git for-each-ref --format=%(refname)%00%(upstream:short)%00%(objectname)%00%(upstream:track)%00%(upstream:remotename)%00%(upstream:remoteref) refs/heads/master refs/remotes/master [1ms]
2024-03-18 22:04:47.951 [warning] ENOENT: no such file or directory, open '/workspace/info2602a2/.git/refs/remotes/origin/master'
2024-03-18 22:04:47.952 [info] > git rev-parse refs/remotes/origin/master [1ms]
2024-03-18 22:04:47.960 [info] > git status -z -uall [2ms]
2024-03-18 22:04:52.983 [info] > git config --get commit.template [8ms]
2024-03-18 22:04:52.984 [info] > git for-each-ref --format=%(refname)%00%(upstream:short)%00%(objectname)%00%(upstream:track)%00%(upstream:remotename)%00%(upstream:remoteref) refs/heads/master refs/remotes/master [1ms]
2024-03-18 22:04:52.990 [warning] ENOENT: no such file or directory, open '/workspace/info2602a2/.git/refs/remotes/origin/master'
2024-03-18 22:04:52.991 [info] > git rev-parse refs/remotes/origin/master [1ms]
2024-03-18 22:04:52.999 [info] > git status -z -uall [2ms]
2024-03-18 22:05:40.585 [info] > git config --get commit.template [13ms]
2024-03-18 22:05:40.586 [info] > git for-each-ref --format=%(refname)%00%(upstream:short)%00%(objectname)%00%(upstream:track)%00%(upstream:remotename)%00%(upstream:remoteref) refs/heads/master refs/remotes/master [2ms]
2024-03-18 22:05:40.598 [warning] ENOENT: no such file or directory, open '/workspace/info2602a2/.git/refs/remotes/origin/master'
2024-03-18 22:05:40.599 [info] > git rev-parse refs/remotes/origin/master [1ms]
2024-03-18 22:05:40.613 [info] > git status -z -uall [2ms]
2024-03-18 22:05:55.443 [info] > git config --local branch.master.github-pr-owner-number [2ms]
2024-03-18 22:05:55.443 [warning] git config failed: Failed to execute git
2024-03-18 22:06:16.403 [info] > git show --textconv :App/app.py [15ms]
2024-03-18 22:06:16.403 [info] > git ls-files --stage -- /workspace/info2602a2/App/app.py [2ms]
2024-03-18 22:06:16.419 [info] > git cat-file -s 111d9a10cb696d7ebbb8e3968fe209161665014c [2ms]
2024-03-18 22:06:43.465 [info] > git config --get commit.template [13ms]
2024-03-18 22:06:43.465 [info] > git for-each-ref --format=%(refname)%00%(upstream:short)%00%(objectname)%00%(upstream:track)%00%(upstream:remotename)%00%(upstream:remoteref) refs/heads/master refs/remotes/master [1ms]
2024-03-18 22:06:43.477 [warning] ENOENT: no such file or directory, open '/workspace/info2602a2/.git/refs/remotes/origin/master'
2024-03-18 22:06:43.478 [info] > git rev-parse refs/remotes/origin/master [1ms]
2024-03-18 22:06:43.493 [info] > git status -z -uall [1ms]
2024-03-18 22:06:52.114 [info] > git config --get commit.template [9ms]
2024-03-18 22:06:52.114 [info] > git for-each-ref --format=%(refname)%00%(upstream:short)%00%(objectname)%00%(upstream:track)%00%(upstream:remotename)%00%(upstream:remoteref) refs/heads/master refs/remotes/master [1ms]
2024-03-18 22:06:52.126 [warning] ENOENT: no such file or directory, open '/workspace/info2602a2/.git/refs/remotes/origin/master'
2024-03-18 22:06:52.127 [info] > git rev-parse refs/remotes/origin/master [1ms]
2024-03-18 22:06:52.140 [info] > git status -z -uall [2ms]
2024-03-18 22:06:57.159 [info] > git config --get commit.template [7ms]
2024-03-18 22:06:57.160 [info] > git for-each-ref --format=%(refname)%00%(upstream:short)%00%(objectname)%00%(upstream:track)%00%(upstream:remotename)%00%(upstream:remoteref) refs/heads/master refs/remotes/master [1ms]
2024-03-18 22:06:57.166 [warning] ENOENT: no such file or directory, open '/workspace/info2602a2/.git/refs/remotes/origin/master'
2024-03-18 22:06:57.167 [info] > git rev-parse refs/remotes/origin/master [1ms]
2024-03-18 22:06:57.175 [info] > git status -z -uall [1ms]
2024-03-18 22:09:16.970 [info] > git config --get commit.template [11ms]
2024-03-18 22:09:16.971 [info] > git for-each-ref --format=%(refname)%00%(upstream:short)%00%(objectname)%00%(upstream:track)%00%(upstream:remotename)%00%(upstream:remoteref) refs/heads/master refs/remotes/master [1ms]
2024-03-18 22:09:16.979 [warning] ENOENT: no such file or directory, open '/workspace/info2602a2/.git/refs/remotes/origin/master'
2024-03-18 22:09:16.980 [info] > git rev-parse refs/remotes/origin/master [1ms]
2024-03-18 22:09:16.992 [info] > git status -z -uall [2ms]
2024-03-18 22:09:46.664 [info] > git show --textconv :App/models.py [9ms]
2024-03-18 22:09:46.665 [info] > git ls-files --stage -- /workspace/info2602a2/App/models.py [1ms]
2024-03-18 22:09:46.673 [info] > git cat-file -s ced916b5299f0e2cd2102beb464355a0ae097146 [1ms]
2024-03-18 22:10:55.458 [info] > git config --local branch.master.github-pr-owner-number [1ms]
2024-03-18 22:10:55.459 [warning] git config failed: Failed to execute git
2024-03-18 22:13:30.620 [info] > git show --textconv :App/app.py [39ms]
2024-03-18 22:13:30.622 [info] > git ls-files --stage -- /workspace/info2602a2/App/app.py [6ms]
2024-03-18 22:13:30.668 [info] > git cat-file -s 111d9a10cb696d7ebbb8e3968fe209161665014c [4ms]
2024-03-18 22:13:45.657 [info] > git config --get commit.template [25ms]
2024-03-18 22:13:45.658 [info] > git for-each-ref --format=%(refname)%00%(upstream:short)%00%(objectname)%00%(upstream:track)%00%(upstream:remotename)%00%(upstream:remoteref) refs/heads/master refs/remotes/master [2ms]
2024-03-18 22:13:45.717 [warning] ENOENT: no such file or directory, open '/workspace/info2602a2/.git/refs/remotes/origin/master'
2024-03-18 22:13:45.726 [info] > git rev-parse refs/remotes/origin/master [9ms]
2024-03-18 22:13:45.755 [info] > git status -z -uall [3ms]
2024-03-18 22:13:50.806 [info] > git config --get commit.template [2ms]
2024-03-18 22:13:50.838 [info] > git for-each-ref --format=%(refname)%00%(upstream:short)%00%(objectname)%00%(upstream:track)%00%(upstream:remotename)%00%(upstream:remoteref) refs/heads/master refs/remotes/master [3ms]
2024-03-18 22:13:50.863 [warning] ENOENT: no such file or directory, open '/workspace/info2602a2/.git/refs/remotes/origin/master'
2024-03-18 22:13:50.866 [info] > git rev-parse refs/remotes/origin/master [3ms]
2024-03-18 22:13:50.902 [info] > git status -z -uall [2ms]
2024-03-18 22:15:55.477 [info] > git config --local branch.master.github-pr-owner-number [1ms]
2024-03-18 22:15:55.477 [warning] git config failed: Failed to execute git
2024-03-18 22:16:11.279 [info] > git config --get commit.template [26ms]
2024-03-18 22:16:11.280 [info] > git for-each-ref --format=%(refname)%00%(upstream:short)%00%(objectname)%00%(upstream:track)%00%(upstream:remotename)%00%(upstream:remoteref) refs/heads/master refs/remotes/master [5ms]
2024-03-18 22:16:11.299 [warning] ENOENT: no such file or directory, open '/workspace/info2602a2/.git/refs/remotes/origin/master'
2024-03-18 22:16:11.301 [info] > git rev-parse refs/remotes/origin/master [2ms]
2024-03-18 22:16:11.326 [info] > git status -z -uall [3ms]
2024-03-18 22:16:21.337 [info] > git config --get commit.template [28ms]
2024-03-18 22:16:21.339 [info] > git for-each-ref --format=%(refname)%00%(upstream:short)%00%(objectname)%00%(upstream:track)%00%(upstream:remotename)%00%(upstream:remoteref) refs/heads/master refs/remotes/master [4ms]
2024-03-18 22:16:21.359 [warning] ENOENT: no such file or directory, open '/workspace/info2602a2/.git/refs/remotes/origin/master'
2024-03-18 22:16:21.362 [info] > git rev-parse refs/remotes/origin/master [2ms]
2024-03-18 22:16:21.387 [info] > git status -z -uall [3ms]
2024-03-18 22:16:26.444 [info] > git config --get commit.template [27ms]
2024-03-18 22:16:26.446 [info] > git for-each-ref --format=%(refname)%00%(upstream:short)%00%(objectname)%00%(upstream:track)%00%(upstream:remotename)%00%(upstream:remoteref) refs/heads/master refs/remotes/master [2ms]
2024-03-18 22:16:26.474 [warning] ENOENT: no such file or directory, open '/workspace/info2602a2/.git/refs/remotes/origin/master'
2024-03-18 22:16:26.477 [info] > git rev-parse refs/remotes/origin/master [3ms]
2024-03-18 22:16:26.503 [info] > git status -z -uall [2ms]
2024-03-18 22:16:50.413 [info] > git config --get commit.template [23ms]
2024-03-18 22:16:50.414 [info] > git for-each-ref --format=%(refname)%00%(upstream:short)%00%(objectname)%00%(upstream:track)%00%(upstream:remotename)%00%(upstream:remoteref) refs/heads/master refs/remotes/master [2ms]
2024-03-18 22:16:50.431 [warning] ENOENT: no such file or directory, open '/workspace/info2602a2/.git/refs/remotes/origin/master'
2024-03-18 22:16:50.433 [info] > git rev-parse refs/remotes/origin/master [2ms]
2024-03-18 22:16:50.455 [info] > git status -z -uall [3ms]
2024-03-18 22:17:10.371 [info] > git config --get commit.template [23ms]
2024-03-18 22:17:10.371 [info] > git for-each-ref --format=%(refname)%00%(upstream:short)%00%(objectname)%00%(upstream:track)%00%(upstream:remotename)%00%(upstream:remoteref) refs/heads/master refs/remotes/master [2ms]
2024-03-18 22:17:10.397 [warning] ENOENT: no such file or directory, open '/workspace/info2602a2/.git/refs/remotes/origin/master'
2024-03-18 22:17:10.400 [info] > git rev-parse refs/remotes/origin/master [3ms]
2024-03-18 22:17:10.430 [info] > git status -z -uall [5ms]
2024-03-18 22:17:15.471 [info] > git for-each-ref --format=%(refname)%00%(upstream:short)%00%(objectname)%00%(upstream:track)%00%(upstream:remotename)%00%(upstream:remoteref) refs/heads/master refs/remotes/master [3ms]
2024-03-18 22:17:15.471 [info] > git config --get commit.template [18ms]
2024-03-18 22:17:15.490 [warning] ENOENT: no such file or directory, open '/workspace/info2602a2/.git/refs/remotes/origin/master'
2024-03-18 22:17:15.493 [info] > git rev-parse refs/remotes/origin/master [2ms]
2024-03-18 22:17:15.512 [info] > git status -z -uall [2ms]
2024-03-18 22:17:23.296 [info] > git config --get commit.template [26ms]
2024-03-18 22:17:23.296 [info] > git for-each-ref --format=%(refname)%00%(upstream:short)%00%(objectname)%00%(upstream:track)%00%(upstream:remotename)%00%(upstream:remoteref) refs/heads/master refs/remotes/master [2ms]
2024-03-18 22:17:23.317 [warning] ENOENT: no such file or directory, open '/workspace/info2602a2/.git/refs/remotes/origin/master'
2024-03-18 22:17:23.319 [info] > git rev-parse refs/remotes/origin/master [2ms]
2024-03-18 22:17:23.344 [info] > git status -z -uall [3ms]
2024-03-18 22:17:29.173 [info] > git config --get commit.template [23ms]
2024-03-18 22:17:29.173 [info] > git for-each-ref --format=%(refname)%00%(upstream:short)%00%(objectname)%00%(upstream:track)%00%(upstream:remotename)%00%(upstream:remoteref) refs/heads/master refs/remotes/master [2ms]
2024-03-18 22:17:29.194 [warning] ENOENT: no such file or directory, open '/workspace/info2602a2/.git/refs/remotes/origin/master'
2024-03-18 22:17:29.196 [info] > git rev-parse refs/remotes/origin/master [2ms]
2024-03-18 22:17:29.223 [info] > git status -z -uall [4ms]
2024-03-18 22:17:34.265 [info] > git config --get commit.template [17ms]
2024-03-18 22:17:34.266 [info] > git for-each-ref --format=%(refname)%00%(upstream:short)%00%(objectname)%00%(upstream:track)%00%(upstream:remotename)%00%(upstream:remoteref) refs/heads/master refs/remotes/master [2ms]
2024-03-18 22:17:34.286 [warning] ENOENT: no such file or directory, open '/workspace/info2602a2/.git/refs/remotes/origin/master'
2024-03-18 22:17:34.288 [info] > git rev-parse refs/remotes/origin/master [3ms]
2024-03-18 22:17:34.311 [info] > git status -z -uall [3ms]
2024-03-18 22:17:44.884 [info] > git show --textconv :wsgi.py [23ms]
2024-03-18 22:17:44.885 [info] > git ls-files --stage -- /workspace/info2602a2/wsgi.py [2ms]
2024-03-18 22:17:44.900 [info] > git cat-file -s fd188a7550a9ecb540e80d4ce666d759757254fb [2ms]
2024-03-18 22:18:15.956 [info] > git config --get commit.template [21ms]
2024-03-18 22:18:15.957 [info] > git for-each-ref --format=%(refname)%00%(upstream:short)%00%(objectname)%00%(upstream:track)%00%(upstream:remotename)%00%(upstream:remoteref) refs/heads/master refs/remotes/master [2ms]
2024-03-18 22:18:15.982 [warning] ENOENT: no such file or directory, open '/workspace/info2602a2/.git/refs/remotes/origin/master'
2024-03-18 22:18:15.983 [info] > git rev-parse refs/remotes/origin/master [1ms]
2024-03-18 22:18:16.008 [info] > git status -z -uall [4ms]
2024-03-18 22:18:21.047 [info] > git config --get commit.template [14ms]
2024-03-18 22:18:21.047 [info] > git for-each-ref --format=%(refname)%00%(upstream:short)%00%(objectname)%00%(upstream:track)%00%(upstream:remotename)%00%(upstream:remoteref) refs/heads/master refs/remotes/master [2ms]
2024-03-18 22:18:21.068 [warning] ENOENT: no such file or directory, open '/workspace/info2602a2/.git/refs/remotes/origin/master'
2024-03-18 22:18:21.069 [info] > git rev-parse refs/remotes/origin/master [2ms]
2024-03-18 22:18:21.092 [info] > git status -z -uall [3ms]
2024-03-18 22:19:31.644 [info] > git config --get commit.template [35ms]
2024-03-18 22:19:31.646 [info] > git for-each-ref --format=%(refname)%00%(upstream:short)%00%(objectname)%00%(upstream:track)%00%(upstream:remotename)%00%(upstream:remoteref) refs/heads/master refs/remotes/master [4ms]
2024-03-18 22:19:31.670 [warning] ENOENT: no such file or directory, open '/workspace/info2602a2/.git/refs/remotes/origin/master'
2024-03-18 22:19:31.672 [info] > git rev-parse refs/remotes/origin/master [2ms]
2024-03-18 22:19:31.695 [info] > git status -z -uall [2ms]
2024-03-18 22:19:55.780 [info] > git show --textconv :App/models.py [25ms]
2024-03-18 22:19:55.781 [info] > git ls-files --stage -- /workspace/info2602a2/App/models.py [2ms]
2024-03-18 22:19:55.806 [info] > git cat-file -s ced916b5299f0e2cd2102beb464355a0ae097146 [2ms]
2024-03-18 22:20:25.033 [info] > git show --textconv :wsgi.py [21ms]
2024-03-18 22:20:25.034 [info] > git ls-files --stage -- /workspace/info2602a2/wsgi.py [2ms]
2024-03-18 22:20:25.054 [info] > git cat-file -s fd188a7550a9ecb540e80d4ce666d759757254fb [3ms]
2024-03-18 22:20:26.804 [info] > git show --textconv :App/app.py [22ms]
2024-03-18 22:20:26.806 [info] > git ls-files --stage -- /workspace/info2602a2/App/app.py [2ms]
2024-03-18 22:20:26.833 [info] > git cat-file -s 111d9a10cb696d7ebbb8e3968fe209161665014c [2ms]
2024-03-18 22:20:55.501 [info] > git config --local branch.master.github-pr-owner-number [3ms]
2024-03-18 22:20:55.502 [warning] git config failed: Failed to execute git
2024-03-18 22:25:55.536 [info] > git config --local branch.master.github-pr-owner-number [4ms]
2024-03-18 22:25:55.536 [warning] git config failed: Failed to execute git
2024-03-18 22:26:33.470 [info] > git config --get commit.template [14ms]
2024-03-18 22:26:33.471 [info] > git for-each-ref --format=%(refname)%00%(upstream:short)%00%(objectname)%00%(upstream:track)%00%(upstream:remotename)%00%(upstream:remoteref) refs/heads/master refs/remotes/master [2ms]
2024-03-18 22:26:33.484 [warning] ENOENT: no such file or directory, open '/workspace/info2602a2/.git/refs/remotes/origin/master'
2024-03-18 22:26:33.485 [info] > git rev-parse refs/remotes/origin/master [1ms]
2024-03-18 22:26:33.498 [info] > git status -z -uall [2ms]
2024-03-18 22:26:38.546 [info] > git config --get commit.template [28ms]
2024-03-18 22:26:38.547 [info] > git for-each-ref --format=%(refname)%00%(upstream:short)%00%(objectname)%00%(upstream:track)%00%(upstream:remotename)%00%(upstream:remoteref) refs/heads/master refs/remotes/master [2ms]
2024-03-18 22:26:38.573 [warning] ENOENT: no such file or directory, open '/workspace/info2602a2/.git/refs/remotes/origin/master'
2024-03-18 22:26:38.575 [info] > git rev-parse refs/remotes/origin/master [2ms]
2024-03-18 22:26:38.600 [info] > git status -z -uall [2ms]
2024-03-18 22:26:43.642 [info] > git config --get commit.template [4ms]
2024-03-18 22:26:43.679 [info] > git for-each-ref --format=%(refname)%00%(upstream:short)%00%(objectname)%00%(upstream:track)%00%(upstream:remotename)%00%(upstream:remoteref) refs/heads/master refs/remotes/master [2ms]
2024-03-18 22:26:43.709 [warning] ENOENT: no such file or directory, open '/workspace/info2602a2/.git/refs/remotes/origin/master'
2024-03-18 22:26:43.714 [info] > git rev-parse refs/remotes/origin/master [4ms]
2024-03-18 22:26:43.756 [info] > git status -z -uall [3ms]
2024-03-18 22:27:05.306 [info] > git config --get commit.template [15ms]
2024-03-18 22:27:05.307 [info] > git for-each-ref --format=%(refname)%00%(upstream:short)%00%(objectname)%00%(upstream:track)%00%(upstream:remotename)%00%(upstream:remoteref) refs/heads/master refs/remotes/master [3ms]
2024-03-18 22:27:05.326 [warning] ENOENT: no such file or directory, open '/workspace/info2602a2/.git/refs/remotes/origin/master'
2024-03-18 22:27:05.328 [info] > git rev-parse refs/remotes/origin/master [2ms]
2024-03-18 22:27:05.351 [info] > git status -z -uall [3ms]
2024-03-18 22:27:15.031 [info] > git config --get commit.template [3ms]
2024-03-18 22:27:15.060 [info] > git for-each-ref --format=%(refname)%00%(upstream:short)%00%(objectname)%00%(upstream:track)%00%(upstream:remotename)%00%(upstream:remoteref) refs/heads/master refs/remotes/master [3ms]
2024-03-18 22:27:15.085 [warning] ENOENT: no such file or directory, open '/workspace/info2602a2/.git/refs/remotes/origin/master'
2024-03-18 22:27:15.087 [info] > git rev-parse refs/remotes/origin/master [2ms]
2024-03-18 22:27:15.120 [info] > git status -z -uall [3ms]
2024-03-18 22:27:20.171 [info] > git config --get commit.template [22ms]
2024-03-18 22:27:20.172 [info] > git for-each-ref --format=%(refname)%00%(upstream:short)%00%(objectname)%00%(upstream:track)%00%(upstream:remotename)%00%(upstream:remoteref) refs/heads/master refs/remotes/master [2ms]
2024-03-18 22:27:20.191 [warning] ENOENT: no such file or directory, open '/workspace/info2602a2/.git/refs/remotes/origin/master'
2024-03-18 22:27:20.193 [info] > git rev-parse refs/remotes/origin/master [2ms]
2024-03-18 22:27:20.218 [info] > git status -z -uall [6ms]
2024-03-18 22:27:58.622 [info] > git config --get commit.template [33ms]
2024-03-18 22:27:58.629 [info] > git for-each-ref --format=%(refname)%00%(upstream:short)%00%(objectname)%00%(upstream:track)%00%(upstream:remotename)%00%(upstream:remoteref) refs/heads/master refs/remotes/master [9ms]
2024-03-18 22:27:58.659 [warning] ENOENT: no such file or directory, open '/workspace/info2602a2/.git/refs/remotes/origin/master'
2024-03-18 22:27:58.663 [info] > git rev-parse refs/remotes/origin/master [4ms]
2024-03-18 22:27:58.705 [info] > git status -z -uall [12ms]
2024-03-18 22:28:39.831 [info] > git config --get commit.template [15ms]
2024-03-18 22:28:39.832 [info] > git for-each-ref --format=%(refname)%00%(upstream:short)%00%(objectname)%00%(upstream:track)%00%(upstream:remotename)%00%(upstream:remoteref) refs/heads/master refs/remotes/master [2ms]
2024-03-18 22:28:39.846 [warning] ENOENT: no such file or directory, open '/workspace/info2602a2/.git/refs/remotes/origin/master'
2024-03-18 22:28:39.847 [info] > git rev-parse refs/remotes/origin/master [1ms]
2024-03-18 22:28:39.871 [info] > git status -z -uall [3ms]
2024-03-18 22:29:34.174 [info] > git config --get commit.template [16ms]
2024-03-18 22:29:34.175 [info] > git for-each-ref --format=%(refname)%00%(upstream:short)%00%(objectname)%00%(upstream:track)%00%(upstream:remotename)%00%(upstream:remoteref) refs/heads/master refs/remotes/master [1ms]
2024-03-18 22:29:34.188 [warning] ENOENT: no such file or directory, open '/workspace/info2602a2/.git/refs/remotes/origin/master'
2024-03-18 22:29:34.190 [info] > git rev-parse refs/remotes/origin/master [1ms]
2024-03-18 22:29:34.206 [info] > git status -z -uall [2ms]
2024-03-18 22:29:39.242 [info] > git config --get commit.template [19ms]
2024-03-18 22:29:39.242 [info] > git for-each-ref --format=%(refname)%00%(upstream:short)%00%(objectname)%00%(upstream:track)%00%(upstream:remotename)%00%(upstream:remoteref) refs/heads/master refs/remotes/master [2ms]
2024-03-18 22:29:39.251 [warning] ENOENT: no such file or directory, open '/workspace/info2602a2/.git/refs/remotes/origin/master'
2024-03-18 22:29:39.253 [info] > git rev-parse refs/remotes/origin/master [2ms]
2024-03-18 22:29:39.303 [info] > git status -z -uall [42ms]
2024-03-18 22:30:55.555 [info] > git config --local branch.master.github-pr-owner-number [2ms]
2024-03-18 22:30:55.555 [warning] git config failed: Failed to execute git
2024-03-18 22:34:32.046 [info] > git config --get commit.template [3ms]
2024-03-18 22:34:32.073 [info] > git for-each-ref --format=%(refname)%00%(upstream:short)%00%(objectname)%00%(upstream:track)%00%(upstream:remotename)%00%(upstream:remoteref) refs/heads/master refs/remotes/master [2ms]
2024-03-18 22:34:32.092 [warning] ENOENT: no such file or directory, open '/workspace/info2602a2/.git/refs/remotes/origin/master'
2024-03-18 22:34:32.093 [info] > git rev-parse refs/remotes/origin/master [1ms]
2024-03-18 22:34:32.117 [info] > git status -z -uall [3ms]
2024-03-18 22:34:37.175 [info] > git config --get commit.template [27ms]
2024-03-18 22:34:37.176 [info] > git for-each-ref --format=%(refname)%00%(upstream:short)%00%(objectname)%00%(upstream:track)%00%(upstream:remotename)%00%(upstream:remoteref) refs/heads/master refs/remotes/master [4ms]
2024-03-18 22:34:37.199 [warning] ENOENT: no such file or directory, open '/workspace/info2602a2/.git/refs/remotes/origin/master'
2024-03-18 22:34:37.202 [info] > git rev-parse refs/remotes/origin/master [3ms]
2024-03-18 22:34:37.226 [info] > git status -z -uall [2ms]
2024-03-18 22:34:42.297 [info] > git config --get commit.template [34ms]
2024-03-18 22:34:42.298 [info] > git for-each-ref --format=%(refname)%00%(upstream:short)%00%(objectname)%00%(upstream:track)%00%(upstream:remotename)%00%(upstream:remoteref) refs/heads/master refs/remotes/master [2ms]
2024-03-18 22:34:42.315 [warning] ENOENT: no such file or directory, open '/workspace/info2602a2/.git/refs/remotes/origin/master'
2024-03-18 22:34:42.317 [info] > git rev-parse refs/remotes/origin/master [2ms]
2024-03-18 22:34:42.337 [info] > git status -z -uall [3ms]
2024-03-18 22:34:48.223 [info] > git config --get commit.template [2ms]
2024-03-18 22:34:48.248 [info] > git for-each-ref --format=%(refname)%00%(upstream:short)%00%(objectname)%00%(upstream:track)%00%(upstream:remotename)%00%(upstream:remoteref) refs/heads/master refs/remotes/master [5ms]
2024-03-18 22:34:48.270 [warning] ENOENT: no such file or directory, open '/workspace/info2602a2/.git/refs/remotes/origin/master'
2024-03-18 22:34:48.274 [info] > git rev-parse refs/remotes/origin/master [3ms]
2024-03-18 22:34:48.297 [info] > git status -z -uall [2ms]
2024-03-18 22:34:53.356 [info] > git config --get commit.template [29ms]
2024-03-18 22:34:53.356 [info] > git for-each-ref --format=%(refname)%00%(upstream:short)%00%(objectname)%00%(upstream:track)%00%(upstream:remotename)%00%(upstream:remoteref) refs/heads/master refs/remotes/master [2ms]
2024-03-18 22:34:53.382 [warning] ENOENT: no such file or directory, open '/workspace/info2602a2/.git/refs/remotes/origin/master'
2024-03-18 22:34:53.384 [info] > git rev-parse refs/remotes/origin/master [2ms]
2024-03-18 22:34:53.409 [info] > git status -z -uall [3ms]
2024-03-18 22:34:59.315 [info] > git config --get commit.template [3ms]
2024-03-18 22:34:59.334 [info] > git for-each-ref --format=%(refname)%00%(upstream:short)%00%(objectname)%00%(upstream:track)%00%(upstream:remotename)%00%(upstream:remoteref) refs/heads/master refs/remotes/master [2ms]
2024-03-18 22:34:59.349 [warning] ENOENT: no such file or directory, open '/workspace/info2602a2/.git/refs/remotes/origin/master'
2024-03-18 22:34:59.350 [info] > git rev-parse refs/remotes/origin/master [1ms]
2024-03-18 22:34:59.372 [info] > git status -z -uall [4ms]
2024-03-18 22:35:21.251 [info] > git config --get commit.template [18ms]
2024-03-18 22:35:21.252 [info] > git for-each-ref --format=%(refname)%00%(upstream:short)%00%(objectname)%00%(upstream:track)%00%(upstream:remotename)%00%(upstream:remoteref) refs/heads/master refs/remotes/master [2ms]
2024-03-18 22:35:21.275 [warning] ENOENT: no such file or directory, open '/workspace/info2602a2/.git/refs/remotes/origin/master'
2024-03-18 22:35:21.277 [info] > git rev-parse refs/remotes/origin/master [2ms]
2024-03-18 22:35:21.296 [info] > git status -z -uall [2ms]
2024-03-18 22:35:26.360 [info] > git config --get commit.template [28ms]
2024-03-18 22:35:26.362 [info] > git for-each-ref --format=%(refname)%00%(upstream:short)%00%(objectname)%00%(upstream:track)%00%(upstream:remotename)%00%(upstream:remoteref) refs/heads/master refs/remotes/master [3ms]
2024-03-18 22:35:26.389 [warning] ENOENT: no such file or directory, open '/workspace/info2602a2/.git/refs/remotes/origin/master'
2024-03-18 22:35:26.392 [info] > git rev-parse refs/remotes/origin/master [2ms]
2024-03-18 22:35:26.417 [info] > git status -z -uall [4ms]
2024-03-18 22:35:55.589 [info] > git config --local branch.master.github-pr-owner-number [2ms]
2024-03-18 22:35:55.589 [warning] git config failed: Failed to execute git
2024-03-18 22:36:38.731 [info] > git config --get commit.template [21ms]
2024-03-18 22:36:38.734 [info] > git for-each-ref --format=%(refname)%00%(upstream:short)%00%(objectname)%00%(upstream:track)%00%(upstream:remotename)%00%(upstream:remoteref) refs/heads/master refs/remotes/master [3ms]
2024-03-18 22:36:38.755 [warning] ENOENT: no such file or directory, open '/workspace/info2602a2/.git/refs/remotes/origin/master'
2024-03-18 22:36:38.757 [info] > git rev-parse refs/remotes/origin/master [1ms]
2024-03-18 22:36:38.776 [info] > git status -z -uall [2ms]
2024-03-18 22:37:12.407 [info] > git config --get commit.template [24ms]
2024-03-18 22:37:12.408 [info] > git for-each-ref --format=%(refname)%00%(upstream:short)%00%(objectname)%00%(upstream:track)%00%(upstream:remotename)%00%(upstream:remoteref) refs/heads/master refs/remotes/master [4ms]
2024-03-18 22:37:12.435 [warning] ENOENT: no such file or directory, open '/workspace/info2602a2/.git/refs/remotes/origin/master'
2024-03-18 22:37:12.439 [info] > git rev-parse refs/remotes/origin/master [4ms]
2024-03-18 22:37:12.467 [info] > git status -z -uall [3ms]
2024-03-18 22:38:06.312 [info] > git config --get commit.template [20ms]
2024-03-18 22:38:06.313 [info] > git for-each-ref --format=%(refname)%00%(upstream:short)%00%(objectname)%00%(upstream:track)%00%(upstream:remotename)%00%(upstream:remoteref) refs/heads/master refs/remotes/master [2ms]
2024-03-18 22:38:06.330 [warning] ENOENT: no such file or directory, open '/workspace/info2602a2/.git/refs/remotes/origin/master'
2024-03-18 22:38:06.332 [info] > git rev-parse refs/remotes/origin/master [1ms]
2024-03-18 22:38:06.356 [info] > git status -z -uall [2ms]
2024-03-18 22:38:11.378 [info] > git config --get commit.template [2ms]
2024-03-18 22:38:11.420 [info] > git for-each-ref --format=%(refname)%00%(upstream:short)%00%(objectname)%00%(upstream:track)%00%(upstream:remotename)%00%(upstream:remoteref) refs/heads/master refs/remotes/master [2ms]
2024-03-18 22:38:11.441 [warning] ENOENT: no such file or directory, open '/workspace/info2602a2/.git/refs/remotes/origin/master'
2024-03-18 22:38:11.444 [info] > git rev-parse refs/remotes/origin/master [3ms]
2024-03-18 22:38:11.461 [info] > git status -z -uall [3ms]
2024-03-18 22:38:16.501 [info] > git config --get commit.template [19ms]
2024-03-18 22:38:16.502 [info] > git for-each-ref --format=%(refname)%00%(upstream:short)%00%(objectname)%00%(upstream:track)%00%(upstream:remotename)%00%(upstream:remoteref) refs/heads/master refs/remotes/master [2ms]
2024-03-18 22:38:16.529 [warning] ENOENT: no such file or directory, open '/workspace/info2602a2/.git/refs/remotes/origin/master'
2024-03-18 22:38:16.531 [info] > git rev-parse refs/remotes/origin/master [3ms]
2024-03-18 22:38:16.554 [info] > git status -z -uall [3ms]
2024-03-18 22:40:55.602 [info] > git config --local branch.master.github-pr-owner-number [2ms]
2024-03-18 22:40:55.602 [warning] git config failed: Failed to execute git
2024-03-18 22:41:17.568 [info] > git config --get commit.template [1ms]
2024-03-18 22:41:17.577 [info] > git for-each-ref --format=%(refname)%00%(upstream:short)%00%(objectname)%00%(upstream:track)%00%(upstream:remotename)%00%(upstream:remoteref) refs/heads/master refs/remotes/master [1ms]
2024-03-18 22:41:17.585 [warning] ENOENT: no such file or directory, open '/workspace/info2602a2/.git/refs/remotes/origin/master'
2024-03-18 22:41:17.586 [info] > git rev-parse refs/remotes/origin/master [1ms]
2024-03-18 22:41:17.596 [info] > git status -z -uall [1ms]
2024-03-18 22:41:22.625 [info] > git config --get commit.template [14ms]
2024-03-18 22:41:22.625 [info] > git for-each-ref --format=%(refname)%00%(upstream:short)%00%(objectname)%00%(upstream:track)%00%(upstream:remotename)%00%(upstream:remoteref) refs/heads/master refs/remotes/master [1ms]
2024-03-18 22:41:22.638 [warning] ENOENT: no such file or directory, open '/workspace/info2602a2/.git/refs/remotes/origin/master'
2024-03-18 22:41:22.639 [info] > git rev-parse refs/remotes/origin/master [1ms]
2024-03-18 22:41:22.652 [info] > git status -z -uall [1ms]
2024-03-18 22:41:32.996 [info] > git config --get commit.template [14ms]
2024-03-18 22:41:32.996 [info] > git for-each-ref --format=%(refname)%00%(upstream:short)%00%(objectname)%00%(upstream:track)%00%(upstream:remotename)%00%(upstream:remoteref) refs/heads/master refs/remotes/master [1ms]
2024-03-18 22:41:33.014 [warning] ENOENT: no such file or directory, open '/workspace/info2602a2/.git/refs/remotes/origin/master'
2024-03-18 22:41:33.016 [info] > git rev-parse refs/remotes/origin/master [2ms]
2024-03-18 22:41:33.031 [info] > git status -z -uall [2ms]
2024-03-18 22:41:40.124 [info] > git config --get commit.template [17ms]
2024-03-18 22:41:40.124 [info] > git for-each-ref --format=%(refname)%00%(upstream:short)%00%(objectname)%00%(upstream:track)%00%(upstream:remotename)%00%(upstream:remoteref) refs/heads/master refs/remotes/master [1ms]
2024-03-18 22:41:40.140 [warning] ENOENT: no such file or directory, open '/workspace/info2602a2/.git/refs/remotes/origin/master'
2024-03-18 22:41:40.141 [info] > git rev-parse refs/remotes/origin/master [1ms]
2024-03-18 22:41:40.152 [info] > git status -z -uall [1ms]
2024-03-18 22:41:45.182 [info] > git config --get commit.template [14ms]
2024-03-18 22:41:45.182 [info] > git for-each-ref --format=%(refname)%00%(upstream:short)%00%(objectname)%00%(upstream:track)%00%(upstream:remotename)%00%(upstream:remoteref) refs/heads/master refs/remotes/master [1ms]
2024-03-18 22:41:45.196 [warning] ENOENT: no such file or directory, open '/workspace/info2602a2/.git/refs/remotes/origin/master'
2024-03-18 22:41:45.196 [info] > git rev-parse refs/remotes/origin/master [1ms]
2024-03-18 22:41:45.212 [info] > git status -z -uall [1ms]
2024-03-18 22:41:50.244 [info] > git config --get commit.template [16ms]
2024-03-18 22:41:50.245 [info] > git for-each-ref --format=%(refname)%00%(upstream:short)%00%(objectname)%00%(upstream:track)%00%(upstream:remotename)%00%(upstream:remoteref) refs/heads/master refs/remotes/master [2ms]
2024-03-18 22:41:50.259 [warning] ENOENT: no such file or directory, open '/workspace/info2602a2/.git/refs/remotes/origin/master'
2024-03-18 22:41:50.260 [info] > git rev-parse refs/remotes/origin/master [1ms]
2024-03-18 22:41:50.270 [info] > git status -z -uall [1ms]
2024-03-18 22:42:01.458 [info] > git config --get commit.template [14ms]
2024-03-18 22:42:01.459 [info] > git for-each-ref --format=%(refname)%00%(upstream:short)%00%(objectname)%00%(upstream:track)%00%(upstream:remotename)%00%(upstream:remoteref) refs/heads/master refs/remotes/master [1ms]
2024-03-18 22:42:01.473 [warning] ENOENT: no such file or directory, open '/workspace/info2602a2/.git/refs/remotes/origin/master'
2024-03-18 22:42:01.473 [info] > git rev-parse refs/remotes/origin/master [1ms]
2024-03-18 22:42:01.491 [info] > git status -z -uall [2ms]
2024-03-18 22:42:06.522 [info] > git config --get commit.template [14ms]
2024-03-18 22:42:06.522 [info] > git for-each-ref --format=%(refname)%00%(upstream:short)%00%(objectname)%00%(upstream:track)%00%(upstream:remotename)%00%(upstream:remoteref) refs/heads/master refs/remotes/master [2ms]
2024-03-18 22:42:06.536 [warning] ENOENT: no such file or directory, open '/workspace/info2602a2/.git/refs/remotes/origin/master'
2024-03-18 22:42:06.537 [info] > git rev-parse refs/remotes/origin/master [2ms]
2024-03-18 22:42:06.553 [info] > git status -z -uall [2ms]
2024-03-18 22:42:25.585 [info] > git config --get commit.template [16ms]
2024-03-18 22:42:25.586 [info] > git for-each-ref --format=%(refname)%00%(upstream:short)%00%(objectname)%00%(upstream:track)%00%(upstream:remotename)%00%(upstream:remoteref) refs/heads/master refs/remotes/master [2ms]
2024-03-18 22:42:25.596 [warning] ENOENT: no such file or directory, open '/workspace/info2602a2/.git/refs/remotes/origin/master'
2024-03-18 22:42:25.597 [info] > git rev-parse refs/remotes/origin/master [1ms]
2024-03-18 22:42:25.609 [info] > git status -z -uall [2ms]
2024-03-18 22:42:30.643 [info] > git config --get commit.template [14ms]
2024-03-18 22:42:30.643 [info] > git for-each-ref --format=%(refname)%00%(upstream:short)%00%(objectname)%00%(upstream:track)%00%(upstream:remotename)%00%(upstream:remoteref) refs/heads/master refs/remotes/master [1ms]
2024-03-18 22:42:30.656 [warning] ENOENT: no such file or directory, open '/workspace/info2602a2/.git/refs/remotes/origin/master'
2024-03-18 22:42:30.657 [info] > git rev-parse refs/remotes/origin/master [2ms]
2024-03-18 22:42:30.674 [info] > git status -z -uall [2ms]
2024-03-18 22:42:35.707 [info] > git config --get commit.template [14ms]
2024-03-18 22:42:35.707 [info] > git for-each-ref --format=%(refname)%00%(upstream:short)%00%(objectname)%00%(upstream:track)%00%(upstream:remotename)%00%(upstream:remoteref) refs/heads/master refs/remotes/master [1ms]
2024-03-18 22:42:35.722 [warning] ENOENT: no such file or directory, open '/workspace/info2602a2/.git/refs/remotes/origin/master'
2024-03-18 22:42:35.723 [info] > git rev-parse refs/remotes/origin/master [1ms]
2024-03-18 22:42:35.745 [info] > git status -z -uall [2ms]
2024-03-18 22:42:40.780 [info] > git config --get commit.template [14ms]
2024-03-18 22:42:40.781 [info] > git for-each-ref --format=%(refname)%00%(upstream:short)%00%(objectname)%00%(upstream:track)%00%(upstream:remotename)%00%(upstream:remoteref) refs/heads/master refs/remotes/master [2ms]
2024-03-18 22:42:40.801 [warning] ENOENT: no such file or directory, open '/workspace/info2602a2/.git/refs/remotes/origin/master'
2024-03-18 22:42:40.803 [info] > git rev-parse refs/remotes/origin/master [2ms]
2024-03-18 22:42:40.822 [info] > git status -z -uall [3ms]
2024-03-18 22:42:45.864 [info] > git config --get commit.template [20ms]
2024-03-18 22:42:45.865 [info] > git for-each-ref --format=%(refname)%00%(upstream:short)%00%(objectname)%00%(upstream:track)%00%(upstream:remotename)%00%(upstream:remoteref) refs/heads/master refs/remotes/master [2ms]
2024-03-18 22:42:45.881 [warning] ENOENT: no such file or directory, open '/workspace/info2602a2/.git/refs/remotes/origin/master'
2024-03-18 22:42:45.883 [info] > git rev-parse refs/remotes/origin/master [2ms]
2024-03-18 22:42:45.902 [info] > git status -z -uall [3ms]
2024-03-18 22:42:50.942 [info] > git config --get commit.template [21ms]
2024-03-18 22:42:50.943 [info] > git for-each-ref --format=%(refname)%00%(upstream:short)%00%(objectname)%00%(upstream:track)%00%(upstream:remotename)%00%(upstream:remoteref) refs/heads/master refs/remotes/master [2ms]
2024-03-18 22:42:50.960 [warning] ENOENT: no such file or directory, open '/workspace/info2602a2/.git/refs/remotes/origin/master'
2024-03-18 22:42:50.961 [info] > git rev-parse refs/remotes/origin/master [1ms]
2024-03-18 22:42:50.979 [info] > git status -z -uall [3ms]
2024-03-18 22:42:56.058 [info] > git config --get commit.template [48ms]
2024-03-18 22:42:56.059 [info] > git for-each-ref --format=%(refname)%00%(upstream:short)%00%(objectname)%00%(upstream:track)%00%(upstream:remotename)%00%(upstream:remoteref) refs/heads/master refs/remotes/master [3ms]
2024-03-18 22:42:56.083 [warning] ENOENT: no such file or directory, open '/workspace/info2602a2/.git/refs/remotes/origin/master'
2024-03-18 22:42:56.085 [info] > git rev-parse refs/remotes/origin/master [2ms]
2024-03-18 22:42:56.120 [info] > git status -z -uall [2ms]
2024-03-18 22:43:01.164 [info] > git config --get commit.template [17ms]
2024-03-18 22:43:01.165 [info] > git for-each-ref --format=%(refname)%00%(upstream:short)%00%(objectname)%00%(upstream:track)%00%(upstream:remotename)%00%(upstream:remoteref) refs/heads/master refs/remotes/master [2ms]
2024-03-18 22:43:01.182 [warning] ENOENT: no such file or directory, open '/workspace/info2602a2/.git/refs/remotes/origin/master'
2024-03-18 22:43:01.184 [info] > git rev-parse refs/remotes/origin/master [2ms]
2024-03-18 22:43:01.203 [info] > git status -z -uall [2ms]
2024-03-18 22:43:06.249 [info] > git config --get commit.template [22ms]
2024-03-18 22:43:06.251 [info] > git for-each-ref --format=%(refname)%00%(upstream:short)%00%(objectname)%00%(upstream:track)%00%(upstream:remotename)%00%(upstream:remoteref) refs/heads/master refs/remotes/master [3ms]
2024-03-18 22:43:06.269 [warning] ENOENT: no such file or directory, open '/workspace/info2602a2/.git/refs/remotes/origin/master'
2024-03-18 22:43:06.271 [info] > git rev-parse refs/remotes/origin/master [2ms]
2024-03-18 22:43:06.292 [info] > git status -z -uall [3ms]
2024-03-18 22:43:11.343 [info] > git config --get commit.template [8ms]
2024-03-18 22:43:11.378 [info] > git for-each-ref --format=%(refname)%00%(upstream:short)%00%(objectname)%00%(upstream:track)%00%(upstream:remotename)%00%(upstream:remoteref) refs/heads/master refs/remotes/master [3ms]
2024-03-18 22:43:11.426 [warning] ENOENT: no such file or directory, open '/workspace/info2602a2/.git/refs/remotes/origin/master'
2024-03-18 22:43:11.428 [info] > git rev-parse refs/remotes/origin/master [3ms]
2024-03-18 22:43:11.454 [info] > git status -z -uall [3ms]
