2024-03-17 03:18:53.896 [info] Log level: Info
2024-03-17 03:18:53.896 [info] VSCODE_MACHINE_ID: bc6b13ee-852c-42e2-968d-e4283f3c8f90
2024-03-17 03:18:53.896 [info] VSCODE_SESSION_ID: c8a823a4-d3a7-4a06-aabf-59743b4c09da1710645528735
2024-03-17 03:18:53.896 [info] VSCODE_VERSION: 1.87.0
2024-03-17 03:18:53.896 [info] VSCODE_APP_NAME: Gitpod Code
2024-03-17 03:18:53.896 [info] VSCODE_APP_HOST: Gitpod
2024-03-17 03:18:53.896 [info] VSCODE_UI_KIND: web
2024-03-17 03:18:53.896 [info] GITPOD_WORKSPACE_CONTEXT_URL: https://github.com/uwidcit/info2602a2
2024-03-17 03:18:53.896 [info] GITPOD_INSTANCE_ID: 7c4d49a2-2acf-4667-8f3e-9aa59814bb1f
2024-03-17 03:18:53.896 [info] GITPOD_WORKSPACE_URL: https://uwidcit-info2602a2-54yxl57ljoz.ws-us110.gitpod.io
2024-03-17 03:18:53.896 [info] Gitpod Web 4e069a6
2024-03-17 03:18:53.896 [info] Reading sessions from keychain...
2024-03-17 03:18:54.015 [info] Getting sessions for all scopes...
2024-03-17 03:18:54.015 [info] Getting GitHub sessions for all scopes...
2024-03-17 03:18:54.015 [info] Getting sessions for function:accessCodeSyncStorage...
2024-03-17 03:18:54.016 [info] Got stored sessions!
2024-03-17 03:18:54.016 [info] Verified session with the following scopes: function:accessCodeSyncStorage function:closePort function:controlAdmission function:deleteEnvVar function:generateNewGitpodToken function:getDefaultWorkspaceImage function:getEnvVars function:getGitpodTokenScopes function:getIDToken function:getLoggedInUser function:getOpenPorts function:getSupportedWorkspaceClasses function:getTeams function:getToken function:getWorkspace function:getWorkspaceEnvVars function:getWorkspaceOwner function:getWorkspaceTimeout function:getWorkspaceUsers function:guessGitTokenScopes function:isWorkspaceOwner function:openPort function:sendHeartBeat function:setEnvVar function:setWorkspaceTimeout function:stopWorkspace function:takeSnapshot function:trackEvent function:updateGitStatus function:waitForSnapshot resource:contentBlob::*::create/get resource:envVar::uwidcit/info2602a2::create/get/update/delete resource:gitpodToken::*::create resource:snapshot::ws-uwidcit-info2602a2-54yxl57ljoz::create resource:token::*::get resource:userStorage::*::create/get/update resource:workspace::uwidcit-info2602a2-54yxl57ljoz::get/update resource:workspaceInstance::7c4d49a2-2acf-4667-8f3e-9aa59814bb1f::get/update/delete
2024-03-17 03:18:54.016 [info] Got 1 verified sessions.
2024-03-17 03:18:54.016 [info] Got 1 sessions for all scopes...
2024-03-17 03:18:54.016 [info] Got 1 sessions for function:accessCodeSyncStorage...
2024-03-17 03:18:54.100 [info] Got 1 GitHub sessions for all scopes...
2024-03-17 03:18:54.778 [info] Getting sessions for all scopes...
2024-03-17 03:18:54.778 [info] Got 1 sessions for all scopes...
2024-03-17 03:18:54.915 [info] Getting GitHub sessions for all scopes...
2024-03-17 03:18:54.915 [info] Got 1 GitHub sessions for all scopes...
2024-03-17 03:18:56.183 [info] Getting GitHub sessions for read:user,repo,user:email,workflow...
2024-03-17 03:18:56.183 [info] Got 0 GitHub sessions for read:user,repo,user:email,workflow...
2024-03-17 03:18:56.857 [info] Getting GitHub sessions for all scopes...
2024-03-17 03:18:56.857 [info] Got 1 GitHub sessions for all scopes...
2024-03-17 03:18:57.033 [info] Getting GitHub sessions for project,read:org,read:user,repo,user:email,workflow...
2024-03-17 03:18:57.033 [info] Got 0 GitHub sessions for project,read:org,read:user,repo,user:email,workflow...
2024-03-17 03:18:57.452 [info] Getting GitHub sessions for read:user,repo,user:email,workflow...
2024-03-17 03:18:57.452 [info] Got 0 GitHub sessions for read:user,repo,user:email,workflow...
2024-03-17 03:18:57.871 [info] Getting GitHub sessions for read:user,repo,user:email...
2024-03-17 03:18:57.871 [info] Got 0 GitHub sessions for read:user,repo,user:email...
2024-03-17 03:18:59.920 [info] Getting GitHub sessions for read:user,repo,user:email,workflow...
2024-03-17 03:18:59.920 [info] Got 0 GitHub sessions for read:user,repo,user:email,workflow...
