2024-03-19 01:57:42.542 [info] Log level: Info
2024-03-19 01:57:42.542 [info] VSCODE_MACHINE_ID: bc6b13ee-852c-42e2-968d-e4283f3c8f90
2024-03-19 01:57:42.542 [info] VSCODE_SESSION_ID: 89abeea5-3d8d-4769-a59d-7e0e204d83bb1710813455270
2024-03-19 01:57:42.542 [info] VSCODE_VERSION: 1.87.0
2024-03-19 01:57:42.542 [info] VSCODE_APP_NAME: Gitpod Code
2024-03-19 01:57:42.542 [info] VSCODE_APP_HOST: Gitpod
2024-03-19 01:57:42.542 [info] VSCODE_UI_KIND: web
2024-03-19 01:57:42.542 [info] GITPOD_WORKSPACE_CONTEXT_URL: https://github.com/uwidcit/info2602a2
2024-03-19 01:57:42.542 [info] GITPOD_INSTANCE_ID: de9abccb-3dd5-422e-97ca-99767a276adf
2024-03-19 01:57:42.542 [info] GITPOD_WORKSPACE_URL: https://uwidcit-info2602a2-54yxl57ljoz.ws-us110.gitpod.io
2024-03-19 01:57:42.542 [info] Gitpod Web 4e069a6
2024-03-19 01:57:42.542 [info] Reading sessions from keychain...
2024-03-19 01:57:43.458 [info] Getting sessions for all scopes...
2024-03-19 01:57:43.458 [info] Getting GitHub sessions for all scopes...
2024-03-19 01:57:43.458 [info] Getting sessions for function:accessCodeSyncStorage...
2024-03-19 01:57:43.458 [info] Got 1 GitHub sessions for all scopes...
2024-03-19 01:57:43.458 [info] Got stored sessions!
2024-03-19 01:57:43.458 [info] Verified session with the following scopes: function:accessCodeSyncStorage function:closePort function:controlAdmission function:deleteEnvVar function:generateNewGitpodToken function:getDefaultWorkspaceImage function:getEnvVars function:getGitpodTokenScopes function:getIDToken function:getLoggedInUser function:getOpenPorts function:getSupportedWorkspaceClasses function:getTeams function:getToken function:getWorkspace function:getWorkspaceEnvVars function:getWorkspaceOwner function:getWorkspaceTimeout function:getWorkspaceUsers function:guessGitTokenScopes function:isWorkspaceOwner function:openPort function:sendHeartBeat function:setEnvVar function:setWorkspaceTimeout function:stopWorkspace function:takeSnapshot function:trackEvent function:updateGitStatus function:waitForSnapshot resource:contentBlob::*::create/get resource:envVar::uwidcit/info2602a2::create/get/update/delete resource:gitpodToken::*::create resource:snapshot::ws-uwidcit-info2602a2-54yxl57ljoz::create resource:token::*::get resource:userStorage::*::create/get/update resource:workspace::uwidcit-info2602a2-54yxl57ljoz::get/update resource:workspaceInstance::de9abccb-3dd5-422e-97ca-99767a276adf::get/update/delete
2024-03-19 01:57:43.458 [info] Got 1 verified sessions.
2024-03-19 01:57:43.458 [info] Got 1 sessions for all scopes...
2024-03-19 01:57:43.459 [info] Got 1 sessions for function:accessCodeSyncStorage...
2024-03-19 01:57:44.580 [info] Getting GitHub sessions for all scopes...
2024-03-19 01:57:44.580 [info] Getting sessions for all scopes...
2024-03-19 01:57:44.580 [info] Got 1 GitHub sessions for all scopes...
2024-03-19 01:57:44.580 [info] Got 1 sessions for all scopes...
2024-03-19 01:57:45.974 [info] Getting GitHub sessions for read:user,repo,user:email,workflow...
2024-03-19 01:57:45.974 [info] Got 0 GitHub sessions for read:user,repo,user:email,workflow...
2024-03-19 01:57:47.885 [info] Getting GitHub sessions for project,read:org,read:user,repo,user:email,workflow...
2024-03-19 01:57:47.885 [info] Got 0 GitHub sessions for project,read:org,read:user,repo,user:email,workflow...
2024-03-19 01:57:48.196 [info] Getting GitHub sessions for all scopes...
2024-03-19 01:57:48.196 [info] Got 1 GitHub sessions for all scopes...
2024-03-19 01:57:48.604 [info] Getting GitHub sessions for read:user,repo,user:email,workflow...
2024-03-19 01:57:48.604 [info] Got 0 GitHub sessions for read:user,repo,user:email,workflow...
2024-03-19 01:57:50.582 [info] Getting GitHub sessions for read:user,repo,user:email...
2024-03-19 01:57:50.582 [info] Got 0 GitHub sessions for read:user,repo,user:email...
2024-03-19 01:57:51.404 [info] Getting GitHub sessions for read:user,repo,user:email,workflow...
2024-03-19 01:57:51.404 [info] Got 0 GitHub sessions for read:user,repo,user:email,workflow...
