2024-03-20 01:49:12.414 [info] Default formatter is set to null for workspace /workspace/info2602a2
2024-03-20 01:49:12.414 [info] Test server listening.
2024-03-20 01:49:12.669 [info] > ~/.pyenv/shims/python -I /workspace/.vscode-remote/extensions/ms-python.python-2024.2.1-universal/pythonFiles/get_output_via_markers.py /workspace/.vscode-remote/extensions/ms-python.python-2024.2.1-universal/pythonFiles/interpreterInfo.py
2024-03-20 01:49:12.751 [info] Python interpreter path: ~/.pyenv/shims/python
2024-03-20 01:49:16.122 [info] Starting Jedi language server for info2602a2.
2024-03-20 02:00:11.155 [info] Discover tests for workspace name: info2602a2 - uri: /workspace/info2602a2/wsgi.py
2024-03-20 02:00:17.344 [info] Discover tests for workspace name: info2602a2 - uri: /workspace/info2602a2/wsgi.py
2024-03-20 02:00:18.575 [info] Discover tests for workspace name: info2602a2 - uri: /workspace/info2602a2/wsgi.py
2024-03-20 02:04:51.622 [info] Discover tests for workspace name: info2602a2 - uri: /workspace/info2602a2/App/app.py
2024-03-20 02:04:54.386 [info] Discover tests for workspace name: info2602a2 - uri: /workspace/info2602a2/App/app.py
2024-03-20 02:04:56.050 [info] Discover tests for workspace name: info2602a2 - uri: /workspace/info2602a2/App/app.py
2024-03-20 02:05:56.094 [info] Discover tests for workspace name: info2602a2 - uri: /workspace/info2602a2/App/app.py
2024-03-20 02:05:59.324 [info] Discover tests for workspace name: info2602a2 - uri: /workspace/info2602a2/App/app.py
2024-03-20 02:06:01.026 [info] Discover tests for workspace name: info2602a2 - uri: /workspace/info2602a2/App/app.py
2024-03-20 02:06:29.764 [info] Discover tests for workspace name: info2602a2 - uri: /workspace/info2602a2/App/app.py
2024-03-20 02:06:30.977 [info] Discover tests for workspace name: info2602a2 - uri: /workspace/info2602a2/App/app.py
2024-03-20 02:08:21.134 [info] Discover tests for workspace name: info2602a2 - uri: /workspace/info2602a2/App/app.py
2024-03-20 02:08:23.752 [info] Discover tests for workspace name: info2602a2 - uri: /workspace/info2602a2/App/app.py
2024-03-20 02:08:25.514 [info] Discover tests for workspace name: info2602a2 - uri: /workspace/info2602a2/App/app.py
2024-03-20 02:08:26.828 [info] Discover tests for workspace name: info2602a2 - uri: /workspace/info2602a2/App/app.py
2024-03-20 02:09:21.970 [info] Discover tests for workspace name: info2602a2 - uri: /workspace/info2602a2/App/app.py
2024-03-20 02:09:46.193 [info] Discover tests for workspace name: info2602a2 - uri: /workspace/info2602a2/App/app.py
2024-03-20 02:09:52.091 [info] Discover tests for workspace name: info2602a2 - uri: /workspace/info2602a2/App/app.py
2024-03-20 02:09:56.774 [info] Discover tests for workspace name: info2602a2 - uri: /workspace/info2602a2/App/app.py
2024-03-20 02:10:01.824 [info] Discover tests for workspace name: info2602a2 - uri: /workspace/info2602a2/App/app.py
2024-03-20 02:10:03.929 [info] Discover tests for workspace name: info2602a2 - uri: /workspace/info2602a2/App/app.py
2024-03-20 02:10:07.538 [info] Discover tests for workspace name: info2602a2 - uri: /workspace/info2602a2/App/app.py
2024-03-20 02:10:47.252 [info] Discover tests for workspace name: info2602a2 - uri: /workspace/info2602a2/App/app.py
2024-03-20 02:10:48.470 [info] Discover tests for workspace name: info2602a2 - uri: /workspace/info2602a2/App/app.py
2024-03-20 02:15:43.658 [info] Discover tests for workspace name: info2602a2 - uri: /workspace/info2602a2/App/app.py
2024-03-20 02:15:50.813 [info] Discover tests for workspace name: info2602a2 - uri: /workspace/info2602a2/App/app.py
2024-03-20 02:15:52.972 [info] Discover tests for workspace name: info2602a2 - uri: /workspace/info2602a2/App/app.py
2024-03-20 02:16:18.728 [info] Discover tests for workspace name: info2602a2 - uri: /workspace/info2602a2/App/app.py
2024-03-20 02:16:21.486 [info] Discover tests for workspace name: info2602a2 - uri: /workspace/info2602a2/App/app.py
2024-03-20 02:16:24.158 [info] Discover tests for workspace name: info2602a2 - uri: /workspace/info2602a2/App/app.py
2024-03-20 02:16:31.643 [info] Discover tests for workspace name: info2602a2 - uri: /workspace/info2602a2/App/app.py
2024-03-20 02:16:51.809 [info] Discover tests for workspace name: info2602a2 - uri: /workspace/info2602a2/App/app.py
2024-03-20 02:16:56.780 [info] Discover tests for workspace name: info2602a2 - uri: /workspace/info2602a2/App/app.py
2024-03-20 02:16:59.198 [info] Discover tests for workspace name: info2602a2 - uri: /workspace/info2602a2/App/app.py
2024-03-20 02:17:01.567 [info] Discover tests for workspace name: info2602a2 - uri: /workspace/info2602a2/App/app.py
2024-03-20 02:17:04.247 [info] Discover tests for workspace name: info2602a2 - uri: /workspace/info2602a2/App/app.py
2024-03-20 02:17:09.468 [info] Discover tests for workspace name: info2602a2 - uri: /workspace/info2602a2/App/app.py
2024-03-20 02:17:13.938 [info] Discover tests for workspace name: info2602a2 - uri: /workspace/info2602a2/App/app.py
2024-03-20 02:17:17.579 [info] Discover tests for workspace name: info2602a2 - uri: /workspace/info2602a2/App/app.py
2024-03-20 02:18:16.793 [info] Discover tests for workspace name: info2602a2 - uri: /workspace/info2602a2/App/app.py
2024-03-20 02:18:31.521 [info] Discover tests for workspace name: info2602a2 - uri: /workspace/info2602a2/App/app.py
2024-03-20 02:18:33.212 [info] Discover tests for workspace name: info2602a2 - uri: /workspace/info2602a2/App/app.py
2024-03-20 02:18:37.278 [info] Discover tests for workspace name: info2602a2 - uri: /workspace/info2602a2/App/app.py
2024-03-20 02:18:42.091 [info] Discover tests for workspace name: info2602a2 - uri: /workspace/info2602a2/App/app.py
2024-03-20 02:18:52.357 [info] Discover tests for workspace name: info2602a2 - uri: /workspace/info2602a2/App/app.py
2024-03-20 02:18:55.232 [info] Discover tests for workspace name: info2602a2 - uri: /workspace/info2602a2/App/app.py
2024-03-20 02:19:16.133 [info] Discover tests for workspace name: info2602a2 - uri: /workspace/info2602a2/App/app.py
2024-03-20 02:19:27.655 [info] Discover tests for workspace name: info2602a2 - uri: /workspace/info2602a2/App/app.py
2024-03-20 02:20:21.850 [info] Discover tests for workspace name: info2602a2 - uri: /workspace/info2602a2/App/app.py
2024-03-20 02:20:50.039 [info] Discover tests for workspace name: info2602a2 - uri: /workspace/info2602a2/App/app.py
2024-03-20 02:20:53.507 [info] Discover tests for workspace name: info2602a2 - uri: /workspace/info2602a2/App/app.py
2024-03-20 02:20:59.323 [info] Discover tests for workspace name: info2602a2 - uri: /workspace/info2602a2/App/app.py
2024-03-20 02:21:05.757 [info] Discover tests for workspace name: info2602a2 - uri: /workspace/info2602a2/App/app.py
2024-03-20 02:21:07.454 [info] Discover tests for workspace name: info2602a2 - uri: /workspace/info2602a2/App/app.py
2024-03-20 02:22:12.437 [info] Discover tests for workspace name: info2602a2 - uri: /workspace/info2602a2/App/app.py
2024-03-20 02:22:14.457 [info] Discover tests for workspace name: info2602a2 - uri: /workspace/info2602a2/App/app.py
2024-03-20 02:22:16.486 [info] Discover tests for workspace name: info2602a2 - uri: /workspace/info2602a2/App/app.py
2024-03-20 02:22:30.603 [info] Discover tests for workspace name: info2602a2 - uri: /workspace/info2602a2/App/app.py
2024-03-20 02:22:32.443 [info] Discover tests for workspace name: info2602a2 - uri: /workspace/info2602a2/App/app.py
2024-03-20 02:25:13.807 [info] Discover tests for workspace name: info2602a2 - uri: /workspace/info2602a2/App/app.py
2024-03-20 02:25:16.418 [info] Discover tests for workspace name: info2602a2 - uri: /workspace/info2602a2/App/app.py
2024-03-20 02:25:21.450 [info] Discover tests for workspace name: info2602a2 - uri: /workspace/info2602a2/App/app.py
2024-03-20 02:25:23.495 [info] Discover tests for workspace name: info2602a2 - uri: /workspace/info2602a2/App/app.py
2024-03-20 02:25:26.481 [info] Discover tests for workspace name: info2602a2 - uri: /workspace/info2602a2/App/app.py
2024-03-20 02:25:39.405 [info] Discover tests for workspace name: info2602a2 - uri: /workspace/info2602a2/App/app.py
2024-03-20 02:25:47.408 [info] Discover tests for workspace name: info2602a2 - uri: /workspace/info2602a2/App/app.py
2024-03-20 02:25:55.748 [info] Discover tests for workspace name: info2602a2 - uri: /workspace/info2602a2/App/app.py
2024-03-20 02:26:05.373 [info] Discover tests for workspace name: info2602a2 - uri: /workspace/info2602a2/App/app.py
2024-03-20 02:26:10.090 [info] Discover tests for workspace name: info2602a2 - uri: /workspace/info2602a2/App/app.py
2024-03-20 02:26:12.187 [info] Discover tests for workspace name: info2602a2 - uri: /workspace/info2602a2/App/app.py
2024-03-20 02:26:15.917 [info] Discover tests for workspace name: info2602a2 - uri: /workspace/info2602a2/App/app.py
2024-03-20 02:26:18.304 [info] Discover tests for workspace name: info2602a2 - uri: /workspace/info2602a2/App/app.py
2024-03-20 02:27:47.803 [info] Discover tests for workspace name: info2602a2 - uri: /workspace/info2602a2/App/app.py
2024-03-20 02:27:56.253 [info] Discover tests for workspace name: info2602a2 - uri: /workspace/info2602a2/App/app.py
2024-03-20 02:28:06.341 [info] Discover tests for workspace name: info2602a2 - uri: /workspace/info2602a2/App/app.py
2024-03-20 02:28:10.078 [info] Discover tests for workspace name: info2602a2 - uri: /workspace/info2602a2/App/app.py
2024-03-20 02:28:40.430 [info] Discover tests for workspace name: info2602a2 - uri: /workspace/info2602a2/App/app.py
2024-03-20 02:30:11.688 [info] Discover tests for workspace name: info2602a2 - uri: /workspace/info2602a2/App/app.py
2024-03-20 02:30:18.346 [info] Discover tests for workspace name: info2602a2 - uri: /workspace/info2602a2/App/app.py
2024-03-20 02:30:19.909 [info] Discover tests for workspace name: info2602a2 - uri: /workspace/info2602a2/App/app.py
2024-03-20 02:30:27.922 [info] Discover tests for workspace name: info2602a2 - uri: /workspace/info2602a2/App/app.py
2024-03-20 02:30:29.811 [info] Discover tests for workspace name: info2602a2 - uri: /workspace/info2602a2/App/app.py
2024-03-20 02:32:08.251 [info] Discover tests for workspace name: info2602a2 - uri: /workspace/info2602a2/App/app.py
2024-03-20 02:32:21.636 [info] Discover tests for workspace name: info2602a2 - uri: /workspace/info2602a2/App/app.py
2024-03-20 02:32:53.506 [info] Discover tests for workspace name: info2602a2 - uri: /workspace/info2602a2/App/app.py
2024-03-20 02:33:27.924 [info] Discover tests for workspace name: info2602a2 - uri: /workspace/info2602a2/App/app.py
2024-03-20 02:33:32.028 [info] Discover tests for workspace name: info2602a2 - uri: /workspace/info2602a2/App/app.py
2024-03-20 02:33:34.057 [info] Discover tests for workspace name: info2602a2 - uri: /workspace/info2602a2/App/app.py
2024-03-20 02:33:40.036 [info] Discover tests for workspace name: info2602a2 - uri: /workspace/info2602a2/App/app.py
2024-03-20 02:34:12.750 [info] Discover tests for workspace name: info2602a2 - uri: /workspace/info2602a2/App/app.py
2024-03-20 02:36:15.049 [info] Discover tests for workspace name: info2602a2 - uri: /workspace/info2602a2/App/app.py
2024-03-20 02:36:23.832 [info] Discover tests for workspace name: info2602a2 - uri: /workspace/info2602a2/App/app.py
2024-03-20 02:36:25.366 [info] Discover tests for workspace name: info2602a2 - uri: /workspace/info2602a2/App/app.py
2024-03-20 02:36:26.060 [info] Discover tests for workspace name: info2602a2 - uri: /workspace/info2602a2/App/app.py
2024-03-20 02:41:01.984 [info] Discover tests for workspace name: info2602a2 - uri: /workspace/info2602a2/App/app.py
2024-03-20 02:41:02.720 [info] Discover tests for workspace name: info2602a2 - uri: /workspace/info2602a2/App/app.py
2024-03-20 02:41:30.747 [info] Discover tests for workspace name: info2602a2 - uri: /workspace/info2602a2/App/app.py
2024-03-20 02:42:11.167 [info] Discover tests for workspace name: info2602a2 - uri: /workspace/info2602a2/App/app.py
2024-03-20 02:42:13.233 [info] Discover tests for workspace name: info2602a2 - uri: /workspace/info2602a2/App/app.py
2024-03-20 02:42:17.858 [info] Discover tests for workspace name: info2602a2 - uri: /workspace/info2602a2/App/app.py
2024-03-20 02:42:21.396 [info] Discover tests for workspace name: info2602a2 - uri: /workspace/info2602a2/App/app.py
2024-03-20 02:42:22.949 [info] Discover tests for workspace name: info2602a2 - uri: /workspace/info2602a2/App/app.py
2024-03-20 02:43:49.839 [info] Discover tests for workspace name: info2602a2 - uri: /workspace/info2602a2/App/app.py
2024-03-20 02:45:06.097 [info] Discover tests for workspace name: info2602a2 - uri: /workspace/info2602a2/App/app.py
2024-03-20 02:45:12.597 [info] Discover tests for workspace name: info2602a2 - uri: /workspace/info2602a2/App/app.py
2024-03-20 02:45:14.401 [info] Discover tests for workspace name: info2602a2 - uri: /workspace/info2602a2/App/app.py
2024-03-20 02:45:15.573 [info] Discover tests for workspace name: info2602a2 - uri: /workspace/info2602a2/App/app.py
2024-03-20 02:45:27.577 [info] Discover tests for workspace name: info2602a2 - uri: /workspace/info2602a2/App/app.py
2024-03-20 02:45:28.386 [info] Discover tests for workspace name: info2602a2 - uri: /workspace/info2602a2/App/app.py
2024-03-20 02:47:47.672 [info] Discover tests for workspace name: info2602a2 - uri: /workspace/info2602a2/App/app.py
2024-03-20 02:47:58.243 [info] Discover tests for workspace name: info2602a2 - uri: /workspace/info2602a2/App/app.py
2024-03-20 02:48:03.274 [info] Discover tests for workspace name: info2602a2 - uri: /workspace/info2602a2/App/app.py
2024-03-20 02:48:31.666 [info] Discover tests for workspace name: info2602a2 - uri: /workspace/info2602a2/App/app.py
2024-03-20 02:49:58.102 [info] Discover tests for workspace name: info2602a2 - uri: /workspace/info2602a2/App/app.py
2024-03-20 02:53:32.913 [info] Discover tests for workspace name: info2602a2 - uri: /workspace/info2602a2/App/app.py
2024-03-20 02:54:09.002 [info] Discover tests for workspace name: info2602a2 - uri: /workspace/info2602a2/App/app.py
2024-03-20 02:54:10.224 [info] Discover tests for workspace name: info2602a2 - uri: /workspace/info2602a2/App/app.py
2024-03-20 02:54:23.624 [info] Discover tests for workspace name: info2602a2 - uri: /workspace/info2602a2/App/app.py
2024-03-20 02:55:16.589 [info] Discover tests for workspace name: info2602a2 - uri: /workspace/info2602a2/App/app.py
2024-03-20 02:55:23.034 [info] Discover tests for workspace name: info2602a2 - uri: /workspace/info2602a2/App/app.py
2024-03-20 02:55:25.404 [info] Discover tests for workspace name: info2602a2 - uri: /workspace/info2602a2/App/app.py
2024-03-20 02:55:26.924 [info] Discover tests for workspace name: info2602a2 - uri: /workspace/info2602a2/App/app.py
2024-03-20 02:56:13.283 [info] Discover tests for workspace name: info2602a2 - uri: /workspace/info2602a2/App/app.py
2024-03-20 02:56:15.069 [info] Discover tests for workspace name: info2602a2 - uri: /workspace/info2602a2/App/app.py
2024-03-20 02:56:19.852 [info] Discover tests for workspace name: info2602a2 - uri: /workspace/info2602a2/App/app.py
2024-03-20 02:56:21.128 [info] Discover tests for workspace name: info2602a2 - uri: /workspace/info2602a2/App/app.py
2024-03-20 02:56:52.284 [info] Discover tests for workspace name: info2602a2 - uri: /workspace/info2602a2/App/app.py
2024-03-20 02:58:53.442 [info] Discover tests for workspace name: info2602a2 - uri: /workspace/info2602a2/App/app.py
2024-03-20 02:58:54.007 [info] Discover tests for workspace name: info2602a2 - uri: /workspace/info2602a2/App/app.py
2024-03-20 02:59:45.670 [info] Discover tests for workspace name: info2602a2 - uri: /workspace/info2602a2/App/app.py
2024-03-20 02:59:47.888 [info] Discover tests for workspace name: info2602a2 - uri: /workspace/info2602a2/App/app.py
2024-03-20 03:00:11.570 [info] Discover tests for workspace name: info2602a2 - uri: /workspace/info2602a2/App/app.py
2024-03-20 03:00:20.259 [info] Discover tests for workspace name: info2602a2 - uri: /workspace/info2602a2/App/app.py
2024-03-20 03:00:21.338 [info] Discover tests for workspace name: info2602a2 - uri: /workspace/info2602a2/App/app.py
2024-03-20 03:00:50.556 [info] Discover tests for workspace name: info2602a2 - uri: /workspace/info2602a2/App/app.py
2024-03-20 03:00:59.203 [info] Discover tests for workspace name: info2602a2 - uri: /workspace/info2602a2/App/app.py
2024-03-20 03:01:13.000 [info] Discover tests for workspace name: info2602a2 - uri: /workspace/info2602a2/App/app.py
2024-03-20 03:01:13.546 [info] Discover tests for workspace name: info2602a2 - uri: /workspace/info2602a2/App/app.py
2024-03-20 03:05:43.870 [info] Discover tests for workspace name: info2602a2 - uri: /workspace/info2602a2/App/app.py
2024-03-20 03:05:50.958 [info] Discover tests for workspace name: info2602a2 - uri: /workspace/info2602a2/App/app.py
2024-03-20 03:05:58.556 [info] Discover tests for workspace name: info2602a2 - uri: /workspace/info2602a2/App/app.py
2024-03-20 03:06:00.182 [info] Discover tests for workspace name: info2602a2 - uri: /workspace/info2602a2/App/app.py
2024-03-20 03:06:46.916 [info] Discover tests for workspace name: info2602a2 - uri: /workspace/info2602a2/App/app.py
2024-03-20 03:07:53.333 [info] Discover tests for workspace name: info2602a2 - uri: /workspace/info2602a2/App/app.py
2024-03-20 03:07:54.661 [info] Discover tests for workspace name: info2602a2 - uri: /workspace/info2602a2/App/app.py
2024-03-20 03:07:56.438 [info] Discover tests for workspace name: info2602a2 - uri: /workspace/info2602a2/App/app.py
2024-03-20 03:08:53.225 [info] Discover tests for workspace name: info2602a2 - uri: /workspace/info2602a2/App/app.py
2024-03-20 03:08:56.432 [info] Discover tests for workspace name: info2602a2 - uri: /workspace/info2602a2/App/app.py
2024-03-20 03:08:58.140 [info] Discover tests for workspace name: info2602a2 - uri: /workspace/info2602a2/App/app.py
2024-03-20 03:10:13.390 [info] Discover tests for workspace name: info2602a2 - uri: /workspace/info2602a2/App/app.py
2024-03-20 03:10:20.829 [info] Discover tests for workspace name: info2602a2 - uri: /workspace/info2602a2/App/app.py
2024-03-20 03:10:31.934 [info] Discover tests for workspace name: info2602a2 - uri: /workspace/info2602a2/App/app.py
2024-03-20 03:12:03.540 [info] Discover tests for workspace name: info2602a2 - uri: /workspace/info2602a2/App/app.py
2024-03-20 03:12:24.452 [info] Discover tests for workspace name: info2602a2 - uri: /workspace/info2602a2/App/app.py
2024-03-20 03:12:49.413 [info] Discover tests for workspace name: info2602a2 - uri: /workspace/info2602a2/App/app.py
2024-03-20 03:12:53.095 [info] Discover tests for workspace name: info2602a2 - uri: /workspace/info2602a2/App/app.py
2024-03-20 03:15:19.306 [info] Discover tests for workspace name: info2602a2 - uri: /workspace/info2602a2/App/app.py
2024-03-20 03:15:24.288 [info] Discover tests for workspace name: info2602a2 - uri: /workspace/info2602a2/App/app.py
2024-03-20 03:15:28.452 [info] Discover tests for workspace name: info2602a2 - uri: /workspace/info2602a2/App/app.py
2024-03-20 03:15:29.113 [info] Discover tests for workspace name: info2602a2 - uri: /workspace/info2602a2/App/app.py
2024-03-20 03:16:32.359 [info] Discover tests for workspace name: info2602a2 - uri: /workspace/info2602a2/App/app.py
2024-03-20 03:16:37.269 [info] Discover tests for workspace name: info2602a2 - uri: /workspace/info2602a2/App/app.py
2024-03-20 03:16:38.481 [info] Discover tests for workspace name: info2602a2 - uri: /workspace/info2602a2/App/app.py
2024-03-20 03:16:44.135 [info] Discover tests for workspace name: info2602a2 - uri: /workspace/info2602a2/App/app.py
2024-03-20 03:16:45.477 [info] Discover tests for workspace name: info2602a2 - uri: /workspace/info2602a2/App/app.py
2024-03-20 03:16:47.630 [info] Discover tests for workspace name: info2602a2 - uri: /workspace/info2602a2/App/app.py
2024-03-20 03:16:51.365 [info] Discover tests for workspace name: info2602a2 - uri: /workspace/info2602a2/App/app.py
2024-03-20 03:17:02.403 [info] Discover tests for workspace name: info2602a2 - uri: /workspace/info2602a2/App/app.py
2024-03-20 03:17:10.301 [info] Discover tests for workspace name: info2602a2 - uri: /workspace/info2602a2/App/app.py
2024-03-20 03:17:13.811 [info] Discover tests for workspace name: info2602a2 - uri: /workspace/info2602a2/App/app.py
2024-03-20 03:19:24.319 [info] Discover tests for workspace name: info2602a2 - uri: /workspace/info2602a2/App/app.py
2024-03-20 03:19:32.004 [info] Discover tests for workspace name: info2602a2 - uri: /workspace/info2602a2/App/app.py
2024-03-20 03:19:37.923 [info] Discover tests for workspace name: info2602a2 - uri: /workspace/info2602a2/App/app.py
2024-03-20 03:25:40.127 [info] Discover tests for workspace name: info2602a2 - uri: /workspace/info2602a2/App/app.py
2024-03-20 03:26:02.488 [info] Discover tests for workspace name: info2602a2 - uri: /workspace/info2602a2/App/app.py
2024-03-20 03:26:58.168 [info] Discover tests for workspace name: info2602a2 - uri: /workspace/info2602a2/App/app.py
2024-03-20 03:27:00.591 [info] Discover tests for workspace name: info2602a2 - uri: /workspace/info2602a2/App/app.py
2024-03-20 03:27:07.655 [info] Discover tests for workspace name: info2602a2 - uri: /workspace/info2602a2/App/app.py
2024-03-20 03:27:10.121 [info] Discover tests for workspace name: info2602a2 - uri: /workspace/info2602a2/App/app.py
2024-03-20 03:27:32.858 [info] Discover tests for workspace name: info2602a2 - uri: /workspace/info2602a2/App/app.py
2024-03-20 03:28:12.031 [info] Discover tests for workspace name: info2602a2 - uri: /workspace/info2602a2/App/app.py
2024-03-20 03:28:16.132 [info] Discover tests for workspace name: info2602a2 - uri: /workspace/info2602a2/App/app.py
2024-03-20 03:28:35.510 [info] Discover tests for workspace name: info2602a2 - uri: /workspace/info2602a2/App/app.py
2024-03-20 03:28:36.375 [info] Discover tests for workspace name: info2602a2 - uri: /workspace/info2602a2/App/app.py
2024-03-20 03:37:39.536 [info] Discover tests for workspace name: info2602a2 - uri: /workspace/info2602a2/App/app.py
2024-03-20 03:37:45.500 [info] Discover tests for workspace name: info2602a2 - uri: /workspace/info2602a2/App/app.py
2024-03-20 03:37:47.748 [info] Discover tests for workspace name: info2602a2 - uri: /workspace/info2602a2/App/app.py
2024-03-20 03:37:55.457 [info] Discover tests for workspace name: info2602a2 - uri: /workspace/info2602a2/App/app.py
2024-03-20 03:37:57.885 [info] Discover tests for workspace name: info2602a2 - uri: /workspace/info2602a2/App/app.py
2024-03-20 03:38:00.256 [info] Discover tests for workspace name: info2602a2 - uri: /workspace/info2602a2/App/app.py
2024-03-20 03:38:04.866 [info] Discover tests for workspace name: info2602a2 - uri: /workspace/info2602a2/App/app.py
2024-03-20 03:38:16.508 [info] Discover tests for workspace name: info2602a2 - uri: /workspace/info2602a2/App/app.py
2024-03-20 03:39:20.411 [info] Discover tests for workspace name: info2602a2 - uri: /workspace/info2602a2/App/app.py
2024-03-20 03:40:36.724 [info] Discover tests for workspace name: info2602a2 - uri: /workspace/info2602a2/App/app.py
2024-03-20 03:40:38.793 [info] Discover tests for workspace name: info2602a2 - uri: /workspace/info2602a2/App/app.py
2024-03-20 03:40:40.868 [info] Discover tests for workspace name: info2602a2 - uri: /workspace/info2602a2/App/app.py
2024-03-20 03:41:10.314 [info] Discover tests for workspace name: info2602a2 - uri: /workspace/info2602a2/App/app.py
2024-03-20 03:41:17.972 [info] Discover tests for workspace name: info2602a2 - uri: /workspace/info2602a2/App/app.py
2024-03-20 03:51:50.797 [info] Discover tests for workspace name: info2602a2 - uri: /workspace/info2602a2/App/app.py
2024-03-20 03:51:55.229 [info] Discover tests for workspace name: info2602a2 - uri: /workspace/info2602a2/App/app.py
2024-03-20 03:52:00.130 [info] Discover tests for workspace name: info2602a2 - uri: /workspace/info2602a2/App/app.py
2024-03-20 03:52:03.172 [info] Discover tests for workspace name: info2602a2 - uri: /workspace/info2602a2/App/app.py
2024-03-20 03:52:04.668 [info] Discover tests for workspace name: info2602a2 - uri: /workspace/info2602a2/App/app.py
2024-03-20 03:52:15.495 [info] Discover tests for workspace name: info2602a2 - uri: /workspace/info2602a2/App/app.py
2024-03-20 03:52:17.987 [info] Discover tests for workspace name: info2602a2 - uri: /workspace/info2602a2/App/app.py
2024-03-20 03:52:25.569 [info] Discover tests for workspace name: info2602a2 - uri: /workspace/info2602a2/App/app.py
2024-03-20 03:52:28.400 [info] Discover tests for workspace name: info2602a2 - uri: /workspace/info2602a2/App/app.py
2024-03-20 03:52:32.845 [info] Discover tests for workspace name: info2602a2 - uri: /workspace/info2602a2/App/app.py
2024-03-20 03:52:34.495 [info] Discover tests for workspace name: info2602a2 - uri: /workspace/info2602a2/App/app.py
2024-03-20 03:52:36.848 [info] Discover tests for workspace name: info2602a2 - uri: /workspace/info2602a2/App/app.py
2024-03-20 03:52:44.163 [info] Discover tests for workspace name: info2602a2 - uri: /workspace/info2602a2/App/app.py
2024-03-20 03:52:51.635 [info] Discover tests for workspace name: info2602a2 - uri: /workspace/info2602a2/App/app.py
2024-03-20 03:52:54.245 [info] Discover tests for workspace name: info2602a2 - uri: /workspace/info2602a2/App/app.py
2024-03-20 03:52:58.419 [info] Discover tests for workspace name: info2602a2 - uri: /workspace/info2602a2/App/app.py
2024-03-20 03:53:00.209 [info] Discover tests for workspace name: info2602a2 - uri: /workspace/info2602a2/App/app.py
2024-03-20 03:53:05.271 [info] Discover tests for workspace name: info2602a2 - uri: /workspace/info2602a2/App/app.py
2024-03-20 03:53:09.078 [info] Discover tests for workspace name: info2602a2 - uri: /workspace/info2602a2/App/app.py
2024-03-20 03:53:11.498 [info] Discover tests for workspace name: info2602a2 - uri: /workspace/info2602a2/App/app.py
2024-03-20 03:53:40.125 [info] Discover tests for workspace name: info2602a2 - uri: /workspace/info2602a2/App/app.py
2024-03-20 03:53:42.434 [info] Discover tests for workspace name: info2602a2 - uri: /workspace/info2602a2/App/app.py
2024-03-20 03:53:44.347 [info] Discover tests for workspace name: info2602a2 - uri: /workspace/info2602a2/App/app.py
2024-03-20 03:53:52.385 [info] Discover tests for workspace name: info2602a2 - uri: /workspace/info2602a2/App/app.py
2024-03-20 03:53:57.441 [info] Discover tests for workspace name: info2602a2 - uri: /workspace/info2602a2/App/app.py
2024-03-20 03:54:02.894 [info] Discover tests for workspace name: info2602a2 - uri: /workspace/info2602a2/App/app.py
2024-03-20 03:54:05.906 [info] Discover tests for workspace name: info2602a2 - uri: /workspace/info2602a2/App/app.py
2024-03-20 03:54:09.681 [info] Discover tests for workspace name: info2602a2 - uri: /workspace/info2602a2/App/app.py
2024-03-20 03:54:15.089 [info] Discover tests for workspace name: info2602a2 - uri: /workspace/info2602a2/App/app.py
2024-03-20 03:54:17.643 [info] Discover tests for workspace name: info2602a2 - uri: /workspace/info2602a2/App/app.py
2024-03-20 03:54:39.965 [info] Discover tests for workspace name: info2602a2 - uri: /workspace/info2602a2/App/app.py
2024-03-20 03:54:42.820 [info] Discover tests for workspace name: info2602a2 - uri: /workspace/info2602a2/App/app.py
2024-03-20 03:54:52.389 [info] Discover tests for workspace name: info2602a2 - uri: /workspace/info2602a2/App/app.py
2024-03-20 03:55:10.064 [info] Discover tests for workspace name: info2602a2 - uri: /workspace/info2602a2/App/app.py
2024-03-20 03:55:13.525 [info] Discover tests for workspace name: info2602a2 - uri: /workspace/info2602a2/App/app.py
2024-03-20 03:55:26.987 [info] Discover tests for workspace name: info2602a2 - uri: /workspace/info2602a2/App/app.py
2024-03-20 03:55:31.779 [info] Discover tests for workspace name: info2602a2 - uri: /workspace/info2602a2/App/app.py
2024-03-20 03:55:33.306 [info] Discover tests for workspace name: info2602a2 - uri: /workspace/info2602a2/App/app.py
2024-03-20 03:55:35.389 [info] Discover tests for workspace name: info2602a2 - uri: /workspace/info2602a2/App/app.py
2024-03-20 03:55:53.085 [info] Discover tests for workspace name: info2602a2 - uri: /workspace/info2602a2/App/app.py
2024-03-20 03:56:23.669 [info] Discover tests for workspace name: info2602a2 - uri: /workspace/info2602a2/App/app.py
2024-03-20 03:56:37.287 [info] Discover tests for workspace name: info2602a2 - uri: /workspace/info2602a2/App/app.py
2024-03-20 03:56:40.613 [info] Discover tests for workspace name: info2602a2 - uri: /workspace/info2602a2/App/app.py
2024-03-20 03:56:43.692 [info] Discover tests for workspace name: info2602a2 - uri: /workspace/info2602a2/App/app.py
2024-03-20 03:59:39.868 [info] Discover tests for workspace name: info2602a2 - uri: /workspace/info2602a2/App/app.py
2024-03-20 03:59:44.387 [info] Discover tests for workspace name: info2602a2 - uri: /workspace/info2602a2/App/app.py
2024-03-20 03:59:46.837 [info] Discover tests for workspace name: info2602a2 - uri: /workspace/info2602a2/App/app.py
2024-03-20 03:59:54.132 [info] Discover tests for workspace name: info2602a2 - uri: /workspace/info2602a2/App/app.py
2024-03-20 04:00:04.943 [info] Discover tests for workspace name: info2602a2 - uri: /workspace/info2602a2/App/app.py
2024-03-20 04:00:10.480 [info] Discover tests for workspace name: info2602a2 - uri: /workspace/info2602a2/App/app.py
2024-03-20 04:00:15.712 [info] Discover tests for workspace name: info2602a2 - uri: /workspace/info2602a2/App/app.py
2024-03-20 04:00:17.097 [info] Discover tests for workspace name: info2602a2 - uri: /workspace/info2602a2/App/app.py
2024-03-20 04:00:22.374 [info] Discover tests for workspace name: info2602a2 - uri: /workspace/info2602a2/App/app.py
2024-03-20 04:01:15.827 [info] Discover tests for workspace name: info2602a2 - uri: /workspace/info2602a2/App/app.py
2024-03-20 04:01:18.500 [info] Discover tests for workspace name: info2602a2 - uri: /workspace/info2602a2/App/app.py
2024-03-20 04:01:24.448 [info] Discover tests for workspace name: info2602a2 - uri: /workspace/info2602a2/App/app.py
2024-03-20 04:01:27.132 [info] Discover tests for workspace name: info2602a2 - uri: /workspace/info2602a2/App/app.py
2024-03-20 04:02:11.514 [info] Discover tests for workspace name: info2602a2 - uri: /workspace/info2602a2/App/app.py
2024-03-20 04:02:14.568 [info] Discover tests for workspace name: info2602a2 - uri: /workspace/info2602a2/App/app.py
2024-03-20 04:02:15.160 [info] Discover tests for workspace name: info2602a2 - uri: /workspace/info2602a2/App/app.py
2024-03-20 04:09:01.041 [info] Discover tests for workspace name: info2602a2 - uri: /workspace/info2602a2/App/app.py
2024-03-20 04:09:03.293 [info] Discover tests for workspace name: info2602a2 - uri: /workspace/info2602a2/App/app.py
2024-03-20 04:10:25.679 [info] Discover tests for workspace name: info2602a2 - uri: /workspace/info2602a2/App/app.py
2024-03-20 04:10:31.201 [info] Discover tests for workspace name: info2602a2 - uri: /workspace/info2602a2/App/app.py
2024-03-20 04:10:34.525 [info] Discover tests for workspace name: info2602a2 - uri: /workspace/info2602a2/App/app.py
2024-03-20 04:10:42.993 [info] Discover tests for workspace name: info2602a2 - uri: /workspace/info2602a2/App/app.py
2024-03-20 04:10:45.964 [info] Discover tests for workspace name: info2602a2 - uri: /workspace/info2602a2/App/app.py
2024-03-20 04:11:02.384 [info] Discover tests for workspace name: info2602a2 - uri: /workspace/info2602a2/App/app.py
2024-03-20 04:13:12.795 [info] Discover tests for workspace name: info2602a2 - uri: /workspace/info2602a2/App/app.py
2024-03-20 04:13:18.786 [info] Discover tests for workspace name: info2602a2 - uri: /workspace/info2602a2/App/app.py
2024-03-20 04:13:25.062 [info] Discover tests for workspace name: info2602a2 - uri: /workspace/info2602a2/App/app.py
2024-03-20 04:13:27.569 [info] Discover tests for workspace name: info2602a2 - uri: /workspace/info2602a2/App/app.py
2024-03-20 04:13:30.143 [info] Discover tests for workspace name: info2602a2 - uri: /workspace/info2602a2/App/app.py
2024-03-20 04:13:41.147 [info] Discover tests for workspace name: info2602a2 - uri: /workspace/info2602a2/App/app.py
2024-03-20 04:14:02.558 [info] Discover tests for workspace name: info2602a2 - uri: /workspace/info2602a2/App/app.py
2024-03-20 04:14:05.578 [info] Discover tests for workspace name: info2602a2 - uri: /workspace/info2602a2/App/app.py
2024-03-20 04:14:07.074 [info] Discover tests for workspace name: info2602a2 - uri: /workspace/info2602a2/App/app.py
2024-03-20 04:14:11.788 [info] Discover tests for workspace name: info2602a2 - uri: /workspace/info2602a2/App/app.py
2024-03-20 04:14:13.791 [info] Discover tests for workspace name: info2602a2 - uri: /workspace/info2602a2/App/app.py
2024-03-20 04:14:15.462 [info] Discover tests for workspace name: info2602a2 - uri: /workspace/info2602a2/App/app.py
2024-03-20 04:14:17.256 [info] Discover tests for workspace name: info2602a2 - uri: /workspace/info2602a2/App/app.py
2024-03-20 04:14:19.829 [info] Discover tests for workspace name: info2602a2 - uri: /workspace/info2602a2/App/app.py
2024-03-20 04:14:21.985 [info] Discover tests for workspace name: info2602a2 - uri: /workspace/info2602a2/App/app.py
2024-03-20 04:14:24.261 [info] Discover tests for workspace name: info2602a2 - uri: /workspace/info2602a2/App/app.py
2024-03-20 04:14:59.949 [info] Discover tests for workspace name: info2602a2 - uri: /workspace/info2602a2/App/app.py
2024-03-20 04:15:06.987 [info] Discover tests for workspace name: info2602a2 - uri: /workspace/info2602a2/App/app.py
2024-03-20 04:15:12.785 [info] Discover tests for workspace name: info2602a2 - uri: /workspace/info2602a2/App/app.py
2024-03-20 04:15:13.470 [info] Discover tests for workspace name: info2602a2 - uri: /workspace/info2602a2/App/app.py
2024-03-20 04:15:25.073 [info] Discover tests for workspace name: info2602a2 - uri: /workspace/info2602a2/App/app.py
2024-03-20 04:15:34.951 [info] Discover tests for workspace name: info2602a2 - uri: /workspace/info2602a2/App/app.py
2024-03-20 04:15:36.964 [info] Discover tests for workspace name: info2602a2 - uri: /workspace/info2602a2/App/app.py
2024-03-20 04:23:36.558 [info] Discover tests for workspace name: info2602a2 - uri: /workspace/info2602a2/App/app.py
