2024-03-21 15:06:33.512 [info] Log level: Info
2024-03-21 15:06:33.513 [info] VSCODE_MACHINE_ID: bc6b13ee-852c-42e2-968d-e4283f3c8f90
2024-03-21 15:06:33.513 [info] VSCODE_SESSION_ID: c86b1b27-de29-4fe6-b867-41203c2fe9d11711033588340
2024-03-21 15:06:33.513 [info] VSCODE_VERSION: 1.87.1
2024-03-21 15:06:33.513 [info] VSCODE_APP_NAME: Gitpod Code
2024-03-21 15:06:33.513 [info] VSCODE_APP_HOST: Gitpod
2024-03-21 15:06:33.513 [info] VSCODE_UI_KIND: web
2024-03-21 15:06:33.513 [info] GITPOD_WORKSPACE_CONTEXT_URL: https://github.com/uwidcit/info2602a2
2024-03-21 15:06:33.513 [info] GITPOD_INSTANCE_ID: 3286fa9f-0868-45ce-acd2-3a990072db5f
2024-03-21 15:06:33.513 [info] GITPOD_WORKSPACE_URL: https://uwidcit-info2602a2-54yxl57ljoz.ws-us110.gitpod.io
2024-03-21 15:06:33.513 [info] Gitpod Web 4e069a6
2024-03-21 15:06:33.513 [info] Reading sessions from keychain...
2024-03-21 15:06:33.861 [info] Getting sessions for all scopes...
2024-03-21 15:06:33.862 [info] Getting GitHub sessions for all scopes...
2024-03-21 15:06:33.862 [info] Got stored sessions!
2024-03-21 15:06:33.862 [info] Verified session with the following scopes: function:accessCodeSyncStorage function:closePort function:controlAdmission function:deleteEnvVar function:generateNewGitpodToken function:getDefaultWorkspaceImage function:getEnvVars function:getGitpodTokenScopes function:getIDToken function:getLoggedInUser function:getOpenPorts function:getSupportedWorkspaceClasses function:getTeams function:getToken function:getWorkspace function:getWorkspaceEnvVars function:getWorkspaceOwner function:getWorkspaceTimeout function:getWorkspaceUsers function:guessGitTokenScopes function:isWorkspaceOwner function:openPort function:sendHeartBeat function:setEnvVar function:setWorkspaceTimeout function:stopWorkspace function:takeSnapshot function:trackEvent function:updateGitStatus function:waitForSnapshot resource:contentBlob::*::create/get resource:envVar::uwidcit/info2602a2::create/get/update/delete resource:gitpodToken::*::create resource:snapshot::ws-uwidcit-info2602a2-54yxl57ljoz::create resource:token::*::get resource:userStorage::*::create/get/update resource:workspace::uwidcit-info2602a2-54yxl57ljoz::get/update resource:workspaceInstance::3286fa9f-0868-45ce-acd2-3a990072db5f::get/update/delete
2024-03-21 15:06:33.862 [info] Got 1 verified sessions.
2024-03-21 15:06:33.862 [info] Got 1 sessions for all scopes...
2024-03-21 15:06:33.900 [info] Got 1 GitHub sessions for all scopes...
2024-03-21 15:06:35.821 [info] Getting sessions for all scopes...
2024-03-21 15:06:35.821 [info] Got 1 sessions for all scopes...
2024-03-21 15:06:35.827 [info] Getting GitHub sessions for all scopes...
2024-03-21 15:06:35.827 [info] Got 1 GitHub sessions for all scopes...
2024-03-21 15:06:36.317 [info] Getting GitHub sessions for read:user,repo,user:email,workflow...
2024-03-21 15:06:36.319 [info] Got 0 GitHub sessions for read:user,repo,user:email,workflow...
2024-03-21 15:06:36.727 [info] Getting GitHub sessions for project,read:org,read:user,repo,user:email,workflow...
2024-03-21 15:06:36.727 [info] Got 0 GitHub sessions for project,read:org,read:user,repo,user:email,workflow...
2024-03-21 15:06:37.017 [info] Getting sessions for all scopes...
2024-03-21 15:06:37.017 [info] Getting GitHub sessions for all scopes...
2024-03-21 15:06:37.017 [info] Got 1 sessions for all scopes...
2024-03-21 15:06:37.017 [info] Got 1 GitHub sessions for all scopes...
2024-03-21 15:06:37.139 [info] Getting GitHub sessions for read:user,repo,user:email,workflow...
2024-03-21 15:06:37.139 [info] Got 0 GitHub sessions for read:user,repo,user:email,workflow...
2024-03-21 15:06:37.188 [info] Getting sessions for all scopes...
2024-03-21 15:06:37.188 [info] Getting GitHub sessions for all scopes...
2024-03-21 15:06:37.188 [info] Got 1 sessions for all scopes...
2024-03-21 15:06:37.188 [info] Got 1 GitHub sessions for all scopes...
2024-03-21 15:06:37.582 [info] Getting GitHub sessions for read:user,repo,user:email...
2024-03-21 15:06:37.582 [info] Got 0 GitHub sessions for read:user,repo,user:email...
2024-03-21 15:06:38.162 [info] Getting GitHub sessions for read:user,repo,user:email,workflow...
2024-03-21 15:06:38.162 [info] Got 0 GitHub sessions for read:user,repo,user:email,workflow...
2024-03-21 15:06:41.069 [info] Getting GitHub sessions for all scopes...
2024-03-21 15:06:41.069 [info] Got 1 GitHub sessions for all scopes...
2024-03-21 15:06:42.572 [info] Getting sessions for function:accessCodeSyncStorage...
2024-03-21 15:06:42.576 [info] Got 1 sessions for function:accessCodeSyncStorage...
