2024-03-21 01:20:04.576 [info] Log level: Info
2024-03-21 01:20:04.576 [info] VSCODE_MACHINE_ID: bc6b13ee-852c-42e2-968d-e4283f3c8f90
2024-03-21 01:20:04.576 [info] VSCODE_SESSION_ID: 1cf1392c-3b31-4cc7-a3a9-416e66fdfffe1710983996383
2024-03-21 01:20:04.576 [info] VSCODE_VERSION: 1.87.1
2024-03-21 01:20:04.576 [info] VSCODE_APP_NAME: Gitpod Code
2024-03-21 01:20:04.576 [info] VSCODE_APP_HOST: Gitpod
2024-03-21 01:20:04.576 [info] VSCODE_UI_KIND: web
2024-03-21 01:20:04.576 [info] GITPOD_WORKSPACE_CONTEXT_URL: https://github.com/uwidcit/info2602a2
2024-03-21 01:20:04.576 [info] GITPOD_INSTANCE_ID: 73e7884c-c3bb-4d79-ad29-dbc077064e51
2024-03-21 01:20:04.576 [info] GITPOD_WORKSPACE_URL: https://uwidcit-info2602a2-54yxl57ljoz.ws-us110.gitpod.io
2024-03-21 01:20:04.576 [info] Gitpod Web 4e069a6
2024-03-21 01:20:04.576 [info] Reading sessions from keychain...
2024-03-21 01:20:05.507 [info] Getting sessions for all scopes...
2024-03-21 01:20:05.507 [info] Getting GitHub sessions for all scopes...
2024-03-21 01:20:05.507 [info] Got 1 GitHub sessions for all scopes...
2024-03-21 01:20:05.507 [info] Got stored sessions!
2024-03-21 01:20:05.508 [info] Verified session with the following scopes: function:accessCodeSyncStorage function:closePort function:controlAdmission function:deleteEnvVar function:generateNewGitpodToken function:getDefaultWorkspaceImage function:getEnvVars function:getGitpodTokenScopes function:getIDToken function:getLoggedInUser function:getOpenPorts function:getSupportedWorkspaceClasses function:getTeams function:getToken function:getWorkspace function:getWorkspaceEnvVars function:getWorkspaceOwner function:getWorkspaceTimeout function:getWorkspaceUsers function:guessGitTokenScopes function:isWorkspaceOwner function:openPort function:sendHeartBeat function:setEnvVar function:setWorkspaceTimeout function:stopWorkspace function:takeSnapshot function:trackEvent function:updateGitStatus function:waitForSnapshot resource:contentBlob::*::create/get resource:envVar::uwidcit/info2602a2::create/get/update/delete resource:gitpodToken::*::create resource:snapshot::ws-uwidcit-info2602a2-54yxl57ljoz::create resource:token::*::get resource:userStorage::*::create/get/update resource:workspace::uwidcit-info2602a2-54yxl57ljoz::get/update resource:workspaceInstance::73e7884c-c3bb-4d79-ad29-dbc077064e51::get/update/delete
2024-03-21 01:20:05.511 [info] Got 1 verified sessions.
2024-03-21 01:20:05.511 [info] Got 1 sessions for all scopes...
2024-03-21 01:20:06.192 [info] Getting GitHub sessions for all scopes...
2024-03-21 01:20:06.192 [info] Getting sessions for all scopes...
2024-03-21 01:20:06.192 [info] Got 1 GitHub sessions for all scopes...
2024-03-21 01:20:06.192 [info] Got 1 sessions for all scopes...
2024-03-21 01:20:06.773 [info] Getting GitHub sessions for read:user,repo,user:email,workflow...
2024-03-21 01:20:06.773 [info] Got 0 GitHub sessions for read:user,repo,user:email,workflow...
2024-03-21 01:20:09.338 [info] Getting GitHub sessions for project,read:org,read:user,repo,user:email,workflow...
2024-03-21 01:20:09.338 [info] Got 0 GitHub sessions for project,read:org,read:user,repo,user:email,workflow...
2024-03-21 01:20:09.892 [info] Getting GitHub sessions for read:user,repo,user:email,workflow...
2024-03-21 01:20:09.892 [info] Got 0 GitHub sessions for read:user,repo,user:email,workflow...
2024-03-21 01:20:10.788 [info] Getting GitHub sessions for read:user,repo,user:email...
2024-03-21 01:20:10.788 [info] Got 0 GitHub sessions for read:user,repo,user:email...
2024-03-21 01:20:11.221 [info] Getting GitHub sessions for read:user,repo,user:email,workflow...
2024-03-21 01:20:11.221 [info] Got 0 GitHub sessions for read:user,repo,user:email,workflow...
2024-03-21 01:20:12.162 [info] Getting sessions for all scopes...
2024-03-21 01:20:12.162 [info] Getting GitHub sessions for all scopes...
2024-03-21 01:20:12.162 [info] Got 1 sessions for all scopes...
2024-03-21 01:20:12.162 [info] Got 1 GitHub sessions for all scopes...
2024-03-21 01:20:12.495 [info] Getting sessions for all scopes...
2024-03-21 01:20:12.495 [info] Getting GitHub sessions for all scopes...
2024-03-21 01:20:12.495 [info] Got 1 sessions for all scopes...
2024-03-21 01:20:12.495 [info] Got 1 GitHub sessions for all scopes...
2024-03-21 01:20:13.268 [info] Getting GitHub sessions for all scopes...
2024-03-21 01:20:13.268 [info] Got 1 GitHub sessions for all scopes...
2024-03-21 01:20:13.626 [info] Getting sessions for function:accessCodeSyncStorage...
2024-03-21 01:20:13.629 [info] Got 1 sessions for function:accessCodeSyncStorage...
