2024-03-18 21:40:38.205 [info] Log level: Info
2024-03-18 21:40:38.276 [info] VSCODE_MACHINE_ID: bc6b13ee-852c-42e2-968d-e4283f3c8f90
2024-03-18 21:40:38.276 [info] VSCODE_SESSION_ID: 22e1a178-076c-4408-a249-295e6cd3d92d1710798009350
2024-03-18 21:40:38.276 [info] VSCODE_VERSION: 1.87.0
2024-03-18 21:40:38.276 [info] VSCODE_APP_NAME: Gitpod Code
2024-03-18 21:40:38.276 [info] VSCODE_APP_HOST: Gitpod
2024-03-18 21:40:38.276 [info] VSCODE_UI_KIND: web
2024-03-18 21:40:38.276 [info] GITPOD_WORKSPACE_CONTEXT_URL: https://github.com/uwidcit/info2602a2
2024-03-18 21:40:38.276 [info] GITPOD_INSTANCE_ID: 0ada12ce-cd10-4b52-80ae-ec49824ef547
2024-03-18 21:40:38.276 [info] GITPOD_WORKSPACE_URL: https://uwidcit-info2602a2-54yxl57ljoz.ws-us110.gitpod.io
2024-03-18 21:40:38.287 [info] Gitpod Web 4e069a6
2024-03-18 21:40:38.287 [info] Reading sessions from keychain...
2024-03-18 21:40:39.912 [info] Getting sessions for all scopes...
2024-03-18 21:40:39.912 [info] Getting GitHub sessions for all scopes...
2024-03-18 21:40:39.912 [info] Getting sessions for function:accessCodeSyncStorage...
2024-03-18 21:40:39.912 [info] Got 1 GitHub sessions for all scopes...
2024-03-18 21:40:39.913 [info] Got stored sessions!
2024-03-18 21:40:39.913 [info] Verified session with the following scopes: function:accessCodeSyncStorage function:closePort function:controlAdmission function:deleteEnvVar function:generateNewGitpodToken function:getDefaultWorkspaceImage function:getEnvVars function:getGitpodTokenScopes function:getIDToken function:getLoggedInUser function:getOpenPorts function:getSupportedWorkspaceClasses function:getTeams function:getToken function:getWorkspace function:getWorkspaceEnvVars function:getWorkspaceOwner function:getWorkspaceTimeout function:getWorkspaceUsers function:guessGitTokenScopes function:isWorkspaceOwner function:openPort function:sendHeartBeat function:setEnvVar function:setWorkspaceTimeout function:stopWorkspace function:takeSnapshot function:trackEvent function:updateGitStatus function:waitForSnapshot resource:contentBlob::*::create/get resource:envVar::uwidcit/info2602a2::create/get/update/delete resource:gitpodToken::*::create resource:snapshot::ws-uwidcit-info2602a2-54yxl57ljoz::create resource:token::*::get resource:userStorage::*::create/get/update resource:workspace::uwidcit-info2602a2-54yxl57ljoz::get/update resource:workspaceInstance::0ada12ce-cd10-4b52-80ae-ec49824ef547::get/update/delete
2024-03-18 21:40:39.913 [info] Got 1 verified sessions.
2024-03-18 21:40:39.913 [info] Got 1 sessions for all scopes...
2024-03-18 21:40:39.913 [info] Got 1 sessions for function:accessCodeSyncStorage...
2024-03-18 21:40:39.914 [info] Getting GitHub sessions for all scopes...
2024-03-18 21:40:39.914 [info] Got 1 GitHub sessions for all scopes...
2024-03-18 21:40:44.969 [info] Getting GitHub sessions for all scopes...
2024-03-18 21:40:44.969 [info] Getting sessions for all scopes...
2024-03-18 21:40:44.969 [info] Got 1 GitHub sessions for all scopes...
2024-03-18 21:40:44.969 [info] Got 1 sessions for all scopes...
2024-03-18 21:40:45.728 [info] Getting GitHub sessions for read:user,repo,user:email,workflow...
2024-03-18 21:40:45.728 [info] Got 0 GitHub sessions for read:user,repo,user:email,workflow...
2024-03-18 21:40:48.310 [info] Getting GitHub sessions for project,read:org,read:user,repo,user:email,workflow...
2024-03-18 21:40:48.310 [info] Got 0 GitHub sessions for project,read:org,read:user,repo,user:email,workflow...
2024-03-18 21:40:49.057 [info] Getting GitHub sessions for read:user,repo,user:email,workflow...
2024-03-18 21:40:49.057 [info] Got 0 GitHub sessions for read:user,repo,user:email,workflow...
2024-03-18 21:40:51.973 [info] Getting GitHub sessions for read:user,repo,user:email...
2024-03-18 21:40:51.973 [info] Got 0 GitHub sessions for read:user,repo,user:email...
2024-03-18 21:40:54.450 [info] Getting GitHub sessions for read:user,repo,user:email,workflow...
2024-03-18 21:40:54.450 [info] Got 0 GitHub sessions for read:user,repo,user:email,workflow...
