2024-03-17 03:18:55.617 [info] Log level: Info
2024-03-17 03:18:55.617 [info] Validating found git in: "git"
2024-03-17 03:18:55.617 [info] Using git "2.37.3" from "git"
2024-03-17 03:18:55.617 [info] > git rev-parse --show-toplevel [2ms]
2024-03-17 03:18:55.617 [info] > git rev-parse --git-dir --git-common-dir [1ms]
2024-03-17 03:18:55.617 [info] Open repository: /workspace/info2602a2
2024-03-17 03:18:55.617 [info] > git config --get commit.template [5ms]
2024-03-17 03:18:55.617 [info] > git rev-parse --show-toplevel [1ms]
2024-03-17 03:18:55.617 [info] > git for-each-ref --format=%(refname)%00%(upstream:short)%00%(objectname)%00%(upstream:track)%00%(upstream:remotename)%00%(upstream:remoteref) refs/heads/master refs/remotes/master [6ms]
2024-03-17 03:18:55.617 [info] > git rev-parse --show-toplevel [2ms]
2024-03-17 03:18:55.617 [warning] ENOENT: no such file or directory, open '/workspace/info2602a2/.git/refs/remotes/origin/master'
2024-03-17 03:18:55.617 [info] > git rev-parse refs/remotes/origin/master [1ms]
2024-03-17 03:18:55.617 [info] > git status -z -uall [2ms]
2024-03-17 03:18:55.617 [info] > git config --get commit.template [5ms]
2024-03-17 03:18:55.617 [info] > git for-each-ref --format=%(refname)%00%(upstream:short)%00%(objectname)%00%(upstream:track)%00%(upstream:remotename)%00%(upstream:remoteref) refs/heads/master refs/remotes/master [2ms]
2024-03-17 03:18:55.617 [warning] ENOENT: no such file or directory, open '/workspace/info2602a2/.git/refs/remotes/origin/master'
2024-03-17 03:18:55.617 [info] > git rev-parse refs/remotes/origin/master [1ms]
2024-03-17 03:18:55.617 [info] > git status -z -uall [1ms]
2024-03-17 03:18:56.421 [info] > git check-ignore -v -z --stdin [56ms]
2024-03-17 03:19:02.103 [info] > git config --local branch.master.github-pr-owner-number [2ms]
2024-03-17 03:19:02.103 [warning] git config failed: Failed to execute git
2024-03-17 03:19:35.935 [info] > git check-ignore -v -z --stdin [1ms]
2024-03-17 03:19:38.363 [info] > git show --textconv :App/app.py [11ms]
2024-03-17 03:19:38.363 [info] > git ls-files --stage -- /workspace/info2602a2/App/app.py [2ms]
2024-03-17 03:19:38.374 [info] > git cat-file -s 111d9a10cb696d7ebbb8e3968fe209161665014c [2ms]
2024-03-17 03:21:45.415 [info] > git check-ignore -v -z --stdin [1ms]
2024-03-17 03:21:46.799 [info] > git show --textconv :App/templates/home.html [9ms]
2024-03-17 03:21:46.800 [info] > git ls-files --stage -- /workspace/info2602a2/App/templates/home.html [2ms]
2024-03-17 03:21:46.807 [info] > git cat-file -s f5f659ee30a005dea2ba6bfcb6372a2ec46f4dc7 [2ms]
2024-03-17 03:24:01.443 [info] > git config --local branch.master.github-pr-owner-number [2ms]
2024-03-17 03:24:01.443 [warning] git config failed: Failed to execute git
2024-03-17 03:25:18.465 [info] > git show --textconv :App/app.py [10ms]
2024-03-17 03:25:18.466 [info] > git ls-files --stage -- /workspace/info2602a2/App/app.py [2ms]
2024-03-17 03:25:18.477 [info] > git cat-file -s 111d9a10cb696d7ebbb8e3968fe209161665014c [1ms]
2024-03-17 03:25:26.132 [info] > git config --get commit.template [12ms]
2024-03-17 03:25:26.133 [info] > git for-each-ref --format=%(refname)%00%(upstream:short)%00%(objectname)%00%(upstream:track)%00%(upstream:remotename)%00%(upstream:remoteref) refs/heads/master refs/remotes/master [3ms]
2024-03-17 03:25:26.145 [warning] ENOENT: no such file or directory, open '/workspace/info2602a2/.git/refs/remotes/origin/master'
2024-03-17 03:25:26.146 [info] > git rev-parse refs/remotes/origin/master [1ms]
2024-03-17 03:25:26.157 [info] > git status -z -uall [2ms]
2024-03-17 03:25:31.675 [info] > git config --get commit.template [11ms]
2024-03-17 03:25:31.676 [info] > git for-each-ref --format=%(refname)%00%(upstream:short)%00%(objectname)%00%(upstream:track)%00%(upstream:remotename)%00%(upstream:remoteref) refs/heads/master refs/remotes/master [2ms]
2024-03-17 03:25:31.685 [warning] ENOENT: no such file or directory, open '/workspace/info2602a2/.git/refs/remotes/origin/master'
2024-03-17 03:25:31.686 [info] > git rev-parse refs/remotes/origin/master [1ms]
2024-03-17 03:25:31.697 [info] > git status -z -uall [1ms]
2024-03-17 03:25:36.719 [info] > git config --get commit.template [9ms]
2024-03-17 03:25:36.720 [info] > git for-each-ref --format=%(refname)%00%(upstream:short)%00%(objectname)%00%(upstream:track)%00%(upstream:remotename)%00%(upstream:remoteref) refs/heads/master refs/remotes/master [2ms]
2024-03-17 03:25:36.729 [warning] ENOENT: no such file or directory, open '/workspace/info2602a2/.git/refs/remotes/origin/master'
2024-03-17 03:25:36.730 [info] > git rev-parse refs/remotes/origin/master [1ms]
2024-03-17 03:25:36.743 [info] > git status -z -uall [2ms]
2024-03-17 03:25:41.765 [info] > git config --get commit.template [8ms]
2024-03-17 03:25:41.765 [info] > git for-each-ref --format=%(refname)%00%(upstream:short)%00%(objectname)%00%(upstream:track)%00%(upstream:remotename)%00%(upstream:remoteref) refs/heads/master refs/remotes/master [2ms]
2024-03-17 03:25:41.772 [warning] ENOENT: no such file or directory, open '/workspace/info2602a2/.git/refs/remotes/origin/master'
2024-03-17 03:25:41.773 [info] > git rev-parse refs/remotes/origin/master [1ms]
2024-03-17 03:25:41.781 [info] > git status -z -uall [2ms]
2024-03-17 03:25:46.805 [info] > git config --get commit.template [10ms]
2024-03-17 03:25:46.806 [info] > git for-each-ref --format=%(refname)%00%(upstream:short)%00%(objectname)%00%(upstream:track)%00%(upstream:remotename)%00%(upstream:remoteref) refs/heads/master refs/remotes/master [2ms]
2024-03-17 03:25:46.815 [warning] ENOENT: no such file or directory, open '/workspace/info2602a2/.git/refs/remotes/origin/master'
2024-03-17 03:25:46.816 [info] > git rev-parse refs/remotes/origin/master [1ms]
2024-03-17 03:25:46.826 [info] > git status -z -uall [1ms]
2024-03-17 03:25:57.512 [info] > git config --get commit.template [7ms]
2024-03-17 03:25:57.513 [info] > git for-each-ref --format=%(refname)%00%(upstream:short)%00%(objectname)%00%(upstream:track)%00%(upstream:remotename)%00%(upstream:remoteref) refs/heads/master refs/remotes/master [2ms]
2024-03-17 03:25:57.522 [warning] ENOENT: no such file or directory, open '/workspace/info2602a2/.git/refs/remotes/origin/master'
2024-03-17 03:25:57.523 [info] > git rev-parse refs/remotes/origin/master [2ms]
2024-03-17 03:25:57.547 [info] > git status -z -uall [2ms]
2024-03-17 03:26:02.208 [info] > git show --textconv :App/models.py [8ms]
2024-03-17 03:26:02.208 [info] > git ls-files --stage -- /workspace/info2602a2/App/models.py [2ms]
2024-03-17 03:26:02.216 [info] > git cat-file -s ced916b5299f0e2cd2102beb464355a0ae097146 [2ms]
2024-03-17 03:27:55.295 [info] > git show --textconv :App/app.py [6ms]
2024-03-17 03:27:55.296 [info] > git ls-files --stage -- /workspace/info2602a2/App/app.py [1ms]
2024-03-17 03:27:55.302 [info] > git cat-file -s 111d9a10cb696d7ebbb8e3968fe209161665014c [1ms]
2024-03-17 03:28:01.418 [info] > git config --get commit.template [12ms]
2024-03-17 03:28:01.418 [info] > git for-each-ref --format=%(refname)%00%(upstream:short)%00%(objectname)%00%(upstream:track)%00%(upstream:remotename)%00%(upstream:remoteref) refs/heads/master refs/remotes/master [2ms]
2024-03-17 03:28:01.428 [warning] ENOENT: no such file or directory, open '/workspace/info2602a2/.git/refs/remotes/origin/master'
2024-03-17 03:28:01.430 [info] > git rev-parse refs/remotes/origin/master [2ms]
2024-03-17 03:28:01.440 [info] > git status -z -uall [1ms]
2024-03-17 03:28:16.851 [info] > git config --get commit.template [8ms]
2024-03-17 03:28:16.852 [info] > git for-each-ref --format=%(refname)%00%(upstream:short)%00%(objectname)%00%(upstream:track)%00%(upstream:remotename)%00%(upstream:remoteref) refs/heads/master refs/remotes/master [2ms]
2024-03-17 03:28:16.859 [warning] ENOENT: no such file or directory, open '/workspace/info2602a2/.git/refs/remotes/origin/master'
2024-03-17 03:28:16.860 [info] > git rev-parse refs/remotes/origin/master [1ms]
2024-03-17 03:28:16.868 [info] > git status -z -uall [2ms]
2024-03-17 03:28:21.885 [info] > git config --get commit.template [8ms]
2024-03-17 03:28:21.885 [info] > git for-each-ref --format=%(refname)%00%(upstream:short)%00%(objectname)%00%(upstream:track)%00%(upstream:remotename)%00%(upstream:remoteref) refs/heads/master refs/remotes/master [1ms]
2024-03-17 03:28:21.891 [warning] ENOENT: no such file or directory, open '/workspace/info2602a2/.git/refs/remotes/origin/master'
2024-03-17 03:28:21.892 [info] > git rev-parse refs/remotes/origin/master [1ms]
2024-03-17 03:28:21.899 [info] > git status -z -uall [1ms]
2024-03-17 03:28:26.923 [info] > git config --get commit.template [11ms]
2024-03-17 03:28:26.923 [info] > git for-each-ref --format=%(refname)%00%(upstream:short)%00%(objectname)%00%(upstream:track)%00%(upstream:remotename)%00%(upstream:remoteref) refs/heads/master refs/remotes/master [2ms]
2024-03-17 03:28:26.933 [warning] ENOENT: no such file or directory, open '/workspace/info2602a2/.git/refs/remotes/origin/master'
2024-03-17 03:28:26.933 [info] > git rev-parse refs/remotes/origin/master [1ms]
2024-03-17 03:28:26.945 [info] > git status -z -uall [2ms]
2024-03-17 03:28:32.057 [info] > git config --get commit.template [9ms]
2024-03-17 03:28:32.058 [info] > git for-each-ref --format=%(refname)%00%(upstream:short)%00%(objectname)%00%(upstream:track)%00%(upstream:remotename)%00%(upstream:remoteref) refs/heads/master refs/remotes/master [1ms]
2024-03-17 03:28:32.065 [warning] ENOENT: no such file or directory, open '/workspace/info2602a2/.git/refs/remotes/origin/master'
2024-03-17 03:28:32.067 [info] > git rev-parse refs/remotes/origin/master [2ms]
2024-03-17 03:28:32.076 [info] > git status -z -uall [2ms]
2024-03-17 03:28:34.736 [info] > git show --textconv :App/models.py [9ms]
2024-03-17 03:28:34.737 [info] > git ls-files --stage -- /workspace/info2602a2/App/models.py [1ms]
2024-03-17 03:28:34.748 [info] > git cat-file -s ced916b5299f0e2cd2102beb464355a0ae097146 [1ms]
2024-03-17 03:28:38.877 [info] > git show --textconv :App/app.py [11ms]
2024-03-17 03:28:38.878 [info] > git ls-files --stage -- /workspace/info2602a2/App/app.py [2ms]
2024-03-17 03:28:38.891 [info] > git cat-file -s 111d9a10cb696d7ebbb8e3968fe209161665014c [1ms]
2024-03-17 03:28:43.481 [info] > git config --get commit.template [8ms]
2024-03-17 03:28:43.481 [info] > git for-each-ref --format=%(refname)%00%(upstream:short)%00%(objectname)%00%(upstream:track)%00%(upstream:remotename)%00%(upstream:remoteref) refs/heads/master refs/remotes/master [1ms]
2024-03-17 03:28:43.488 [warning] ENOENT: no such file or directory, open '/workspace/info2602a2/.git/refs/remotes/origin/master'
2024-03-17 03:28:43.490 [info] > git rev-parse refs/remotes/origin/master [2ms]
2024-03-17 03:28:43.501 [info] > git status -z -uall [1ms]
2024-03-17 03:28:48.529 [info] > git config --get commit.template [12ms]
2024-03-17 03:28:48.529 [info] > git for-each-ref --format=%(refname)%00%(upstream:short)%00%(objectname)%00%(upstream:track)%00%(upstream:remotename)%00%(upstream:remoteref) refs/heads/master refs/remotes/master [2ms]
2024-03-17 03:28:48.540 [warning] ENOENT: no such file or directory, open '/workspace/info2602a2/.git/refs/remotes/origin/master'
2024-03-17 03:28:48.541 [info] > git rev-parse refs/remotes/origin/master [1ms]
2024-03-17 03:28:48.552 [info] > git status -z -uall [2ms]
2024-03-17 03:28:53.571 [info] > git config --get commit.template [8ms]
2024-03-17 03:28:53.572 [info] > git for-each-ref --format=%(refname)%00%(upstream:short)%00%(objectname)%00%(upstream:track)%00%(upstream:remotename)%00%(upstream:remoteref) refs/heads/master refs/remotes/master [1ms]
2024-03-17 03:28:53.579 [warning] ENOENT: no such file or directory, open '/workspace/info2602a2/.git/refs/remotes/origin/master'
2024-03-17 03:28:53.579 [info] > git rev-parse refs/remotes/origin/master [1ms]
2024-03-17 03:28:53.590 [info] > git status -z -uall [2ms]
2024-03-17 03:28:58.608 [info] > git config --get commit.template [7ms]
2024-03-17 03:28:58.608 [info] > git for-each-ref --format=%(refname)%00%(upstream:short)%00%(objectname)%00%(upstream:track)%00%(upstream:remotename)%00%(upstream:remoteref) refs/heads/master refs/remotes/master [1ms]
2024-03-17 03:28:58.615 [warning] ENOENT: no such file or directory, open '/workspace/info2602a2/.git/refs/remotes/origin/master'
2024-03-17 03:28:58.616 [info] > git rev-parse refs/remotes/origin/master [1ms]
2024-03-17 03:28:58.627 [info] > git status -z -uall [2ms]
2024-03-17 03:29:01.454 [info] > git config --local branch.master.github-pr-owner-number [1ms]
2024-03-17 03:29:01.454 [warning] git config failed: Failed to execute git
2024-03-17 03:30:04.781 [info] > git config --get commit.template [9ms]
2024-03-17 03:30:04.782 [info] > git for-each-ref --format=%(refname)%00%(upstream:short)%00%(objectname)%00%(upstream:track)%00%(upstream:remotename)%00%(upstream:remoteref) refs/heads/master refs/remotes/master [1ms]
2024-03-17 03:30:04.789 [warning] ENOENT: no such file or directory, open '/workspace/info2602a2/.git/refs/remotes/origin/master'
2024-03-17 03:30:04.790 [info] > git rev-parse refs/remotes/origin/master [1ms]
2024-03-17 03:30:04.798 [info] > git status -z -uall [1ms]
2024-03-17 03:30:09.816 [info] > git config --get commit.template [7ms]
2024-03-17 03:30:09.817 [info] > git for-each-ref --format=%(refname)%00%(upstream:short)%00%(objectname)%00%(upstream:track)%00%(upstream:remotename)%00%(upstream:remoteref) refs/heads/master refs/remotes/master [2ms]
2024-03-17 03:30:09.829 [warning] ENOENT: no such file or directory, open '/workspace/info2602a2/.git/refs/remotes/origin/master'
2024-03-17 03:30:09.831 [info] > git rev-parse refs/remotes/origin/master [3ms]
2024-03-17 03:30:09.848 [info] > git status -z -uall [4ms]
2024-03-17 03:30:14.869 [info] > git config --get commit.template [9ms]
2024-03-17 03:30:14.870 [info] > git for-each-ref --format=%(refname)%00%(upstream:short)%00%(objectname)%00%(upstream:track)%00%(upstream:remotename)%00%(upstream:remoteref) refs/heads/master refs/remotes/master [1ms]
2024-03-17 03:30:14.878 [warning] ENOENT: no such file or directory, open '/workspace/info2602a2/.git/refs/remotes/origin/master'
2024-03-17 03:30:14.880 [info] > git rev-parse refs/remotes/origin/master [2ms]
2024-03-17 03:30:14.891 [info] > git status -z -uall [2ms]
2024-03-17 03:30:19.910 [info] > git config --get commit.template [8ms]
2024-03-17 03:30:19.910 [info] > git for-each-ref --format=%(refname)%00%(upstream:short)%00%(objectname)%00%(upstream:track)%00%(upstream:remotename)%00%(upstream:remoteref) refs/heads/master refs/remotes/master [1ms]
2024-03-17 03:30:19.920 [warning] ENOENT: no such file or directory, open '/workspace/info2602a2/.git/refs/remotes/origin/master'
2024-03-17 03:30:19.922 [info] > git rev-parse refs/remotes/origin/master [2ms]
2024-03-17 03:30:19.938 [info] > git status -z -uall [3ms]
2024-03-17 03:30:24.958 [info] > git config --get commit.template [9ms]
2024-03-17 03:30:24.959 [info] > git for-each-ref --format=%(refname)%00%(upstream:short)%00%(objectname)%00%(upstream:track)%00%(upstream:remotename)%00%(upstream:remoteref) refs/heads/master refs/remotes/master [2ms]
2024-03-17 03:30:24.965 [warning] ENOENT: no such file or directory, open '/workspace/info2602a2/.git/refs/remotes/origin/master'
2024-03-17 03:30:24.967 [info] > git rev-parse refs/remotes/origin/master [2ms]
2024-03-17 03:30:24.977 [info] > git status -z -uall [2ms]
2024-03-17 03:30:29.996 [info] > git config --get commit.template [8ms]
2024-03-17 03:30:29.997 [info] > git for-each-ref --format=%(refname)%00%(upstream:short)%00%(objectname)%00%(upstream:track)%00%(upstream:remotename)%00%(upstream:remoteref) refs/heads/master refs/remotes/master [2ms]
2024-03-17 03:30:30.003 [warning] ENOENT: no such file or directory, open '/workspace/info2602a2/.git/refs/remotes/origin/master'
2024-03-17 03:30:30.004 [info] > git rev-parse refs/remotes/origin/master [1ms]
2024-03-17 03:30:30.012 [info] > git status -z -uall [2ms]
2024-03-17 03:31:45.930 [info] > git config --get commit.template [2ms]
2024-03-17 03:31:45.940 [info] > git for-each-ref --format=%(refname)%00%(upstream:short)%00%(objectname)%00%(upstream:track)%00%(upstream:remotename)%00%(upstream:remoteref) refs/heads/master refs/remotes/master [2ms]
2024-03-17 03:31:45.950 [warning] ENOENT: no such file or directory, open '/workspace/info2602a2/.git/refs/remotes/origin/master'
2024-03-17 03:31:45.951 [info] > git rev-parse refs/remotes/origin/master [1ms]
2024-03-17 03:31:45.964 [info] > git status -z -uall [2ms]
2024-03-17 03:31:50.976 [info] > git config --get commit.template [2ms]
2024-03-17 03:31:50.984 [info] > git for-each-ref --format=%(refname)%00%(upstream:short)%00%(objectname)%00%(upstream:track)%00%(upstream:remotename)%00%(upstream:remoteref) refs/heads/master refs/remotes/master [2ms]
2024-03-17 03:31:50.990 [warning] ENOENT: no such file or directory, open '/workspace/info2602a2/.git/refs/remotes/origin/master'
2024-03-17 03:31:50.991 [info] > git rev-parse refs/remotes/origin/master [1ms]
2024-03-17 03:31:50.998 [info] > git status -z -uall [1ms]
2024-03-17 03:31:56.021 [info] > git config --get commit.template [10ms]
2024-03-17 03:31:56.022 [info] > git for-each-ref --format=%(refname)%00%(upstream:short)%00%(objectname)%00%(upstream:track)%00%(upstream:remotename)%00%(upstream:remoteref) refs/heads/master refs/remotes/master [2ms]
2024-03-17 03:31:56.031 [warning] ENOENT: no such file or directory, open '/workspace/info2602a2/.git/refs/remotes/origin/master'
2024-03-17 03:31:56.032 [info] > git rev-parse refs/remotes/origin/master [1ms]
2024-03-17 03:31:56.043 [info] > git status -z -uall [1ms]
2024-03-17 03:32:01.060 [info] > git config --get commit.template [7ms]
2024-03-17 03:32:01.060 [info] > git for-each-ref --format=%(refname)%00%(upstream:short)%00%(objectname)%00%(upstream:track)%00%(upstream:remotename)%00%(upstream:remoteref) refs/heads/master refs/remotes/master [1ms]
2024-03-17 03:32:01.067 [warning] ENOENT: no such file or directory, open '/workspace/info2602a2/.git/refs/remotes/origin/master'
2024-03-17 03:32:01.068 [info] > git rev-parse refs/remotes/origin/master [1ms]
2024-03-17 03:32:01.075 [info] > git status -z -uall [2ms]
2024-03-17 03:32:06.095 [info] > git config --get commit.template [7ms]
2024-03-17 03:32:06.095 [info] > git for-each-ref --format=%(refname)%00%(upstream:short)%00%(objectname)%00%(upstream:track)%00%(upstream:remotename)%00%(upstream:remoteref) refs/heads/master refs/remotes/master [1ms]
2024-03-17 03:32:06.101 [warning] ENOENT: no such file or directory, open '/workspace/info2602a2/.git/refs/remotes/origin/master'
2024-03-17 03:32:06.103 [info] > git rev-parse refs/remotes/origin/master [1ms]
2024-03-17 03:32:06.110 [info] > git status -z -uall [2ms]
2024-03-17 03:32:11.130 [info] > git config --get commit.template [9ms]
2024-03-17 03:32:11.130 [info] > git for-each-ref --format=%(refname)%00%(upstream:short)%00%(objectname)%00%(upstream:track)%00%(upstream:remotename)%00%(upstream:remoteref) refs/heads/master refs/remotes/master [2ms]
2024-03-17 03:32:11.137 [warning] ENOENT: no such file or directory, open '/workspace/info2602a2/.git/refs/remotes/origin/master'
2024-03-17 03:32:11.138 [info] > git rev-parse refs/remotes/origin/master [1ms]
2024-03-17 03:32:11.146 [info] > git status -z -uall [2ms]
2024-03-17 03:32:16.334 [info] > git show --textconv :App/models.py [10ms]
2024-03-17 03:32:16.335 [info] > git ls-files --stage -- /workspace/info2602a2/App/models.py [2ms]
2024-03-17 03:32:16.345 [info] > git cat-file -s ced916b5299f0e2cd2102beb464355a0ae097146 [1ms]
2024-03-17 03:32:26.152 [info] > git show --textconv :App/templates/home.html [10ms]
2024-03-17 03:32:26.153 [info] > git ls-files --stage -- /workspace/info2602a2/App/templates/home.html [1ms]
2024-03-17 03:32:26.163 [info] > git cat-file -s f5f659ee30a005dea2ba6bfcb6372a2ec46f4dc7 [1ms]
2024-03-17 03:32:41.747 [info] > git config --get commit.template [8ms]
2024-03-17 03:32:41.747 [info] > git for-each-ref --format=%(refname)%00%(upstream:short)%00%(objectname)%00%(upstream:track)%00%(upstream:remotename)%00%(upstream:remoteref) refs/heads/master refs/remotes/master [1ms]
2024-03-17 03:32:41.754 [warning] ENOENT: no such file or directory, open '/workspace/info2602a2/.git/refs/remotes/origin/master'
2024-03-17 03:32:41.755 [info] > git rev-parse refs/remotes/origin/master [1ms]
2024-03-17 03:32:41.764 [info] > git status -z -uall [2ms]
2024-03-17 03:32:46.784 [info] > git config --get commit.template [7ms]
2024-03-17 03:32:46.784 [info] > git for-each-ref --format=%(refname)%00%(upstream:short)%00%(objectname)%00%(upstream:track)%00%(upstream:remotename)%00%(upstream:remoteref) refs/heads/master refs/remotes/master [1ms]
2024-03-17 03:32:46.791 [warning] ENOENT: no such file or directory, open '/workspace/info2602a2/.git/refs/remotes/origin/master'
2024-03-17 03:32:46.792 [info] > git rev-parse refs/remotes/origin/master [1ms]
2024-03-17 03:32:46.800 [info] > git status -z -uall [1ms]
2024-03-17 03:32:51.819 [info] > git config --get commit.template [7ms]
2024-03-17 03:32:51.819 [info] > git for-each-ref --format=%(refname)%00%(upstream:short)%00%(objectname)%00%(upstream:track)%00%(upstream:remotename)%00%(upstream:remoteref) refs/heads/master refs/remotes/master [1ms]
2024-03-17 03:32:51.827 [warning] ENOENT: no such file or directory, open '/workspace/info2602a2/.git/refs/remotes/origin/master'
2024-03-17 03:32:51.828 [info] > git rev-parse refs/remotes/origin/master [1ms]
2024-03-17 03:32:51.840 [info] > git status -z -uall [2ms]
2024-03-17 03:32:59.312 [info] > git config --get commit.template [8ms]
2024-03-17 03:32:59.312 [info] > git for-each-ref --format=%(refname)%00%(upstream:short)%00%(objectname)%00%(upstream:track)%00%(upstream:remotename)%00%(upstream:remoteref) refs/heads/master refs/remotes/master [1ms]
2024-03-17 03:32:59.323 [warning] ENOENT: no such file or directory, open '/workspace/info2602a2/.git/refs/remotes/origin/master'
2024-03-17 03:32:59.324 [info] > git rev-parse refs/remotes/origin/master [1ms]
2024-03-17 03:32:59.335 [info] > git status -z -uall [2ms]
2024-03-17 03:33:04.354 [info] > git config --get commit.template [8ms]
2024-03-17 03:33:04.355 [info] > git for-each-ref --format=%(refname)%00%(upstream:short)%00%(objectname)%00%(upstream:track)%00%(upstream:remotename)%00%(upstream:remoteref) refs/heads/master refs/remotes/master [1ms]
2024-03-17 03:33:04.362 [warning] ENOENT: no such file or directory, open '/workspace/info2602a2/.git/refs/remotes/origin/master'
2024-03-17 03:33:04.363 [info] > git rev-parse refs/remotes/origin/master [1ms]
2024-03-17 03:33:04.374 [info] > git status -z -uall [1ms]
2024-03-17 03:33:19.044 [info] > git config --get commit.template [7ms]
2024-03-17 03:33:19.044 [info] > git for-each-ref --format=%(refname)%00%(upstream:short)%00%(objectname)%00%(upstream:track)%00%(upstream:remotename)%00%(upstream:remoteref) refs/heads/master refs/remotes/master [1ms]
2024-03-17 03:33:19.051 [warning] ENOENT: no such file or directory, open '/workspace/info2602a2/.git/refs/remotes/origin/master'
2024-03-17 03:33:19.052 [info] > git rev-parse refs/remotes/origin/master [1ms]
2024-03-17 03:33:19.059 [info] > git status -z -uall [1ms]
2024-03-17 03:33:41.898 [info] > git config --get commit.template [1ms]
2024-03-17 03:33:41.905 [info] > git for-each-ref --format=%(refname)%00%(upstream:short)%00%(objectname)%00%(upstream:track)%00%(upstream:remotename)%00%(upstream:remoteref) refs/heads/master refs/remotes/master [1ms]
2024-03-17 03:33:41.911 [warning] ENOENT: no such file or directory, open '/workspace/info2602a2/.git/refs/remotes/origin/master'
2024-03-17 03:33:41.912 [info] > git rev-parse refs/remotes/origin/master [1ms]
2024-03-17 03:33:41.920 [info] > git status -z -uall [2ms]
2024-03-17 03:33:46.942 [info] > git config --get commit.template [10ms]
2024-03-17 03:33:46.944 [info] > git for-each-ref --format=%(refname)%00%(upstream:short)%00%(objectname)%00%(upstream:track)%00%(upstream:remotename)%00%(upstream:remoteref) refs/heads/master refs/remotes/master [1ms]
2024-03-17 03:33:46.953 [warning] ENOENT: no such file or directory, open '/workspace/info2602a2/.git/refs/remotes/origin/master'
2024-03-17 03:33:46.954 [info] > git rev-parse refs/remotes/origin/master [1ms]
2024-03-17 03:33:46.964 [info] > git status -z -uall [2ms]
2024-03-17 03:33:51.990 [info] > git config --get commit.template [11ms]
2024-03-17 03:33:51.991 [info] > git for-each-ref --format=%(refname)%00%(upstream:short)%00%(objectname)%00%(upstream:track)%00%(upstream:remotename)%00%(upstream:remoteref) refs/heads/master refs/remotes/master [2ms]
2024-03-17 03:33:52.000 [warning] ENOENT: no such file or directory, open '/workspace/info2602a2/.git/refs/remotes/origin/master'
2024-03-17 03:33:52.001 [info] > git rev-parse refs/remotes/origin/master [1ms]
2024-03-17 03:33:52.012 [info] > git status -z -uall [1ms]
2024-03-17 03:33:57.037 [info] > git config --get commit.template [11ms]
2024-03-17 03:33:57.037 [info] > git for-each-ref --format=%(refname)%00%(upstream:short)%00%(objectname)%00%(upstream:track)%00%(upstream:remotename)%00%(upstream:remoteref) refs/heads/master refs/remotes/master [1ms]
2024-03-17 03:33:57.046 [warning] ENOENT: no such file or directory, open '/workspace/info2602a2/.git/refs/remotes/origin/master'
2024-03-17 03:33:57.047 [info] > git rev-parse refs/remotes/origin/master [1ms]
2024-03-17 03:33:57.058 [info] > git status -z -uall [2ms]
2024-03-17 03:34:01.467 [info] > git config --local branch.master.github-pr-owner-number [1ms]
2024-03-17 03:34:01.467 [warning] git config failed: Failed to execute git
2024-03-17 03:34:02.078 [info] > git config --get commit.template [7ms]
2024-03-17 03:34:02.078 [info] > git for-each-ref --format=%(refname)%00%(upstream:short)%00%(objectname)%00%(upstream:track)%00%(upstream:remotename)%00%(upstream:remoteref) refs/heads/master refs/remotes/master [1ms]
2024-03-17 03:34:02.085 [warning] ENOENT: no such file or directory, open '/workspace/info2602a2/.git/refs/remotes/origin/master'
2024-03-17 03:34:02.086 [info] > git rev-parse refs/remotes/origin/master [1ms]
2024-03-17 03:34:02.095 [info] > git status -z -uall [2ms]
2024-03-17 03:34:07.550 [info] > git show --textconv :App/models.py [6ms]
2024-03-17 03:34:07.551 [info] > git ls-files --stage -- /workspace/info2602a2/App/models.py [1ms]
2024-03-17 03:34:07.558 [info] > git cat-file -s ced916b5299f0e2cd2102beb464355a0ae097146 [1ms]
2024-03-17 03:34:20.852 [info] > git show --textconv :App/templates/home.html [9ms]
2024-03-17 03:34:20.853 [info] > git ls-files --stage -- /workspace/info2602a2/App/templates/home.html [2ms]
2024-03-17 03:34:20.864 [info] > git cat-file -s f5f659ee30a005dea2ba6bfcb6372a2ec46f4dc7 [2ms]
2024-03-17 03:34:27.353 [info] > git config --get commit.template [7ms]
2024-03-17 03:34:27.354 [info] > git for-each-ref --format=%(refname)%00%(upstream:short)%00%(objectname)%00%(upstream:track)%00%(upstream:remotename)%00%(upstream:remoteref) refs/heads/master refs/remotes/master [2ms]
2024-03-17 03:34:27.360 [warning] ENOENT: no such file or directory, open '/workspace/info2602a2/.git/refs/remotes/origin/master'
2024-03-17 03:34:27.361 [info] > git rev-parse refs/remotes/origin/master [1ms]
2024-03-17 03:34:27.372 [info] > git status -z -uall [2ms]
2024-03-17 03:34:32.391 [info] > git config --get commit.template [8ms]
2024-03-17 03:34:32.392 [info] > git for-each-ref --format=%(refname)%00%(upstream:short)%00%(objectname)%00%(upstream:track)%00%(upstream:remotename)%00%(upstream:remoteref) refs/heads/master refs/remotes/master [1ms]
2024-03-17 03:34:32.400 [warning] ENOENT: no such file or directory, open '/workspace/info2602a2/.git/refs/remotes/origin/master'
2024-03-17 03:34:32.401 [info] > git rev-parse refs/remotes/origin/master [1ms]
2024-03-17 03:34:32.410 [info] > git status -z -uall [1ms]
2024-03-17 03:34:37.423 [info] > git config --get commit.template [1ms]
2024-03-17 03:34:37.435 [info] > git for-each-ref --format=%(refname)%00%(upstream:short)%00%(objectname)%00%(upstream:track)%00%(upstream:remotename)%00%(upstream:remoteref) refs/heads/master refs/remotes/master [1ms]
2024-03-17 03:34:37.445 [warning] ENOENT: no such file or directory, open '/workspace/info2602a2/.git/refs/remotes/origin/master'
2024-03-17 03:34:37.446 [info] > git rev-parse refs/remotes/origin/master [1ms]
2024-03-17 03:34:37.459 [info] > git status -z -uall [1ms]
2024-03-17 03:34:42.477 [info] > git config --get commit.template [7ms]
2024-03-17 03:34:42.477 [info] > git for-each-ref --format=%(refname)%00%(upstream:short)%00%(objectname)%00%(upstream:track)%00%(upstream:remotename)%00%(upstream:remoteref) refs/heads/master refs/remotes/master [1ms]
2024-03-17 03:34:42.485 [warning] ENOENT: no such file or directory, open '/workspace/info2602a2/.git/refs/remotes/origin/master'
2024-03-17 03:34:42.486 [info] > git rev-parse refs/remotes/origin/master [1ms]
2024-03-17 03:34:42.499 [info] > git status -z -uall [2ms]
2024-03-17 03:34:47.521 [info] > git config --get commit.template [10ms]
2024-03-17 03:34:47.522 [info] > git for-each-ref --format=%(refname)%00%(upstream:short)%00%(objectname)%00%(upstream:track)%00%(upstream:remotename)%00%(upstream:remoteref) refs/heads/master refs/remotes/master [1ms]
2024-03-17 03:34:47.532 [warning] ENOENT: no such file or directory, open '/workspace/info2602a2/.git/refs/remotes/origin/master'
2024-03-17 03:34:47.533 [info] > git rev-parse refs/remotes/origin/master [1ms]
2024-03-17 03:34:47.544 [info] > git status -z -uall [1ms]
2024-03-17 03:34:52.566 [info] > git config --get commit.template [8ms]
2024-03-17 03:34:52.567 [info] > git for-each-ref --format=%(refname)%00%(upstream:short)%00%(objectname)%00%(upstream:track)%00%(upstream:remotename)%00%(upstream:remoteref) refs/heads/master refs/remotes/master [2ms]
2024-03-17 03:34:52.574 [warning] ENOENT: no such file or directory, open '/workspace/info2602a2/.git/refs/remotes/origin/master'
2024-03-17 03:34:52.575 [info] > git rev-parse refs/remotes/origin/master [1ms]
2024-03-17 03:34:52.584 [info] > git status -z -uall [1ms]
2024-03-17 03:36:35.808 [info] > git config --get commit.template [11ms]
2024-03-17 03:36:35.809 [info] > git for-each-ref --format=%(refname)%00%(upstream:short)%00%(objectname)%00%(upstream:track)%00%(upstream:remotename)%00%(upstream:remoteref) refs/heads/master refs/remotes/master [1ms]
2024-03-17 03:36:35.819 [warning] ENOENT: no such file or directory, open '/workspace/info2602a2/.git/refs/remotes/origin/master'
2024-03-17 03:36:35.820 [info] > git rev-parse refs/remotes/origin/master [1ms]
2024-03-17 03:36:35.832 [info] > git status -z -uall [2ms]
