2024-03-19 01:57:39.074 [info] Extension host with pid 944 started
2024-03-19 01:57:39.074 [error] Error: EEXIST: file already exists, open '/workspace/.vscode-remote/data/User/workspaceStorage/200eb553/vscode.lock'
2024-03-19 01:57:39.076 [info] Lock '/workspace/.vscode-remote/data/User/workspaceStorage/200eb553/vscode.lock': Could not acquire lock, checking if the file is stale.
2024-03-19 01:57:39.077 [info] Lock '/workspace/.vscode-remote/data/User/workspaceStorage/200eb553/vscode.lock': The pid 7063 appears to be gone.
2024-03-19 01:57:39.077 [info] Lock '/workspace/.vscode-remote/data/User/workspaceStorage/200eb553/vscode.lock': Deleting a stale lock.
2024-03-19 01:57:39.079 [info] Lock '/workspace/.vscode-remote/data/User/workspaceStorage/200eb553/vscode.lock': Lock acquired.
2024-03-19 01:57:39.407 [info] ExtensionService#_doActivateExtension vscode.simple-browser, startup: false, activationEvent: 'onWebviewPanel:simpleBrowser.view'
2024-03-19 01:57:39.408 [info] ExtensionService#_doActivateExtension ms-python.debugpy, startup: false, activationEvent: 'onLanguage:python'
2024-03-19 01:57:39.408 [info] ExtensionService#_doActivateExtension ms-python.python, startup: false, activationEvent: 'onLanguage:python'
2024-03-19 01:57:39.409 [info] ExtensionService#_doActivateExtension vscode.emmet, startup: false, activationEvent: 'onLanguage'
2024-03-19 01:57:39.824 [info] ExtensionService#_doActivateExtension gitpod.gitpod-web, startup: false, activationEvent: 'onAuthenticationRequest:gitpod'
2024-03-19 01:57:40.410 [info] ExtensionService#_doActivateExtension vscode.git-base, startup: true, activationEvent: '*', root cause: vscode.git
2024-03-19 01:57:40.415 [info] ExtensionService#_doActivateExtension vscode.npm, startup: true, activationEvent: 'workspaceContains:package.json'
2024-03-19 01:57:41.934 [info] ExtensionService#_doActivateExtension vscode.git, startup: true, activationEvent: '*'
2024-03-19 01:57:41.934 [info] ExtensionService#_doActivateExtension vscode.github, startup: true, activationEvent: '*'
2024-03-19 01:57:42.921 [info] Eager extensions activated
2024-03-19 01:57:42.921 [info] ExtensionService#_doActivateExtension vscode.debug-auto-launch, startup: false, activationEvent: 'onStartupFinished'
2024-03-19 01:57:42.921 [info] ExtensionService#_doActivateExtension vscode.merge-conflict, startup: false, activationEvent: 'onStartupFinished'
2024-03-19 01:57:42.921 [info] ExtensionService#_doActivateExtension vscode.github-authentication, startup: false, activationEvent: 'onStartupFinished', root cause: GitHub.vscode-pull-request-github
2024-03-19 01:57:44.418 [info] ExtensionService#_doActivateExtension GitHub.vscode-pull-request-github, startup: false, activationEvent: 'onStartupFinished'
2024-03-19 01:57:44.996 [info] ExtensionService#_doActivateExtension redhat.vscode-yaml, startup: false, activationEvent: 'onLanguage:yaml'
2024-03-19 01:57:46.562 [warning] [redhat.vscode-yaml] Accessing a resource scoped configuration without providing a resource is not expected. To get the effective value for '[yaml]', provide the URI of a resource or 'null' for any resource.
2024-03-19 01:57:46.564 [warning] [redhat.vscode-yaml] Accessing a resource scoped configuration without providing a resource is not expected. To get the effective value for '[yaml]', provide the URI of a resource or 'null' for any resource.
2024-03-19 01:57:47.126 [info] ExtensionService#_doActivateExtension vscode.json-language-features, startup: false, activationEvent: 'onLanguage:jsonc'
2024-03-19 01:57:47.126 [info] ExtensionService#_doActivateExtension vscode.typescript-language-features, startup: false, activationEvent: 'onLanguage:jsonc'
2024-03-19 01:57:54.422 [warning] [redhat.vscode-yaml] Accessing a resource scoped configuration without providing a resource is not expected. To get the effective value for '[yaml]', provide the URI of a resource or 'null' for any resource.
2024-03-19 01:57:55.083 [warning] [redhat.vscode-yaml] Accessing a resource scoped configuration without providing a resource is not expected. To get the effective value for '[yaml]', provide the URI of a resource or 'null' for any resource.
2024-03-19 01:57:55.113 [warning] [redhat.vscode-yaml] Accessing a resource scoped configuration without providing a resource is not expected. To get the effective value for '[yaml]', provide the URI of a resource or 'null' for any resource.
2024-03-19 02:16:58.830 [info] ExtensionService#_doActivateExtension vscode.html-language-features, startup: false, activationEvent: 'onLanguage:html'
2024-03-19 02:26:30.092 [info] Extension host terminating: received terminate message from renderer
2024-03-19 02:26:30.093 [info] Lock '/workspace/.vscode-remote/data/User/workspaceStorage/200eb553/vscode.lock': Marking the lockfile as scheduled to be released in 6000 ms.
2024-03-19 02:26:30.122 [error] Canceled: Canceled
	at new $ (/ide/out/vs/workbench/api/node/extensionHostProcess.js:140:45885)
	at s.U (/ide/out/vs/workbench/api/node/extensionHostProcess.js:147:5556)
	at z.<computed>.T.charCodeAt.z.<computed> (/ide/out/vs/workbench/api/node/extensionHostProcess.js:147:3007)
	at u.g (/ide/out/vs/workbench/api/node/extensionHostProcess.js:150:184418)
	at u.executeCommand (/ide/out/vs/workbench/api/node/extensionHostProcess.js:150:183856)
	at f.registerCommand.description (/ide/out/vs/workbench/api/node/extensionHostProcess.js:150:183180)
	at u.h (/ide/out/vs/workbench/api/node/extensionHostProcess.js:150:184957)
	at u.g (/ide/out/vs/workbench/api/node/extensionHostProcess.js:150:183949)
	at u.executeCommand (/ide/out/vs/workbench/api/node/extensionHostProcess.js:150:183856)
	at Object.executeCommand (/ide/out/vs/workbench/api/node/extensionHostProcess.js:160:21654)
	at p.O [as value] (/ide/extensions/git/dist/main.js:2:943479)
	at n.y (/ide/out/vs/workbench/api/node/extensionHostProcess.js:80:1902)
	at n.z (/ide/out/vs/workbench/api/node/extensionHostProcess.js:80:1972)
	at n.fire (/ide/out/vs/workbench/api/node/extensionHostProcess.js:80:2188)
	at Object.m [as dispose] (/ide/extensions/git/dist/main.js:2:962791)
	at /ide/extensions/git/dist/main.js:2:968825
	at Array.forEach (<anonymous>)
	at f.dispose (/ide/extensions/git/dist/main.js:2:968811)
	at l.<anonymous> (/ide/out/vs/workbench/api/node/extensionHostProcess.js:148:3704)
	at l.dispose (/ide/out/vs/workbench/api/node/extensionHostProcess.js:148:3801)
	at l.<anonymous> (/ide/extensions/git/dist/main.js:2:945736)
	at l.dispose (/ide/out/vs/workbench/api/node/extensionHostProcess.js:148:3801)
	at o (/ide/out/vs/workbench/api/node/extensionHostProcess.js:30:754)
	at p.cb (/ide/out/vs/workbench/api/node/extensionHostProcess.js:156:9882)
	at /ide/out/vs/workbench/api/node/extensionHostProcess.js:156:7816
	at Array.map (<anonymous>)
	at p.Y (/ide/out/vs/workbench/api/node/extensionHostProcess.js:156:7803)
	at p.terminate (/ide/out/vs/workbench/api/node/extensionHostProcess.js:156:8076)
	at o.terminate (/ide/out/vs/workbench/api/node/extensionHostProcess.js:160:1513)
	at t (/ide/out/vs/workbench/api/node/extensionHostProcess.js:173:9949)
	at p.value (/ide/out/vs/workbench/api/node/extensionHostProcess.js:173:7996)
	at n.y (/ide/out/vs/workbench/api/node/extensionHostProcess.js:80:1902)
	at n.fire (/ide/out/vs/workbench/api/node/extensionHostProcess.js:80:2119)
	at r.fire (/ide/out/vs/workbench/api/node/extensionHostProcess.js:105:14091)
	at u.z (/ide/out/vs/workbench/api/node/extensionHostProcess.js:105:17156)
	at p.value (/ide/out/vs/workbench/api/node/extensionHostProcess.js:105:15608)
	at n.y (/ide/out/vs/workbench/api/node/extensionHostProcess.js:80:1902)
	at n.fire (/ide/out/vs/workbench/api/node/extensionHostProcess.js:80:2119)
	at p.acceptChunk (/ide/out/vs/workbench/api/node/extensionHostProcess.js:105:11865)
	at p.value (/ide/out/vs/workbench/api/node/extensionHostProcess.js:105:11152)
	at n.y (/ide/out/vs/workbench/api/node/extensionHostProcess.js:80:1902)
	at n.fire (/ide/out/vs/workbench/api/node/extensionHostProcess.js:80:2119)
	at n.z (/ide/out/vs/workbench/api/node/extensionHostProcess.js:170:19748) setContext undefined
2024-03-19 02:26:30.123 [error] Canceled: Canceled
	at new $ (/ide/out/vs/workbench/api/node/extensionHostProcess.js:140:45885)
	at s.U (/ide/out/vs/workbench/api/node/extensionHostProcess.js:147:5556)
	at z.<computed>.T.charCodeAt.z.<computed> (/ide/out/vs/workbench/api/node/extensionHostProcess.js:147:3007)
	at u.g (/ide/out/vs/workbench/api/node/extensionHostProcess.js:150:184418)
	at u.executeCommand (/ide/out/vs/workbench/api/node/extensionHostProcess.js:150:183856)
	at f.registerCommand.description (/ide/out/vs/workbench/api/node/extensionHostProcess.js:150:183180)
	at u.h (/ide/out/vs/workbench/api/node/extensionHostProcess.js:150:184957)
	at u.g (/ide/out/vs/workbench/api/node/extensionHostProcess.js:150:183949)
	at u.executeCommand (/ide/out/vs/workbench/api/node/extensionHostProcess.js:150:183856)
	at Object.executeCommand (/ide/out/vs/workbench/api/node/extensionHostProcess.js:160:21654)
	at set hasGitHubRepositories [as hasGitHubRepositories] (/ide/extensions/github/dist/extension.js:2:325214)
	at /ide/extensions/github/dist/extension.js:2:326173
	at p.value (/ide/extensions/git/dist/main.js:2:1050811)
	at n.y (/ide/out/vs/workbench/api/node/extensionHostProcess.js:80:1902)
	at n.z (/ide/out/vs/workbench/api/node/extensionHostProcess.js:80:1972)
	at n.fire (/ide/out/vs/workbench/api/node/extensionHostProcess.js:80:2188)
	at Object.m [as dispose] (/ide/extensions/git/dist/main.js:2:962791)
	at /ide/extensions/git/dist/main.js:2:968825
	at Array.forEach (<anonymous>)
	at f.dispose (/ide/extensions/git/dist/main.js:2:968811)
	at l.<anonymous> (/ide/out/vs/workbench/api/node/extensionHostProcess.js:148:3704)
	at l.dispose (/ide/out/vs/workbench/api/node/extensionHostProcess.js:148:3801)
	at l.<anonymous> (/ide/extensions/git/dist/main.js:2:945736)
	at l.dispose (/ide/out/vs/workbench/api/node/extensionHostProcess.js:148:3801)
	at o (/ide/out/vs/workbench/api/node/extensionHostProcess.js:30:754)
	at p.cb (/ide/out/vs/workbench/api/node/extensionHostProcess.js:156:9882)
	at /ide/out/vs/workbench/api/node/extensionHostProcess.js:156:7816
	at Array.map (<anonymous>)
	at p.Y (/ide/out/vs/workbench/api/node/extensionHostProcess.js:156:7803)
	at p.terminate (/ide/out/vs/workbench/api/node/extensionHostProcess.js:156:8076)
	at o.terminate (/ide/out/vs/workbench/api/node/extensionHostProcess.js:160:1513)
	at t (/ide/out/vs/workbench/api/node/extensionHostProcess.js:173:9949)
	at p.value (/ide/out/vs/workbench/api/node/extensionHostProcess.js:173:7996)
	at n.y (/ide/out/vs/workbench/api/node/extensionHostProcess.js:80:1902)
	at n.fire (/ide/out/vs/workbench/api/node/extensionHostProcess.js:80:2119)
	at r.fire (/ide/out/vs/workbench/api/node/extensionHostProcess.js:105:14091)
	at u.z (/ide/out/vs/workbench/api/node/extensionHostProcess.js:105:17156)
	at p.value (/ide/out/vs/workbench/api/node/extensionHostProcess.js:105:15608)
	at n.y (/ide/out/vs/workbench/api/node/extensionHostProcess.js:80:1902)
	at n.fire (/ide/out/vs/workbench/api/node/extensionHostProcess.js:80:2119)
	at p.acceptChunk (/ide/out/vs/workbench/api/node/extensionHostProcess.js:105:11865)
	at p.value (/ide/out/vs/workbench/api/node/extensionHostProcess.js:105:11152)
	at n.y (/ide/out/vs/workbench/api/node/extensionHostProcess.js:80:1902)
	at n.fire (/ide/out/vs/workbench/api/node/extensionHostProcess.js:80:2119)
	at n.z (/ide/out/vs/workbench/api/node/extensionHostProcess.js:170:19748) setContext undefined
2024-03-19 02:26:30.126 [error] Canceled: Canceled
	at new $ (/ide/out/vs/workbench/api/node/extensionHostProcess.js:140:45885)
	at s.U (/ide/out/vs/workbench/api/node/extensionHostProcess.js:147:5556)
	at z.<computed>.T.charCodeAt.z.<computed> (/ide/out/vs/workbench/api/node/extensionHostProcess.js:147:3007)
	at u.g (/ide/out/vs/workbench/api/node/extensionHostProcess.js:150:184418)
	at u.executeCommand (/ide/out/vs/workbench/api/node/extensionHostProcess.js:150:183856)
	at f.registerCommand.description (/ide/out/vs/workbench/api/node/extensionHostProcess.js:150:183180)
	at u.h (/ide/out/vs/workbench/api/node/extensionHostProcess.js:150:184957)
	at u.g (/ide/out/vs/workbench/api/node/extensionHostProcess.js:150:183949)
	at u.executeCommand (/ide/out/vs/workbench/api/node/extensionHostProcess.js:150:183856)
	at Object.executeCommand (/ide/out/vs/workbench/api/node/extensionHostProcess.js:160:21654)
	at e (/workspace/.vscode-remote/extensions/github.vscode-pull-request-github-0.82.0-universal/dist/extension.js:1968:1467)
	at Object.n [as setContext] (/workspace/.vscode-remote/extensions/github.vscode-pull-request-github-0.82.0-universal/dist/extension.js:1968:1582)
	at Bp.updateActiveReviewCount (/workspace/.vscode-remote/extensions/github.vscode-pull-request-github-0.82.0-universal/dist/extension.js:2031:22909)
	at Bp.removeRepo (/workspace/.vscode-remote/extensions/github.vscode-pull-request-github-0.82.0-universal/dist/extension.js:2031:24054)
	at p.value (/workspace/.vscode-remote/extensions/github.vscode-pull-request-github-0.82.0-universal/dist/extension.js:2144:4217)
	at n.y (/ide/out/vs/workbench/api/node/extensionHostProcess.js:80:1902)
	at n.z (/ide/out/vs/workbench/api/node/extensionHostProcess.js:80:1972)
	at n.fire (/ide/out/vs/workbench/api/node/extensionHostProcess.js:80:2188)
	at p.value (/workspace/.vscode-remote/extensions/github.vscode-pull-request-github-0.82.0-universal/dist/extension.js:1936:446993)
	at n.y (/ide/out/vs/workbench/api/node/extensionHostProcess.js:80:1902)
	at n.fire (/ide/out/vs/workbench/api/node/extensionHostProcess.js:80:2119)
	at /workspace/.vscode-remote/extensions/github.vscode-pull-request-github-0.82.0-universal/dist/extension.js:2031:27770
	at p.value (/ide/extensions/git/dist/main.js:2:1050811)
	at n.y (/ide/out/vs/workbench/api/node/extensionHostProcess.js:80:1902)
	at n.z (/ide/out/vs/workbench/api/node/extensionHostProcess.js:80:1972)
	at n.fire (/ide/out/vs/workbench/api/node/extensionHostProcess.js:80:2188)
	at Object.m [as dispose] (/ide/extensions/git/dist/main.js:2:962791)
	at /ide/extensions/git/dist/main.js:2:968825
	at Array.forEach (<anonymous>)
	at f.dispose (/ide/extensions/git/dist/main.js:2:968811)
	at l.<anonymous> (/ide/out/vs/workbench/api/node/extensionHostProcess.js:148:3704)
	at l.dispose (/ide/out/vs/workbench/api/node/extensionHostProcess.js:148:3801)
	at l.<anonymous> (/ide/extensions/git/dist/main.js:2:945736)
	at l.dispose (/ide/out/vs/workbench/api/node/extensionHostProcess.js:148:3801)
	at o (/ide/out/vs/workbench/api/node/extensionHostProcess.js:30:754)
	at p.cb (/ide/out/vs/workbench/api/node/extensionHostProcess.js:156:9882)
	at /ide/out/vs/workbench/api/node/extensionHostProcess.js:156:7816
	at Array.map (<anonymous>)
	at p.Y (/ide/out/vs/workbench/api/node/extensionHostProcess.js:156:7803)
	at p.terminate (/ide/out/vs/workbench/api/node/extensionHostProcess.js:156:8076)
	at o.terminate (/ide/out/vs/workbench/api/node/extensionHostProcess.js:160:1513)
	at t (/ide/out/vs/workbench/api/node/extensionHostProcess.js:173:9949)
	at p.value (/ide/out/vs/workbench/api/node/extensionHostProcess.js:173:7996)
	at n.y (/ide/out/vs/workbench/api/node/extensionHostProcess.js:80:1902)
	at n.fire (/ide/out/vs/workbench/api/node/extensionHostProcess.js:80:2119)
	at r.fire (/ide/out/vs/workbench/api/node/extensionHostProcess.js:105:14091)
	at u.z (/ide/out/vs/workbench/api/node/extensionHostProcess.js:105:17156)
	at p.value (/ide/out/vs/workbench/api/node/extensionHostProcess.js:105:15608)
	at n.y (/ide/out/vs/workbench/api/node/extensionHostProcess.js:80:1902)
	at n.fire (/ide/out/vs/workbench/api/node/extensionHostProcess.js:80:2119)
	at p.acceptChunk (/ide/out/vs/workbench/api/node/extensionHostProcess.js:105:11865)
	at p.value (/ide/out/vs/workbench/api/node/extensionHostProcess.js:105:11152)
	at n.y (/ide/out/vs/workbench/api/node/extensionHostProcess.js:80:1902)
	at n.fire (/ide/out/vs/workbench/api/node/extensionHostProcess.js:80:2119)
	at n.z (/ide/out/vs/workbench/api/node/extensionHostProcess.js:170:19748) setContext undefined
2024-03-19 02:26:30.126 [error] Canceled: Canceled
	at new $ (/ide/out/vs/workbench/api/node/extensionHostProcess.js:140:45885)
	at s.U (/ide/out/vs/workbench/api/node/extensionHostProcess.js:147:5556)
	at z.<computed>.T.charCodeAt.z.<computed> (/ide/out/vs/workbench/api/node/extensionHostProcess.js:147:3007)
	at u.g (/ide/out/vs/workbench/api/node/extensionHostProcess.js:150:184418)
	at u.executeCommand (/ide/out/vs/workbench/api/node/extensionHostProcess.js:150:183856)
	at f.registerCommand.description (/ide/out/vs/workbench/api/node/extensionHostProcess.js:150:183180)
	at u.h (/ide/out/vs/workbench/api/node/extensionHostProcess.js:150:184957)
	at u.g (/ide/out/vs/workbench/api/node/extensionHostProcess.js:150:183949)
	at u.executeCommand (/ide/out/vs/workbench/api/node/extensionHostProcess.js:150:183856)
	at Object.executeCommand (/ide/out/vs/workbench/api/node/extensionHostProcess.js:160:21654)
	at e (/workspace/.vscode-remote/extensions/github.vscode-pull-request-github-0.82.0-universal/dist/extension.js:1968:1467)
	at Object.n [as setContext] (/workspace/.vscode-remote/extensions/github.vscode-pull-request-github-0.82.0-universal/dist/extension.js:1968:1582)
	at Am.setReviewModeContexts (/workspace/.vscode-remote/extensions/github.vscode-pull-request-github-0.82.0-universal/dist/extension.js:2131:14280)
	at Am.removePrFromView (/workspace/.vscode-remote/extensions/github.vscode-pull-request-github-0.82.0-universal/dist/extension.js:2131:14907)
	at Wc.clear (/workspace/.vscode-remote/extensions/github.vscode-pull-request-github-0.82.0-universal/dist/extension.js:2012:26101)
	at Wc.dispose (/workspace/.vscode-remote/extensions/github.vscode-pull-request-github-0.82.0-universal/dist/extension.js:2014:167)
	at Um.removeReviewManager (/workspace/.vscode-remote/extensions/github.vscode-pull-request-github-0.82.0-universal/dist/extension.js:2131:45823)
	at p.value (/workspace/.vscode-remote/extensions/github.vscode-pull-request-github-0.82.0-universal/dist/extension.js:2144:4235)
	at n.y (/ide/out/vs/workbench/api/node/extensionHostProcess.js:80:1902)
	at n.z (/ide/out/vs/workbench/api/node/extensionHostProcess.js:80:1972)
	at n.fire (/ide/out/vs/workbench/api/node/extensionHostProcess.js:80:2188)
	at p.value (/workspace/.vscode-remote/extensions/github.vscode-pull-request-github-0.82.0-universal/dist/extension.js:1936:446993)
	at n.y (/ide/out/vs/workbench/api/node/extensionHostProcess.js:80:1902)
	at n.fire (/ide/out/vs/workbench/api/node/extensionHostProcess.js:80:2119)
	at /workspace/.vscode-remote/extensions/github.vscode-pull-request-github-0.82.0-universal/dist/extension.js:2031:27770
	at p.value (/ide/extensions/git/dist/main.js:2:1050811)
	at n.y (/ide/out/vs/workbench/api/node/extensionHostProcess.js:80:1902)
	at n.z (/ide/out/vs/workbench/api/node/extensionHostProcess.js:80:1972)
	at n.fire (/ide/out/vs/workbench/api/node/extensionHostProcess.js:80:2188)
	at Object.m [as dispose] (/ide/extensions/git/dist/main.js:2:962791)
	at /ide/extensions/git/dist/main.js:2:968825
	at Array.forEach (<anonymous>)
	at f.dispose (/ide/extensions/git/dist/main.js:2:968811)
	at l.<anonymous> (/ide/out/vs/workbench/api/node/extensionHostProcess.js:148:3704)
	at l.dispose (/ide/out/vs/workbench/api/node/extensionHostProcess.js:148:3801)
	at l.<anonymous> (/ide/extensions/git/dist/main.js:2:945736)
	at l.dispose (/ide/out/vs/workbench/api/node/extensionHostProcess.js:148:3801)
	at o (/ide/out/vs/workbench/api/node/extensionHostProcess.js:30:754)
	at p.cb (/ide/out/vs/workbench/api/node/extensionHostProcess.js:156:9882)
	at /ide/out/vs/workbench/api/node/extensionHostProcess.js:156:7816
	at Array.map (<anonymous>)
	at p.Y (/ide/out/vs/workbench/api/node/extensionHostProcess.js:156:7803)
	at p.terminate (/ide/out/vs/workbench/api/node/extensionHostProcess.js:156:8076)
	at o.terminate (/ide/out/vs/workbench/api/node/extensionHostProcess.js:160:1513)
	at t (/ide/out/vs/workbench/api/node/extensionHostProcess.js:173:9949)
	at p.value (/ide/out/vs/workbench/api/node/extensionHostProcess.js:173:7996)
	at n.y (/ide/out/vs/workbench/api/node/extensionHostProcess.js:80:1902)
	at n.fire (/ide/out/vs/workbench/api/node/extensionHostProcess.js:80:2119)
	at r.fire (/ide/out/vs/workbench/api/node/extensionHostProcess.js:105:14091)
	at u.z (/ide/out/vs/workbench/api/node/extensionHostProcess.js:105:17156)
	at p.value (/ide/out/vs/workbench/api/node/extensionHostProcess.js:105:15608)
	at n.y (/ide/out/vs/workbench/api/node/extensionHostProcess.js:80:1902)
	at n.fire (/ide/out/vs/workbench/api/node/extensionHostProcess.js:80:2119)
	at p.acceptChunk (/ide/out/vs/workbench/api/node/extensionHostProcess.js:105:11865)
	at p.value (/ide/out/vs/workbench/api/node/extensionHostProcess.js:105:11152)
	at n.y (/ide/out/vs/workbench/api/node/extensionHostProcess.js:80:1902)
	at n.fire (/ide/out/vs/workbench/api/node/extensionHostProcess.js:80:2119)
	at n.z (/ide/out/vs/workbench/api/node/extensionHostProcess.js:170:19748) setContext undefined
2024-03-19 02:26:30.126 [error] Canceled: Canceled
	at new $ (/ide/out/vs/workbench/api/node/extensionHostProcess.js:140:45885)
	at s.U (/ide/out/vs/workbench/api/node/extensionHostProcess.js:147:5556)
	at z.<computed>.T.charCodeAt.z.<computed> (/ide/out/vs/workbench/api/node/extensionHostProcess.js:147:3007)
	at u.g (/ide/out/vs/workbench/api/node/extensionHostProcess.js:150:184418)
	at u.executeCommand (/ide/out/vs/workbench/api/node/extensionHostProcess.js:150:183856)
	at f.registerCommand.description (/ide/out/vs/workbench/api/node/extensionHostProcess.js:150:183180)
	at u.h (/ide/out/vs/workbench/api/node/extensionHostProcess.js:150:184957)
	at u.g (/ide/out/vs/workbench/api/node/extensionHostProcess.js:150:183949)
	at u.executeCommand (/ide/out/vs/workbench/api/node/extensionHostProcess.js:150:183856)
	at Object.executeCommand (/ide/out/vs/workbench/api/node/extensionHostProcess.js:160:21654)
	at S2.reset (/workspace/.vscode-remote/extensions/github.vscode-pull-request-github-0.82.0-universal/dist/extension.js:2131:7888)
	at S2.dispose (/workspace/.vscode-remote/extensions/github.vscode-pull-request-github-0.82.0-universal/dist/extension.js:2131:8159)
	at o (/ide/out/vs/workbench/api/node/extensionHostProcess.js:30:754)
	at p.cb (/ide/out/vs/workbench/api/node/extensionHostProcess.js:156:9882)
	at /ide/out/vs/workbench/api/node/extensionHostProcess.js:156:7816
	at Array.map (<anonymous>)
	at p.Y (/ide/out/vs/workbench/api/node/extensionHostProcess.js:156:7803)
	at p.terminate (/ide/out/vs/workbench/api/node/extensionHostProcess.js:156:8076)
	at o.terminate (/ide/out/vs/workbench/api/node/extensionHostProcess.js:160:1513)
	at t (/ide/out/vs/workbench/api/node/extensionHostProcess.js:173:9949)
	at p.value (/ide/out/vs/workbench/api/node/extensionHostProcess.js:173:7996)
	at n.y (/ide/out/vs/workbench/api/node/extensionHostProcess.js:80:1902)
	at n.fire (/ide/out/vs/workbench/api/node/extensionHostProcess.js:80:2119)
	at r.fire (/ide/out/vs/workbench/api/node/extensionHostProcess.js:105:14091)
	at u.z (/ide/out/vs/workbench/api/node/extensionHostProcess.js:105:17156)
	at p.value (/ide/out/vs/workbench/api/node/extensionHostProcess.js:105:15608)
	at n.y (/ide/out/vs/workbench/api/node/extensionHostProcess.js:80:1902)
	at n.fire (/ide/out/vs/workbench/api/node/extensionHostProcess.js:80:2119)
	at p.acceptChunk (/ide/out/vs/workbench/api/node/extensionHostProcess.js:105:11865)
	at p.value (/ide/out/vs/workbench/api/node/extensionHostProcess.js:105:11152)
	at n.y (/ide/out/vs/workbench/api/node/extensionHostProcess.js:80:1902)
	at n.fire (/ide/out/vs/workbench/api/node/extensionHostProcess.js:80:2119)
	at n.z (/ide/out/vs/workbench/api/node/extensionHostProcess.js:170:19748) setContext undefined
2024-03-19 02:26:30.133 [info] Extension host with pid 944 exiting with code 0
